<!DOCTYPE html>
<html>
<head>
  
<meta http-equiv="Content-Type" content="text/html; charset=UTF-8" />

<script type="text/javascript" src="js/jquery.min.js"></script>
<script type="text/javascript" src="js/jquery.tablesorter.min.js"></script>
<script type="text/javascript" src="js/Chart.min.js"></script>
<script type="text/javascript" src="js/moment.min.js"></script>
<script type="text/javascript" src="js/bootstrap.min.js"></script>

<link rel="stylesheet" href="css/bootstrap.min.css" type="text/css"/>
<link rel="stylesheet" href="css/cucumber.css" type="text/css"/>
<link rel="stylesheet" href="css/font-awesome.min.css"/>
<link rel="shortcut icon" href="images/favicon.png"/>

<script type="text/javascript">
$(document).ready(function() {
    // this will tell tablesorter to try looking for the data-value attribute
    // if present, it'll sort by that instead
    // otherwise, it'll sort by the text content of the table cell
    $("#tablesorter").tablesorter({
        textAttribute: 'data-value',
        // ignores the first row of the header, the 'scenario', 'steps', since
        // sorting those doesn't make sense
        selectorHeaders: '> thead tr:not(.dont-sort) th',
        // use a stable sort
        sortStable: true
    });
});
</script>











  
<title>Cucumber Reports  - Feature: ActiveTransactionProviderList</title>

</head>
<body>

<nav class="navbar navbar-default navbar-fixed-top" id="navigation">
  <div class="container-fluid">
    <div class="collapse navbar-collapse">
      <p class="navbar-text navbar-left">Cucumber Report</p>
      <ul class="nav navbar-nav navbar-right">
                <li role="presentation" ><a href="overview-features.html">Features</a></li>
        <li role="presentation" ><a href="overview-tags.html">Tags</a></li>
        <li role="presentation" ><a href="overview-steps.html">Steps</a></li>
                <li role="presentation" ><a href="overview-failures.html">Failures</a></li>
      </ul>
    </div>
  </div>
</nav>


<div class="container-fluid">
  <div class="col-md-5 col-md-offset-1">
    
<table class="table table-bordered" id="build-info">
  <thead>
    <tr>
      <th>Project</th>
            <th>Date</th>
    </tr>
  </thead>
  <tbody>
    <tr class="info">
      <td>ISG-NGS</td>
            <td>18 Mar 2024, 11:59</td>
    </tr>
  </tbody>
</table>

  </div>
  <div class="col-md-3 col-md-offset-2">
      </div>
</div>


<div id="report-lead" class="container-fluid">
  <div class="col-md-10 col-md-offset-1">
    <h2>Feature Report</h2>
      </div>
</div>


<div class="container-fluid" id="report">
  <div class="row">
    <div class="col-md-10 col-md-offset-1">
      <table class="stats-table">

        
<thead>
  <tr class="header dont-sort">
          <th></th>
        <th></th>
    <th colspan="6">Steps</th>
    <th colspan="3">Scenarios</th>
    <th colspan="2">Features</th>
  </tr>
  <tr>
    <th>Feature</th>
          <th>Device</th>
        <th class="passed">Passed</th>
    <th class="failed">Failed</th>
    <th class="skipped">Skipped</th>
    <th class="pending">Pending</th>
    <th class="undefined">Undefined</th>
    <th class="total">Total</th>

    <th class="passed">Passed</th>
    <th class="failed">Failed</th>
    <th class="total">Total</th>

    <th>Duration</th>
    <th>Status</th>
  </tr>
</thead>


        <tbody>
        <tr>
          <td class="tagname">ActiveTransactionProviderList</td>
                      <td>CucumberTestReport_ActiveTransactionProviderList</td>
                    <td      class="passed"    >59</td>
          <td      class="failed"    >8</td>
          <td     class="skipped"   >5</td>
          <td >0</td>
          <td >0</td>
          <td class="total">72</td>

          <td  class="passed"    >4</td>
          <td  class="failed"    >8</td>
          <td class="total">12</td>

          <td class="duration" data-value="868709964500">14m 28s 709ms</td>
          <td class="failed">Failed</td>
        </tr>
        </tbody>

      </table>
    </div>
  </div>
</div>



<div class="container-fluid">
  <div class="row">
    <div class="col-md-10 col-md-offset-10">
      <i class="fa fa-chevron-circle-down fa-2x collapsable-control"
        onClick="javascript:$('#report .collapsable-details').collapse('show')"></i>
      <i class="fa fa-chevron-circle-up fa-2x collapsable-control"
        onClick="javascript:$('#report .collapsable-details').collapse('hide')"></i>
    </div>
  </div>
</div>


<div class="container-fluid" id="report">
  <div class="row">
    <div class="col-md-10 col-md-offset-1">
      <div class="feature">
        
<div class="tags indention">
  </div>

        
<div class="brief failed">
  <span class="keyword indention">Feature</span>
  <span class="name">ActiveTransactionProviderList</span>
  

  </div>

        <div class="description indention"></div>

        <div class="elements inner-level">
                      
<div class="element">
  
  
<div class="tags indention">
  </div>

  
  <span class="lead-duration duration">3s 440ms</span>


    <span data-toggle="collapse" class=" collapsed  collapsable-control" data-target="#element-1">
    
<div class="brief passed">
  <span class="keyword indention">Background</span>
  <span class="name"></span>
  

       <i class="chevron fa fa-fw"></i>
  </div>

  </span>
  <div class="description indention"></div>

  <div id="element-1" class="collapse collapsable-details ">
    


    
<div class="steps inner-level">
    <div data-toggle="collapse" class=" collapsed  collapsable-control" data-target="#steps-2">
    
<div class="brief passed">
  <span class="keyword indention">Steps</span>
  <span class="name"></span>
  

       <i class="chevron fa fa-fw"></i>
  </div>

  </div>

  <div id="steps-2" class="inner-level collapse collapsable-details ">
          <div class="step">
        
<div class="brief passed">
  <span class="keyword indention">Given</span>
  <span class="name">User navigates to ISG Landing Page and Login</span>
  
  <span class="lead-duration duration">3s 440ms</span>

  </div>

        


        
        

        

        
  
      </div>
      </div>
</div>


    

  </div>
</div>

                      
<div class="element">
  
  
<div class="tags indention">
  </div>

  
  <span class="lead-duration duration">41s 075ms</span>


    <span data-toggle="collapse" class=" collapsed  collapsable-control" data-target="#element-3">
    
<div class="brief passed">
  <span class="keyword indention">Scenario Outline</span>
  <span class="name">Verify user able view In Process provider and Removed providers #ProviderList</span>
  

       <i class="chevron fa fa-fw"></i>
  </div>

  </span>
  <div class="description indention"></div>

  <div id="element-3" class="collapse collapsable-details ">
    
  <div class="inner-level hooks-before">
        <div data-toggle="collapse" class=" collapsed  collapsable-control" data-target="#before-4">
      
<div class="brief passed">
  <span class="keyword indention">Hooks</span>
  <span class="name"></span>
  

       <i class="chevron fa fa-fw"></i>
  </div>

    </div>

    <div id="before-4" class="inner-level collapse collapsable-details ">
              <div class="hook">
          <div class="brief passed">
            <span class="keyword indention">Before</span>
                          <span class="location name">Hooks.setupEnvironment(Scenario)</span>
                        
  <span class="lead-duration duration">3s 647ms</span>

          </div>

                      

          
          
  
        </div>
          </div>
  </div>


    
<div class="steps inner-level">
    <div data-toggle="collapse" class=" collapsed  collapsable-control" data-target="#steps-5">
    
<div class="brief passed">
  <span class="keyword indention">Steps</span>
  <span class="name"></span>
  

       <i class="chevron fa fa-fw"></i>
  </div>

  </div>

  <div id="steps-5" class="inner-level collapse collapsable-details ">
          <div class="step">
        
<div class="brief passed">
  <span class="keyword indention">When</span>
  <span class="name">user logs in to ISG</span>
  
  <span class="lead-duration duration">7s 618ms</span>

  </div>

        


        
        

        

        
    <div class="embeddings inner-level">
                <div class="embedding indention">
        <div data-toggle="collapse" data-target="#embedding-6" class="collapsable-control">
      <a>Attachment 1 (png)</a>
      <a href="embeddings/embedding_99096721.png" download target="_blank">
        <span class="download-button glyphicon glyphicon-download-alt"></span>
      </a>
    </div>
    <div id="embedding-6" class="collapse collapsable-details">
      <div class="embedding-content">
        <img src="embeddings/embedding_99096721.png">
      </div>
    </div>
  </div>
                  <div class="embedding indention">
        <div data-toggle="collapse" data-target="#embedding-7" class="collapsable-control">
      <a>Attachment 2 (png)</a>
      <a href="embeddings/embedding_1430448063.png" download target="_blank">
        <span class="download-button glyphicon glyphicon-download-alt"></span>
      </a>
    </div>
    <div id="embedding-7" class="collapse collapsable-details">
      <div class="embedding-content">
        <img src="embeddings/embedding_1430448063.png">
      </div>
    </div>
  </div>
        </div>
  
      </div>
          <div class="step">
        
<div class="brief passed">
  <span class="keyword indention">Then</span>
  <span class="name">Verify for Active Transaction</span>
  
  <span class="lead-duration duration">14s 714ms</span>

  </div>

        


        
        

        
  <div class="outputs inner-level">
          <div class="output indention">
        <div data-toggle="collapse" class=" collapsed  collapsable-control" data-target="#output-8">
          Output 1
          <i class="chevron fa fa-fw"></i>
        </div>
        <div id="output-8" class="collapse collapsable-details " >
          
          <pre><p>[INFO]	[Assertion Pass]	Number of Active Transaction =  Active transactions (2)</p></pre>
        </div>
      </div>
      </div>

        
    <div class="embeddings inner-level">
                <div class="embedding indention">
        <div data-toggle="collapse" data-target="#embedding-9" class="collapsable-control">
      <a>Attachment 1 (png)</a>
      <a href="embeddings/embedding_400984611.png" download target="_blank">
        <span class="download-button glyphicon glyphicon-download-alt"></span>
      </a>
    </div>
    <div id="embedding-9" class="collapse collapsable-details">
      <div class="embedding-content">
        <img src="embeddings/embedding_400984611.png">
      </div>
    </div>
  </div>
        </div>
  
      </div>
          <div class="step">
        
<div class="brief passed">
  <span class="keyword indention">Then</span>
  <span class="name">User clicks on first Active Transaction</span>
  
  <span class="lead-duration duration">10s 451ms</span>

  </div>

        


        
        

        

        
    <div class="embeddings inner-level">
                <div class="embedding indention">
        <div data-toggle="collapse" data-target="#embedding-10" class="collapsable-control">
      <a>Attachment 1 (png)</a>
      <a href="embeddings/embedding_-1789919717.png" download target="_blank">
        <span class="download-button glyphicon glyphicon-download-alt"></span>
      </a>
    </div>
    <div id="embedding-10" class="collapse collapsable-details">
      <div class="embedding-content">
        <img src="embeddings/embedding_-1789919717.png">
      </div>
    </div>
  </div>
        </div>
  
      </div>
          <div class="step">
        
<div class="brief passed">
  <span class="keyword indention">Then</span>
  <span class="name">User will able to click view provider list</span>
  
  <span class="lead-duration duration">7s 639ms</span>

  </div>

        


        
        

        
  <div class="outputs inner-level">
          <div class="output indention">
        <div data-toggle="collapse" class=" collapsed  collapsable-control" data-target="#output-11">
          Output 1
          <i class="chevron fa fa-fw"></i>
        </div>
        <div id="output-11" class="collapse collapsable-details " >
          
          <pre><p>[INFO]	[Assertion Pass]	User will be redirected to provider list =  Provider list</p></pre>
        </div>
      </div>
      </div>

        
    <div class="embeddings inner-level">
                <div class="embedding indention">
        <div data-toggle="collapse" data-target="#embedding-12" class="collapsable-control">
      <a>Attachment 1 (png)</a>
      <a href="embeddings/embedding_-608209329.png" download target="_blank">
        <span class="download-button glyphicon glyphicon-download-alt"></span>
      </a>
    </div>
    <div id="embedding-12" class="collapse collapsable-details">
      <div class="embedding-content">
        <img src="embeddings/embedding_-608209329.png">
      </div>
    </div>
  </div>
        </div>
  
      </div>
          <div class="step">
        
<div class="brief passed">
  <span class="keyword indention">And</span>
  <span class="name">Able to see In Process provider &amp; Removed Provider</span>
  
  <span class="lead-duration duration">652ms</span>

  </div>

        


        
        

        
  <div class="outputs inner-level">
          <div class="output indention">
        <div data-toggle="collapse" class=" collapsed  collapsable-control" data-target="#output-13">
          Output 1
          <i class="chevron fa fa-fw"></i>
        </div>
        <div id="output-13" class="collapse collapsable-details " >
          
          <pre><p>[INFO]	[Assertion Pass]	Number of in Process provider =  In-process providers (20)</p><p>[INFO]	[Assertion Pass]	Number of removed providers are =  Removed providers (5)</p></pre>
        </div>
      </div>
      </div>

        
    <div class="embeddings inner-level">
                <div class="embedding indention">
        <div data-toggle="collapse" data-target="#embedding-14" class="collapsable-control">
      <a>Attachment 1 (png)</a>
      <a href="embeddings/embedding_-948450765.png" download target="_blank">
        <span class="download-button glyphicon glyphicon-download-alt"></span>
      </a>
    </div>
    <div id="embedding-14" class="collapse collapsable-details">
      <div class="embedding-content">
        <img src="embeddings/embedding_-948450765.png">
      </div>
    </div>
  </div>
                  <div class="embedding indention">
        <div data-toggle="collapse" data-target="#embedding-15" class="collapsable-control">
      <a>Attachment 2 (png)</a>
      <a href="embeddings/embedding_-948450765.png" download target="_blank">
        <span class="download-button glyphicon glyphicon-download-alt"></span>
      </a>
    </div>
    <div id="embedding-15" class="collapse collapsable-details">
      <div class="embedding-content">
        <img src="embeddings/embedding_-948450765.png">
      </div>
    </div>
  </div>
        </div>
  
      </div>
      </div>
</div>


    
  <div class="inner-level hooks-after">
        <div data-toggle="collapse" class=" collapsed  collapsable-control" data-target="#after-16">
      
<div class="brief passed">
  <span class="keyword indention">Hooks</span>
  <span class="name"></span>
  

       <i class="chevron fa fa-fw"></i>
  </div>

    </div>

    <div id="after-16" class="inner-level collapse collapsable-details ">
              <div class="hook">
          <div class="brief passed">
            <span class="keyword indention">After</span>
                          <span class="location name">Hooks.tearDown(Scenario)</span>
                        
  <span class="lead-duration duration">024ms</span>

          </div>

                      

          
          
  
        </div>
          </div>
  </div>

  </div>
</div>

                      
<div class="element">
  
  
<div class="tags indention">
  </div>

  
  <span class="lead-duration duration">2s 739ms</span>


    <span data-toggle="collapse" class=" collapsed  collapsable-control" data-target="#element-17">
    
<div class="brief passed">
  <span class="keyword indention">Background</span>
  <span class="name"></span>
  

       <i class="chevron fa fa-fw"></i>
  </div>

  </span>
  <div class="description indention"></div>

  <div id="element-17" class="collapse collapsable-details ">
    


    
<div class="steps inner-level">
    <div data-toggle="collapse" class=" collapsed  collapsable-control" data-target="#steps-18">
    
<div class="brief passed">
  <span class="keyword indention">Steps</span>
  <span class="name"></span>
  

       <i class="chevron fa fa-fw"></i>
  </div>

  </div>

  <div id="steps-18" class="inner-level collapse collapsable-details ">
          <div class="step">
        
<div class="brief passed">
  <span class="keyword indention">Given</span>
  <span class="name">User navigates to ISG Landing Page and Login</span>
  
  <span class="lead-duration duration">2s 739ms</span>

  </div>

        


        
        

        

        
  
      </div>
      </div>
</div>


    

  </div>
</div>

                      
<div class="element">
  
  
<div class="tags indention">
  </div>

  
  <span class="lead-duration duration">1m 49s 111ms</span>


    <span data-toggle="collapse" class=" collapsable-control" data-target="#element-19">
    
<div class="brief failed">
  <span class="keyword indention">Scenario Outline</span>
  <span class="name">Verify user able to add In Process provider#ProviderList</span>
  

       <i class="chevron fa fa-fw"></i>
  </div>

  </span>
  <div class="description indention"></div>

  <div id="element-19" class="collapse collapsable-details  in ">
    
  <div class="inner-level hooks-before">
        <div data-toggle="collapse" class=" collapsed  collapsable-control" data-target="#before-20">
      
<div class="brief passed">
  <span class="keyword indention">Hooks</span>
  <span class="name"></span>
  

       <i class="chevron fa fa-fw"></i>
  </div>

    </div>

    <div id="before-20" class="inner-level collapse collapsable-details ">
              <div class="hook">
          <div class="brief passed">
            <span class="keyword indention">Before</span>
                          <span class="location name">Hooks.setupEnvironment(Scenario)</span>
                        
  <span class="lead-duration duration">1s 821ms</span>

          </div>

                      

          
          
  
        </div>
          </div>
  </div>


    
<div class="steps inner-level">
    <div data-toggle="collapse" class=" collapsable-control" data-target="#steps-21">
    
<div class="brief failed">
  <span class="keyword indention">Steps</span>
  <span class="name"></span>
  

       <i class="chevron fa fa-fw"></i>
  </div>

  </div>

  <div id="steps-21" class="inner-level collapse collapsable-details  in ">
          <div class="step">
        
<div class="brief passed">
  <span class="keyword indention">When</span>
  <span class="name">user logs in to ISG</span>
  
  <span class="lead-duration duration">7s 188ms</span>

  </div>

        


        
        

        

        
    <div class="embeddings inner-level">
                <div class="embedding indention">
        <div data-toggle="collapse" data-target="#embedding-22" class="collapsable-control">
      <a>Attachment 1 (png)</a>
      <a href="embeddings/embedding_99096721.png" download target="_blank">
        <span class="download-button glyphicon glyphicon-download-alt"></span>
      </a>
    </div>
    <div id="embedding-22" class="collapse collapsable-details">
      <div class="embedding-content">
        <img src="embeddings/embedding_99096721.png">
      </div>
    </div>
  </div>
                  <div class="embedding indention">
        <div data-toggle="collapse" data-target="#embedding-23" class="collapsable-control">
      <a>Attachment 2 (png)</a>
      <a href="embeddings/embedding_1430448063.png" download target="_blank">
        <span class="download-button glyphicon glyphicon-download-alt"></span>
      </a>
    </div>
    <div id="embedding-23" class="collapse collapsable-details">
      <div class="embedding-content">
        <img src="embeddings/embedding_1430448063.png">
      </div>
    </div>
  </div>
        </div>
  
      </div>
          <div class="step">
        
<div class="brief passed">
  <span class="keyword indention">Then</span>
  <span class="name">Verify for Active Transaction</span>
  
  <span class="lead-duration duration">14s 246ms</span>

  </div>

        


        
        

        
  <div class="outputs inner-level">
          <div class="output indention">
        <div data-toggle="collapse" class=" collapsed  collapsable-control" data-target="#output-24">
          Output 1
          <i class="chevron fa fa-fw"></i>
        </div>
        <div id="output-24" class="collapse collapsable-details " >
          
          <pre><p>[INFO]	[Assertion Pass]	Number of Active Transaction =  Active transactions (2)</p></pre>
        </div>
      </div>
      </div>

        
    <div class="embeddings inner-level">
                <div class="embedding indention">
        <div data-toggle="collapse" data-target="#embedding-25" class="collapsable-control">
      <a>Attachment 1 (png)</a>
      <a href="embeddings/embedding_400984611.png" download target="_blank">
        <span class="download-button glyphicon glyphicon-download-alt"></span>
      </a>
    </div>
    <div id="embedding-25" class="collapse collapsable-details">
      <div class="embedding-content">
        <img src="embeddings/embedding_400984611.png">
      </div>
    </div>
  </div>
        </div>
  
      </div>
          <div class="step">
        
<div class="brief passed">
  <span class="keyword indention">Then</span>
  <span class="name">User clicks on first Active Transaction</span>
  
  <span class="lead-duration duration">10s 433ms</span>

  </div>

        


        
        

        

        
    <div class="embeddings inner-level">
                <div class="embedding indention">
        <div data-toggle="collapse" data-target="#embedding-26" class="collapsable-control">
      <a>Attachment 1 (png)</a>
      <a href="embeddings/embedding_-1789919717.png" download target="_blank">
        <span class="download-button glyphicon glyphicon-download-alt"></span>
      </a>
    </div>
    <div id="embedding-26" class="collapse collapsable-details">
      <div class="embedding-content">
        <img src="embeddings/embedding_-1789919717.png">
      </div>
    </div>
  </div>
        </div>
  
      </div>
          <div class="step">
        
<div class="brief passed">
  <span class="keyword indention">Then</span>
  <span class="name">User will able to click view provider list</span>
  
  <span class="lead-duration duration">10s 100ms</span>

  </div>

        


        
        

        
  <div class="outputs inner-level">
          <div class="output indention">
        <div data-toggle="collapse" class=" collapsed  collapsable-control" data-target="#output-27">
          Output 1
          <i class="chevron fa fa-fw"></i>
        </div>
        <div id="output-27" class="collapse collapsable-details " >
          
          <pre><p>[INFO]	[Assertion Pass]	User will be redirected to provider list =  Provider list</p></pre>
        </div>
      </div>
      </div>

        
    <div class="embeddings inner-level">
                <div class="embedding indention">
        <div data-toggle="collapse" data-target="#embedding-28" class="collapsable-control">
      <a>Attachment 1 (png)</a>
      <a href="embeddings/embedding_-948450765.png" download target="_blank">
        <span class="download-button glyphicon glyphicon-download-alt"></span>
      </a>
    </div>
    <div id="embedding-28" class="collapse collapsable-details">
      <div class="embedding-content">
        <img src="embeddings/embedding_-948450765.png">
      </div>
    </div>
  </div>
        </div>
  
      </div>
          <div class="step">
        
<div class="brief failed">
  <span class="keyword indention">And</span>
  <span class="name">Able to see In Process provider &amp; add provider</span>
  
  <span class="lead-duration duration">1m 7s 142ms</span>

  </div>

        

  <div class="inner-level">
    <div class="message indention">
      <div data-toggle="collapse" class=" collapsable-control" data-target="#msg-29">
          <a>org.openqa.selenium.NoSuchElementException: no such element: Unable to locate element: {&quot;method&quot;:&quot;xpath&quot;,&quot;selector&quot;:&quot;//textarea[@class='form-control ng-pristine ng-valid ng-touched']&quot;}</a>
      </div>
      <div id="msg-29" class="collapse collapsable-details  in ">
        <pre>org.openqa.selenium.NoSuchElementException: no such element: Unable to locate element: {&quot;method&quot;:&quot;xpath&quot;,&quot;selector&quot;:&quot;//textarea[@class='form-control ng-pristine ng-valid ng-touched']&quot;}
  (Session info: chrome=122.0.6261.128)
For documentation on this error, please visit: https://www.seleniumhq.org/exceptions/no_such_element.html
Build info: version: '3.141.59', revision: 'e82be7d358', time: '2018-11-14T08:17:03'
System info: host: 'EUROW42SLPC5721', ip: '192.168.29.116', os.name: 'Windows 10', os.arch: 'amd64', os.version: '10.0', java.version: '1.8.0_221'
Driver info: org.openqa.selenium.chrome.ChromeDriver
Capabilities {acceptInsecureCerts: false, browserName: chrome, browserVersion: 122.0.6261.128, chrome: {chromedriverVersion: 122.0.6261.128 (f18a44fedeb..., userDataDir: C:\Users\vs106039\AppData\L...}, fedcm:accounts: true, goog:chromeOptions: {debuggerAddress: localhost:52926}, javascriptEnabled: true, networkConnectionEnabled: false, pageLoadStrategy: normal, platform: WINDOWS, platformName: WINDOWS, proxy: Proxy(), setWindowRect: true, strictFileInteractability: false, timeouts: {implicit: 0, pageLoad: 300000, script: 30000}, unhandledPromptBehavior: dismiss and notify, webauthn:extension:credBlob: true, webauthn:extension:largeBlob: true, webauthn:extension:minPinLength: true, webauthn:extension:prf: true, webauthn:virtualAuthenticators: true}
Session ID: b003a7735bde17d69dc390e00c56bd3a
*** Element info: {Using=xpath, value=//textarea[@class='form-control ng-pristine ng-valid ng-touched']}
	at sun.reflect.GeneratedConstructorAccessor84.newInstance(Unknown Source)
	at sun.reflect.DelegatingConstructorAccessorImpl.newInstance(DelegatingConstructorAccessorImpl.java:45)
	at java.lang.reflect.Constructor.newInstance(Constructor.java:423)
	at org.openqa.selenium.remote.http.W3CHttpResponseCodec.createException(W3CHttpResponseCodec.java:187)
	at org.openqa.selenium.remote.http.W3CHttpResponseCodec.decode(W3CHttpResponseCodec.java:122)
	at org.openqa.selenium.remote.http.W3CHttpResponseCodec.decode(W3CHttpResponseCodec.java:49)
	at org.openqa.selenium.remote.HttpCommandExecutor.execute(HttpCommandExecutor.java:158)
	at org.openqa.selenium.remote.service.DriverCommandExecutor.execute(DriverCommandExecutor.java:83)
	at org.openqa.selenium.remote.RemoteWebDriver.execute(RemoteWebDriver.java:552)
	at org.openqa.selenium.remote.RemoteWebDriver.findElement(RemoteWebDriver.java:323)
	at org.openqa.selenium.remote.RemoteWebDriver.findElementByXPath(RemoteWebDriver.java:428)
	at org.openqa.selenium.By$ByXPath.findElement(By.java:353)
	at org.openqa.selenium.remote.RemoteWebDriver.findElement(RemoteWebDriver.java:315)
	at sun.reflect.GeneratedMethodAccessor6.invoke(Unknown Source)
	at sun.reflect.DelegatingMethodAccessorImpl.invoke(DelegatingMethodAccessorImpl.java:43)
	at java.lang.reflect.Method.invoke(Method.java:498)
	at org.openqa.selenium.support.events.EventFiringWebDriver.lambda$new$1(EventFiringWebDriver.java:105)
	at com.sun.proxy.$Proxy25.findElement(Unknown Source)
	at org.openqa.selenium.support.events.EventFiringWebDriver.findElement(EventFiringWebDriver.java:194)
	at org.openqa.selenium.support.pagefactory.DefaultElementLocator.findElement(DefaultElementLocator.java:69)
	at org.openqa.selenium.support.pagefactory.internal.LocatingElementHandler.invoke(LocatingElementHandler.java:38)
	at com.sun.proxy.$Proxy28.isDisplayed(Unknown Source)
	at com.zensar.scriptutils.GlobalFunction.waitForElement(GlobalFunction.java:1677)
	at com.zensar.pageobjects.ProjectDetails.addProvider(ProjectDetails.java:244)
	at com.zensar.stepDefinations.ActiveTransactionProviderListStepDefinitions.able_to_see_In_Process_provider_add_provider(ActiveTransactionProviderListStepDefinitions.java:31)
	at &#10045;.Able to see In Process provider &amp; add provider(src/main/java/com/zensar/features/ActiveTransactionProviderList.feature:22)
</pre>
      </div>
    </div>
  </div>


        
        

        

        
    <div class="embeddings inner-level">
                <div class="embedding indention">
        <div data-toggle="collapse" data-target="#embedding-30" class="collapsable-control">
      <a>Attachment 1 (png)</a>
      <a href="embeddings/embedding_-905530317.png" download target="_blank">
        <span class="download-button glyphicon glyphicon-download-alt"></span>
      </a>
    </div>
    <div id="embedding-30" class="collapse collapsable-details">
      <div class="embedding-content">
        <img src="embeddings/embedding_-905530317.png">
      </div>
    </div>
  </div>
        </div>
  
      </div>
      </div>
</div>


    
  <div class="inner-level hooks-after">
        <div data-toggle="collapse" class=" collapsed  collapsable-control" data-target="#after-31">
      
<div class="brief passed">
  <span class="keyword indention">Hooks</span>
  <span class="name"></span>
  

       <i class="chevron fa fa-fw"></i>
  </div>

    </div>

    <div id="after-31" class="inner-level collapse collapsable-details ">
              <div class="hook">
          <div class="brief passed">
            <span class="keyword indention">After</span>
                          <span class="location name">Hooks.tearDown(Scenario)</span>
                        
  <span class="lead-duration duration">025ms</span>

          </div>

                      

          
          
  
        </div>
          </div>
  </div>

  </div>
</div>

                      
<div class="element">
  
  
<div class="tags indention">
  </div>

  
  <span class="lead-duration duration">2s 842ms</span>


    <span data-toggle="collapse" class=" collapsed  collapsable-control" data-target="#element-32">
    
<div class="brief passed">
  <span class="keyword indention">Background</span>
  <span class="name"></span>
  

       <i class="chevron fa fa-fw"></i>
  </div>

  </span>
  <div class="description indention"></div>

  <div id="element-32" class="collapse collapsable-details ">
    


    
<div class="steps inner-level">
    <div data-toggle="collapse" class=" collapsed  collapsable-control" data-target="#steps-33">
    
<div class="brief passed">
  <span class="keyword indention">Steps</span>
  <span class="name"></span>
  

       <i class="chevron fa fa-fw"></i>
  </div>

  </div>

  <div id="steps-33" class="inner-level collapse collapsable-details ">
          <div class="step">
        
<div class="brief passed">
  <span class="keyword indention">Given</span>
  <span class="name">User navigates to ISG Landing Page and Login</span>
  
  <span class="lead-duration duration">2s 842ms</span>

  </div>

        


        
        

        

        
  
      </div>
      </div>
</div>


    

  </div>
</div>

                      
<div class="element">
  
  
<div class="tags indention">
  </div>

  
  <span class="lead-duration duration">44s 432ms</span>


    <span data-toggle="collapse" class=" collapsable-control" data-target="#element-34">
    
<div class="brief failed">
  <span class="keyword indention">Scenario Outline</span>
  <span class="name">Verify user able to Delete In Process provider#ProviderList</span>
  

       <i class="chevron fa fa-fw"></i>
  </div>

  </span>
  <div class="description indention"></div>

  <div id="element-34" class="collapse collapsable-details  in ">
    
  <div class="inner-level hooks-before">
        <div data-toggle="collapse" class=" collapsed  collapsable-control" data-target="#before-35">
      
<div class="brief passed">
  <span class="keyword indention">Hooks</span>
  <span class="name"></span>
  

       <i class="chevron fa fa-fw"></i>
  </div>

    </div>

    <div id="before-35" class="inner-level collapse collapsable-details ">
              <div class="hook">
          <div class="brief passed">
            <span class="keyword indention">Before</span>
                          <span class="location name">Hooks.setupEnvironment(Scenario)</span>
                        
  <span class="lead-duration duration">1s 879ms</span>

          </div>

                      

          
          
  
        </div>
          </div>
  </div>


    
<div class="steps inner-level">
    <div data-toggle="collapse" class=" collapsable-control" data-target="#steps-36">
    
<div class="brief failed">
  <span class="keyword indention">Steps</span>
  <span class="name"></span>
  

       <i class="chevron fa fa-fw"></i>
  </div>

  </div>

  <div id="steps-36" class="inner-level collapse collapsable-details  in ">
          <div class="step">
        
<div class="brief passed">
  <span class="keyword indention">When</span>
  <span class="name">user logs in to ISG</span>
  
  <span class="lead-duration duration">7s 505ms</span>

  </div>

        


        
        

        

        
    <div class="embeddings inner-level">
                <div class="embedding indention">
        <div data-toggle="collapse" data-target="#embedding-37" class="collapsable-control">
      <a>Attachment 1 (png)</a>
      <a href="embeddings/embedding_1633413969.png" download target="_blank">
        <span class="download-button glyphicon glyphicon-download-alt"></span>
      </a>
    </div>
    <div id="embedding-37" class="collapse collapsable-details">
      <div class="embedding-content">
        <img src="embeddings/embedding_1633413969.png">
      </div>
    </div>
  </div>
                  <div class="embedding indention">
        <div data-toggle="collapse" data-target="#embedding-38" class="collapsable-control">
      <a>Attachment 2 (png)</a>
      <a href="embeddings/embedding_1430448063.png" download target="_blank">
        <span class="download-button glyphicon glyphicon-download-alt"></span>
      </a>
    </div>
    <div id="embedding-38" class="collapse collapsable-details">
      <div class="embedding-content">
        <img src="embeddings/embedding_1430448063.png">
      </div>
    </div>
  </div>
        </div>
  
      </div>
          <div class="step">
        
<div class="brief passed">
  <span class="keyword indention">Then</span>
  <span class="name">Verify for Active Transaction</span>
  
  <span class="lead-duration duration">15s 025ms</span>

  </div>

        


        
        

        
  <div class="outputs inner-level">
          <div class="output indention">
        <div data-toggle="collapse" class=" collapsed  collapsable-control" data-target="#output-39">
          Output 1
          <i class="chevron fa fa-fw"></i>
        </div>
        <div id="output-39" class="collapse collapsable-details " >
          
          <pre><p>[INFO]	[Assertion Pass]	Number of Active Transaction =  Active transactions (2)</p></pre>
        </div>
      </div>
      </div>

        
    <div class="embeddings inner-level">
                <div class="embedding indention">
        <div data-toggle="collapse" data-target="#embedding-40" class="collapsable-control">
      <a>Attachment 1 (png)</a>
      <a href="embeddings/embedding_400984611.png" download target="_blank">
        <span class="download-button glyphicon glyphicon-download-alt"></span>
      </a>
    </div>
    <div id="embedding-40" class="collapse collapsable-details">
      <div class="embedding-content">
        <img src="embeddings/embedding_400984611.png">
      </div>
    </div>
  </div>
        </div>
  
      </div>
          <div class="step">
        
<div class="brief passed">
  <span class="keyword indention">Then</span>
  <span class="name">User clicks on first Active Transaction</span>
  
  <span class="lead-duration duration">10s 421ms</span>

  </div>

        


        
        

        

        
    <div class="embeddings inner-level">
                <div class="embedding indention">
        <div data-toggle="collapse" data-target="#embedding-41" class="collapsable-control">
      <a>Attachment 1 (png)</a>
      <a href="embeddings/embedding_-1789919717.png" download target="_blank">
        <span class="download-button glyphicon glyphicon-download-alt"></span>
      </a>
    </div>
    <div id="embedding-41" class="collapse collapsable-details">
      <div class="embedding-content">
        <img src="embeddings/embedding_-1789919717.png">
      </div>
    </div>
  </div>
        </div>
  
      </div>
          <div class="step">
        
<div class="brief passed">
  <span class="keyword indention">Then</span>
  <span class="name">User will able to click view provider list</span>
  
  <span class="lead-duration duration">9s 564ms</span>

  </div>

        


        
        

        
  <div class="outputs inner-level">
          <div class="output indention">
        <div data-toggle="collapse" class=" collapsed  collapsable-control" data-target="#output-42">
          Output 1
          <i class="chevron fa fa-fw"></i>
        </div>
        <div id="output-42" class="collapse collapsable-details " >
          
          <pre><p>[INFO]	[Assertion Pass]	User will be redirected to provider list =  Provider list</p></pre>
        </div>
      </div>
      </div>

        
    <div class="embeddings inner-level">
                <div class="embedding indention">
        <div data-toggle="collapse" data-target="#embedding-43" class="collapsable-control">
      <a>Attachment 1 (png)</a>
      <a href="embeddings/embedding_-948450765.png" download target="_blank">
        <span class="download-button glyphicon glyphicon-download-alt"></span>
      </a>
    </div>
    <div id="embedding-43" class="collapse collapsable-details">
      <div class="embedding-content">
        <img src="embeddings/embedding_-948450765.png">
      </div>
    </div>
  </div>
        </div>
  
      </div>
          <div class="step">
        
<div class="brief failed">
  <span class="keyword indention">And</span>
  <span class="name">Able to see In Process provider &amp; delete provider</span>
  
  <span class="lead-duration duration">1s 915ms</span>

  </div>

        

  <div class="inner-level">
    <div class="message indention">
      <div data-toggle="collapse" class=" collapsable-control" data-target="#msg-44">
          <a>org.openqa.selenium.support.ui.UnexpectedTagNameException: Element should have been &quot;select&quot; but was &quot;span&quot;</a>
      </div>
      <div id="msg-44" class="collapse collapsable-details  in ">
        <pre>org.openqa.selenium.support.ui.UnexpectedTagNameException: Element should have been &quot;select&quot; but was &quot;span&quot;
Build info: version: '3.141.59', revision: 'e82be7d358', time: '2018-11-14T08:17:03'
System info: host: 'EUROW42SLPC5721', ip: '192.168.29.116', os.name: 'Windows 10', os.arch: 'amd64', os.version: '10.0', java.version: '1.8.0_221'
Driver info: driver.version: unknown
	at org.openqa.selenium.support.ui.Select.&lt;init&gt;(Select.java:48)
	at com.zensar.scriptutils.GlobalFunction.selectBoxByVisibleTextContains(GlobalFunction.java:919)
	at com.zensar.pageobjects.ProjectDetails.deleteProvider(ProjectDetails.java:255)
	at com.zensar.stepDefinations.ActiveTransactionProviderListStepDefinitions.able_to_see_In_Process_provider_delete_provider(ActiveTransactionProviderListStepDefinitions.java:35)
	at &#10045;.Able to see In Process provider &amp; delete provider(src/main/java/com/zensar/features/ActiveTransactionProviderList.feature:33)
</pre>
      </div>
    </div>
  </div>


        
        

        

        
  
      </div>
      </div>
</div>


    
  <div class="inner-level hooks-after">
        <div data-toggle="collapse" class=" collapsed  collapsable-control" data-target="#after-45">
      
<div class="brief passed">
  <span class="keyword indention">Hooks</span>
  <span class="name"></span>
  

       <i class="chevron fa fa-fw"></i>
  </div>

    </div>

    <div id="after-45" class="inner-level collapse collapsable-details ">
              <div class="hook">
          <div class="brief passed">
            <span class="keyword indention">After</span>
                          <span class="location name">Hooks.tearDown(Scenario)</span>
                        
  <span class="lead-duration duration">017ms</span>

          </div>

                      

          
          
  
        </div>
          </div>
  </div>

  </div>
</div>

                      
<div class="element">
  
  
<div class="tags indention">
  </div>

  
  <span class="lead-duration duration">2s 843ms</span>


    <span data-toggle="collapse" class=" collapsed  collapsable-control" data-target="#element-46">
    
<div class="brief passed">
  <span class="keyword indention">Background</span>
  <span class="name"></span>
  

       <i class="chevron fa fa-fw"></i>
  </div>

  </span>
  <div class="description indention"></div>

  <div id="element-46" class="collapse collapsable-details ">
    


    
<div class="steps inner-level">
    <div data-toggle="collapse" class=" collapsed  collapsable-control" data-target="#steps-47">
    
<div class="brief passed">
  <span class="keyword indention">Steps</span>
  <span class="name"></span>
  

       <i class="chevron fa fa-fw"></i>
  </div>

  </div>

  <div id="steps-47" class="inner-level collapse collapsable-details ">
          <div class="step">
        
<div class="brief passed">
  <span class="keyword indention">Given</span>
  <span class="name">User navigates to ISG Landing Page and Login</span>
  
  <span class="lead-duration duration">2s 843ms</span>

  </div>

        


        
        

        

        
  
      </div>
      </div>
</div>


    

  </div>
</div>

                      
<div class="element">
  
  
<div class="tags indention">
  </div>

  
  <span class="lead-duration duration">44s 495ms</span>


    <span data-toggle="collapse" class=" collapsable-control" data-target="#element-48">
    
<div class="brief failed">
  <span class="keyword indention">Scenario Outline</span>
  <span class="name">Verify user able to reinstate provider from Removed providers#ProviderList</span>
  

       <i class="chevron fa fa-fw"></i>
  </div>

  </span>
  <div class="description indention"></div>

  <div id="element-48" class="collapse collapsable-details  in ">
    
  <div class="inner-level hooks-before">
        <div data-toggle="collapse" class=" collapsed  collapsable-control" data-target="#before-49">
      
<div class="brief passed">
  <span class="keyword indention">Hooks</span>
  <span class="name"></span>
  

       <i class="chevron fa fa-fw"></i>
  </div>

    </div>

    <div id="before-49" class="inner-level collapse collapsable-details ">
              <div class="hook">
          <div class="brief passed">
            <span class="keyword indention">Before</span>
                          <span class="location name">Hooks.setupEnvironment(Scenario)</span>
                        
  <span class="lead-duration duration">1s 789ms</span>

          </div>

                      

          
          
  
        </div>
          </div>
  </div>


    
<div class="steps inner-level">
    <div data-toggle="collapse" class=" collapsable-control" data-target="#steps-50">
    
<div class="brief failed">
  <span class="keyword indention">Steps</span>
  <span class="name"></span>
  

       <i class="chevron fa fa-fw"></i>
  </div>

  </div>

  <div id="steps-50" class="inner-level collapse collapsable-details  in ">
          <div class="step">
        
<div class="brief passed">
  <span class="keyword indention">When</span>
  <span class="name">user logs in to ISG</span>
  
  <span class="lead-duration duration">7s 598ms</span>

  </div>

        


        
        

        

        
    <div class="embeddings inner-level">
                <div class="embedding indention">
        <div data-toggle="collapse" data-target="#embedding-51" class="collapsable-control">
      <a>Attachment 1 (png)</a>
      <a href="embeddings/embedding_99096721.png" download target="_blank">
        <span class="download-button glyphicon glyphicon-download-alt"></span>
      </a>
    </div>
    <div id="embedding-51" class="collapse collapsable-details">
      <div class="embedding-content">
        <img src="embeddings/embedding_99096721.png">
      </div>
    </div>
  </div>
                  <div class="embedding indention">
        <div data-toggle="collapse" data-target="#embedding-52" class="collapsable-control">
      <a>Attachment 2 (png)</a>
      <a href="embeddings/embedding_1430448063.png" download target="_blank">
        <span class="download-button glyphicon glyphicon-download-alt"></span>
      </a>
    </div>
    <div id="embedding-52" class="collapse collapsable-details">
      <div class="embedding-content">
        <img src="embeddings/embedding_1430448063.png">
      </div>
    </div>
  </div>
        </div>
  
      </div>
          <div class="step">
        
<div class="brief passed">
  <span class="keyword indention">Then</span>
  <span class="name">Verify for Active Transaction</span>
  
  <span class="lead-duration duration">14s 200ms</span>

  </div>

        


        
        

        
  <div class="outputs inner-level">
          <div class="output indention">
        <div data-toggle="collapse" class=" collapsed  collapsable-control" data-target="#output-53">
          Output 1
          <i class="chevron fa fa-fw"></i>
        </div>
        <div id="output-53" class="collapse collapsable-details " >
          
          <pre><p>[INFO]	[Assertion Pass]	Number of Active Transaction =  Active transactions (2)</p></pre>
        </div>
      </div>
      </div>

        
    <div class="embeddings inner-level">
                <div class="embedding indention">
        <div data-toggle="collapse" data-target="#embedding-54" class="collapsable-control">
      <a>Attachment 1 (png)</a>
      <a href="embeddings/embedding_400984611.png" download target="_blank">
        <span class="download-button glyphicon glyphicon-download-alt"></span>
      </a>
    </div>
    <div id="embedding-54" class="collapse collapsable-details">
      <div class="embedding-content">
        <img src="embeddings/embedding_400984611.png">
      </div>
    </div>
  </div>
        </div>
  
      </div>
          <div class="step">
        
<div class="brief passed">
  <span class="keyword indention">Then</span>
  <span class="name">User clicks on first Active Transaction</span>
  
  <span class="lead-duration duration">10s 425ms</span>

  </div>

        


        
        

        

        
    <div class="embeddings inner-level">
                <div class="embedding indention">
        <div data-toggle="collapse" data-target="#embedding-55" class="collapsable-control">
      <a>Attachment 1 (png)</a>
      <a href="embeddings/embedding_-1789919717.png" download target="_blank">
        <span class="download-button glyphicon glyphicon-download-alt"></span>
      </a>
    </div>
    <div id="embedding-55" class="collapse collapsable-details">
      <div class="embedding-content">
        <img src="embeddings/embedding_-1789919717.png">
      </div>
    </div>
  </div>
        </div>
  
      </div>
          <div class="step">
        
<div class="brief passed">
  <span class="keyword indention">Then</span>
  <span class="name">User will able to click view provider list</span>
  
  <span class="lead-duration duration">10s 606ms</span>

  </div>

        


        
        

        
  <div class="outputs inner-level">
          <div class="output indention">
        <div data-toggle="collapse" class=" collapsed  collapsable-control" data-target="#output-56">
          Output 1
          <i class="chevron fa fa-fw"></i>
        </div>
        <div id="output-56" class="collapse collapsable-details " >
          
          <pre><p>[INFO]	[Assertion Pass]	User will be redirected to provider list =  Provider list</p></pre>
        </div>
      </div>
      </div>

        
    <div class="embeddings inner-level">
                <div class="embedding indention">
        <div data-toggle="collapse" data-target="#embedding-57" class="collapsable-control">
      <a>Attachment 1 (png)</a>
      <a href="embeddings/embedding_-948450765.png" download target="_blank">
        <span class="download-button glyphicon glyphicon-download-alt"></span>
      </a>
    </div>
    <div id="embedding-57" class="collapse collapsable-details">
      <div class="embedding-content">
        <img src="embeddings/embedding_-948450765.png">
      </div>
    </div>
  </div>
        </div>
  
      </div>
          <div class="step">
        
<div class="brief failed">
  <span class="keyword indention">And</span>
  <span class="name">Able to see In Removed provider &amp; reinstate provider</span>
  
  <span class="lead-duration duration">1s 664ms</span>

  </div>

        

  <div class="inner-level">
    <div class="message indention">
      <div data-toggle="collapse" class=" collapsable-control" data-target="#msg-58">
          <a>org.openqa.selenium.support.ui.UnexpectedTagNameException: Element should have been &quot;select&quot; but was &quot;span&quot;</a>
      </div>
      <div id="msg-58" class="collapse collapsable-details  in ">
        <pre>org.openqa.selenium.support.ui.UnexpectedTagNameException: Element should have been &quot;select&quot; but was &quot;span&quot;
Build info: version: '3.141.59', revision: 'e82be7d358', time: '2018-11-14T08:17:03'
System info: host: 'EUROW42SLPC5721', ip: '192.168.29.116', os.name: 'Windows 10', os.arch: 'amd64', os.version: '10.0', java.version: '1.8.0_221'
Driver info: driver.version: unknown
	at org.openqa.selenium.support.ui.Select.&lt;init&gt;(Select.java:48)
	at com.zensar.scriptutils.GlobalFunction.selectBoxByVisibleTextContains(GlobalFunction.java:919)
	at com.zensar.pageobjects.ProjectDetails.reinstateProvider(ProjectDetails.java:263)
	at com.zensar.stepDefinations.ActiveTransactionProviderListStepDefinitions.Able_to_see_In_Removed_provider_reinstate_provider(ActiveTransactionProviderListStepDefinitions.java:39)
	at &#10045;.Able to see In Removed provider &amp; reinstate provider(src/main/java/com/zensar/features/ActiveTransactionProviderList.feature:44)
</pre>
      </div>
    </div>
  </div>


        
        

        

        
  
      </div>
      </div>
</div>


    
  <div class="inner-level hooks-after">
        <div data-toggle="collapse" class=" collapsed  collapsable-control" data-target="#after-59">
      
<div class="brief passed">
  <span class="keyword indention">Hooks</span>
  <span class="name"></span>
  

       <i class="chevron fa fa-fw"></i>
  </div>

    </div>

    <div id="after-59" class="inner-level collapse collapsable-details ">
              <div class="hook">
          <div class="brief passed">
            <span class="keyword indention">After</span>
                          <span class="location name">Hooks.tearDown(Scenario)</span>
                        
  <span class="lead-duration duration">017ms</span>

          </div>

                      

          
          
  
        </div>
          </div>
  </div>

  </div>
</div>

                      
<div class="element">
  
  
<div class="tags indention">
  </div>

  
  <span class="lead-duration duration">2s 858ms</span>


    <span data-toggle="collapse" class=" collapsed  collapsable-control" data-target="#element-60">
    
<div class="brief passed">
  <span class="keyword indention">Background</span>
  <span class="name"></span>
  

       <i class="chevron fa fa-fw"></i>
  </div>

  </span>
  <div class="description indention"></div>

  <div id="element-60" class="collapse collapsable-details ">
    


    
<div class="steps inner-level">
    <div data-toggle="collapse" class=" collapsed  collapsable-control" data-target="#steps-61">
    
<div class="brief passed">
  <span class="keyword indention">Steps</span>
  <span class="name"></span>
  

       <i class="chevron fa fa-fw"></i>
  </div>

  </div>

  <div id="steps-61" class="inner-level collapse collapsable-details ">
          <div class="step">
        
<div class="brief passed">
  <span class="keyword indention">Given</span>
  <span class="name">User navigates to ISG Landing Page and Login</span>
  
  <span class="lead-duration duration">2s 858ms</span>

  </div>

        


        
        

        

        
  
      </div>
      </div>
</div>


    

  </div>
</div>

                      
<div class="element">
  
  
<div class="tags indention">
  </div>

  
  <span class="lead-duration duration">43s 336ms</span>


    <span data-toggle="collapse" class=" collapsed  collapsable-control" data-target="#element-62">
    
<div class="brief passed">
  <span class="keyword indention">Scenario Outline</span>
  <span class="name">Verify user able Export provider list#ProviderList</span>
  

       <i class="chevron fa fa-fw"></i>
  </div>

  </span>
  <div class="description indention"></div>

  <div id="element-62" class="collapse collapsable-details ">
    
  <div class="inner-level hooks-before">
        <div data-toggle="collapse" class=" collapsed  collapsable-control" data-target="#before-63">
      
<div class="brief passed">
  <span class="keyword indention">Hooks</span>
  <span class="name"></span>
  

       <i class="chevron fa fa-fw"></i>
  </div>

    </div>

    <div id="before-63" class="inner-level collapse collapsable-details ">
              <div class="hook">
          <div class="brief passed">
            <span class="keyword indention">Before</span>
                          <span class="location name">Hooks.setupEnvironment(Scenario)</span>
                        
  <span class="lead-duration duration">1s 887ms</span>

          </div>

                      

          
          
  
        </div>
          </div>
  </div>


    
<div class="steps inner-level">
    <div data-toggle="collapse" class=" collapsed  collapsable-control" data-target="#steps-64">
    
<div class="brief passed">
  <span class="keyword indention">Steps</span>
  <span class="name"></span>
  

       <i class="chevron fa fa-fw"></i>
  </div>

  </div>

  <div id="steps-64" class="inner-level collapse collapsable-details ">
          <div class="step">
        
<div class="brief passed">
  <span class="keyword indention">When</span>
  <span class="name">user logs in to ISG</span>
  
  <span class="lead-duration duration">7s 169ms</span>

  </div>

        


        
        

        

        
    <div class="embeddings inner-level">
                <div class="embedding indention">
        <div data-toggle="collapse" data-target="#embedding-65" class="collapsable-control">
      <a>Attachment 1 (png)</a>
      <a href="embeddings/embedding_1764741918.png" download target="_blank">
        <span class="download-button glyphicon glyphicon-download-alt"></span>
      </a>
    </div>
    <div id="embedding-65" class="collapse collapsable-details">
      <div class="embedding-content">
        <img src="embeddings/embedding_1764741918.png">
      </div>
    </div>
  </div>
                  <div class="embedding indention">
        <div data-toggle="collapse" data-target="#embedding-66" class="collapsable-control">
      <a>Attachment 2 (png)</a>
      <a href="embeddings/embedding_1430448063.png" download target="_blank">
        <span class="download-button glyphicon glyphicon-download-alt"></span>
      </a>
    </div>
    <div id="embedding-66" class="collapse collapsable-details">
      <div class="embedding-content">
        <img src="embeddings/embedding_1430448063.png">
      </div>
    </div>
  </div>
        </div>
  
      </div>
          <div class="step">
        
<div class="brief passed">
  <span class="keyword indention">Then</span>
  <span class="name">Verify for Active Transaction</span>
  
  <span class="lead-duration duration">14s 013ms</span>

  </div>

        


        
        

        
  <div class="outputs inner-level">
          <div class="output indention">
        <div data-toggle="collapse" class=" collapsed  collapsable-control" data-target="#output-67">
          Output 1
          <i class="chevron fa fa-fw"></i>
        </div>
        <div id="output-67" class="collapse collapsable-details " >
          
          <pre><p>[INFO]	[Assertion Pass]	Number of Active Transaction =  Active transactions (2)</p></pre>
        </div>
      </div>
      </div>

        
    <div class="embeddings inner-level">
                <div class="embedding indention">
        <div data-toggle="collapse" data-target="#embedding-68" class="collapsable-control">
      <a>Attachment 1 (png)</a>
      <a href="embeddings/embedding_400984611.png" download target="_blank">
        <span class="download-button glyphicon glyphicon-download-alt"></span>
      </a>
    </div>
    <div id="embedding-68" class="collapse collapsable-details">
      <div class="embedding-content">
        <img src="embeddings/embedding_400984611.png">
      </div>
    </div>
  </div>
        </div>
  
      </div>
          <div class="step">
        
<div class="brief passed">
  <span class="keyword indention">Then</span>
  <span class="name">User clicks on first Active Transaction</span>
  
  <span class="lead-duration duration">10s 393ms</span>

  </div>

        


        
        

        

        
    <div class="embeddings inner-level">
                <div class="embedding indention">
        <div data-toggle="collapse" data-target="#embedding-69" class="collapsable-control">
      <a>Attachment 1 (png)</a>
      <a href="embeddings/embedding_-1789919717.png" download target="_blank">
        <span class="download-button glyphicon glyphicon-download-alt"></span>
      </a>
    </div>
    <div id="embedding-69" class="collapse collapsable-details">
      <div class="embedding-content">
        <img src="embeddings/embedding_-1789919717.png">
      </div>
    </div>
  </div>
        </div>
  
      </div>
          <div class="step">
        
<div class="brief passed">
  <span class="keyword indention">Then</span>
  <span class="name">User will able to click view provider list</span>
  
  <span class="lead-duration duration">11s 390ms</span>

  </div>

        


        
        

        
  <div class="outputs inner-level">
          <div class="output indention">
        <div data-toggle="collapse" class=" collapsed  collapsable-control" data-target="#output-70">
          Output 1
          <i class="chevron fa fa-fw"></i>
        </div>
        <div id="output-70" class="collapse collapsable-details " >
          
          <pre><p>[INFO]	[Assertion Pass]	User will be redirected to provider list =  Provider list</p></pre>
        </div>
      </div>
      </div>

        
    <div class="embeddings inner-level">
                <div class="embedding indention">
        <div data-toggle="collapse" data-target="#embedding-71" class="collapsable-control">
      <a>Attachment 1 (png)</a>
      <a href="embeddings/embedding_-948450765.png" download target="_blank">
        <span class="download-button glyphicon glyphicon-download-alt"></span>
      </a>
    </div>
    <div id="embedding-71" class="collapse collapsable-details">
      <div class="embedding-content">
        <img src="embeddings/embedding_-948450765.png">
      </div>
    </div>
  </div>
        </div>
  
      </div>
          <div class="step">
        
<div class="brief passed">
  <span class="keyword indention">And</span>
  <span class="name">Able to click on export provider list</span>
  
  <span class="lead-duration duration">370ms</span>

  </div>

        


        
        

        

        
    <div class="embeddings inner-level">
                <div class="embedding indention">
        <div data-toggle="collapse" data-target="#embedding-72" class="collapsable-control">
      <a>Attachment 1 (png)</a>
      <a href="embeddings/embedding_132821450.png" download target="_blank">
        <span class="download-button glyphicon glyphicon-download-alt"></span>
      </a>
    </div>
    <div id="embedding-72" class="collapse collapsable-details">
      <div class="embedding-content">
        <img src="embeddings/embedding_132821450.png">
      </div>
    </div>
  </div>
        </div>
  
      </div>
      </div>
</div>


    
  <div class="inner-level hooks-after">
        <div data-toggle="collapse" class=" collapsed  collapsable-control" data-target="#after-73">
      
<div class="brief passed">
  <span class="keyword indention">Hooks</span>
  <span class="name"></span>
  

       <i class="chevron fa fa-fw"></i>
  </div>

    </div>

    <div id="after-73" class="inner-level collapse collapsable-details ">
              <div class="hook">
          <div class="brief passed">
            <span class="keyword indention">After</span>
                          <span class="location name">Hooks.tearDown(Scenario)</span>
                        
  <span class="lead-duration duration">023ms</span>

          </div>

                      

          
          
  
        </div>
          </div>
  </div>

  </div>
</div>

                      
<div class="element">
  
  
<div class="tags indention">
  </div>

  
  <span class="lead-duration duration">4s 596ms</span>


    <span data-toggle="collapse" class=" collapsed  collapsable-control" data-target="#element-74">
    
<div class="brief passed">
  <span class="keyword indention">Background</span>
  <span class="name"></span>
  

       <i class="chevron fa fa-fw"></i>
  </div>

  </span>
  <div class="description indention"></div>

  <div id="element-74" class="collapse collapsable-details ">
    


    
<div class="steps inner-level">
    <div data-toggle="collapse" class=" collapsed  collapsable-control" data-target="#steps-75">
    
<div class="brief passed">
  <span class="keyword indention">Steps</span>
  <span class="name"></span>
  

       <i class="chevron fa fa-fw"></i>
  </div>

  </div>

  <div id="steps-75" class="inner-level collapse collapsable-details ">
          <div class="step">
        
<div class="brief passed">
  <span class="keyword indention">Given</span>
  <span class="name">User navigates to ISG Landing Page and Login</span>
  
  <span class="lead-duration duration">4s 596ms</span>

  </div>

        


        
        

        

        
  
      </div>
      </div>
</div>


    

  </div>
</div>

                      
<div class="element">
  
  
<div class="tags indention">
  </div>

  
  <span class="lead-duration duration">45s 659ms</span>


    <span data-toggle="collapse" class=" collapsed  collapsable-control" data-target="#element-76">
    
<div class="brief passed">
  <span class="keyword indention">Scenario Outline</span>
  <span class="name">Verify user able Edit filter #ProviderList</span>
  

       <i class="chevron fa fa-fw"></i>
  </div>

  </span>
  <div class="description indention"></div>

  <div id="element-76" class="collapse collapsable-details ">
    
  <div class="inner-level hooks-before">
        <div data-toggle="collapse" class=" collapsed  collapsable-control" data-target="#before-77">
      
<div class="brief passed">
  <span class="keyword indention">Hooks</span>
  <span class="name"></span>
  

       <i class="chevron fa fa-fw"></i>
  </div>

    </div>

    <div id="before-77" class="inner-level collapse collapsable-details ">
              <div class="hook">
          <div class="brief passed">
            <span class="keyword indention">Before</span>
                          <span class="location name">Hooks.setupEnvironment(Scenario)</span>
                        
  <span class="lead-duration duration">2s 297ms</span>

          </div>

                      

          
          
  
        </div>
          </div>
  </div>


    
<div class="steps inner-level">
    <div data-toggle="collapse" class=" collapsed  collapsable-control" data-target="#steps-78">
    
<div class="brief passed">
  <span class="keyword indention">Steps</span>
  <span class="name"></span>
  

       <i class="chevron fa fa-fw"></i>
  </div>

  </div>

  <div id="steps-78" class="inner-level collapse collapsable-details ">
          <div class="step">
        
<div class="brief passed">
  <span class="keyword indention">When</span>
  <span class="name">user logs in to ISG</span>
  
  <span class="lead-duration duration">7s 574ms</span>

  </div>

        


        
        

        

        
    <div class="embeddings inner-level">
                <div class="embedding indention">
        <div data-toggle="collapse" data-target="#embedding-79" class="collapsable-control">
      <a>Attachment 1 (png)</a>
      <a href="embeddings/embedding_99096721.png" download target="_blank">
        <span class="download-button glyphicon glyphicon-download-alt"></span>
      </a>
    </div>
    <div id="embedding-79" class="collapse collapsable-details">
      <div class="embedding-content">
        <img src="embeddings/embedding_99096721.png">
      </div>
    </div>
  </div>
                  <div class="embedding indention">
        <div data-toggle="collapse" data-target="#embedding-80" class="collapsable-control">
      <a>Attachment 2 (png)</a>
      <a href="embeddings/embedding_1430448063.png" download target="_blank">
        <span class="download-button glyphicon glyphicon-download-alt"></span>
      </a>
    </div>
    <div id="embedding-80" class="collapse collapsable-details">
      <div class="embedding-content">
        <img src="embeddings/embedding_1430448063.png">
      </div>
    </div>
  </div>
        </div>
  
      </div>
          <div class="step">
        
<div class="brief passed">
  <span class="keyword indention">Then</span>
  <span class="name">Verify for Active Transaction</span>
  
  <span class="lead-duration duration">15s 631ms</span>

  </div>

        


        
        

        
  <div class="outputs inner-level">
          <div class="output indention">
        <div data-toggle="collapse" class=" collapsed  collapsable-control" data-target="#output-81">
          Output 1
          <i class="chevron fa fa-fw"></i>
        </div>
        <div id="output-81" class="collapse collapsable-details " >
          
          <pre><p>[INFO]	[Assertion Pass]	Number of Active Transaction =  Active transactions (2)</p></pre>
        </div>
      </div>
      </div>

        
    <div class="embeddings inner-level">
                <div class="embedding indention">
        <div data-toggle="collapse" data-target="#embedding-82" class="collapsable-control">
      <a>Attachment 1 (png)</a>
      <a href="embeddings/embedding_400984611.png" download target="_blank">
        <span class="download-button glyphicon glyphicon-download-alt"></span>
      </a>
    </div>
    <div id="embedding-82" class="collapse collapsable-details">
      <div class="embedding-content">
        <img src="embeddings/embedding_400984611.png">
      </div>
    </div>
  </div>
        </div>
  
      </div>
          <div class="step">
        
<div class="brief passed">
  <span class="keyword indention">Then</span>
  <span class="name">User clicks on first Active Transaction</span>
  
  <span class="lead-duration duration">10s 397ms</span>

  </div>

        


        
        

        

        
    <div class="embeddings inner-level">
                <div class="embedding indention">
        <div data-toggle="collapse" data-target="#embedding-83" class="collapsable-control">
      <a>Attachment 1 (png)</a>
      <a href="embeddings/embedding_-1789919717.png" download target="_blank">
        <span class="download-button glyphicon glyphicon-download-alt"></span>
      </a>
    </div>
    <div id="embedding-83" class="collapse collapsable-details">
      <div class="embedding-content">
        <img src="embeddings/embedding_-1789919717.png">
      </div>
    </div>
  </div>
        </div>
  
      </div>
          <div class="step">
        
<div class="brief passed">
  <span class="keyword indention">Then</span>
  <span class="name">User will able to click view provider list</span>
  
  <span class="lead-duration duration">9s 409ms</span>

  </div>

        


        
        

        
  <div class="outputs inner-level">
          <div class="output indention">
        <div data-toggle="collapse" class=" collapsed  collapsable-control" data-target="#output-84">
          Output 1
          <i class="chevron fa fa-fw"></i>
        </div>
        <div id="output-84" class="collapse collapsable-details " >
          
          <pre><p>[INFO]	[Assertion Pass]	User will be redirected to provider list =  Provider list</p></pre>
        </div>
      </div>
      </div>

        
    <div class="embeddings inner-level">
                <div class="embedding indention">
        <div data-toggle="collapse" data-target="#embedding-85" class="collapsable-control">
      <a>Attachment 1 (png)</a>
      <a href="embeddings/embedding_-948450765.png" download target="_blank">
        <span class="download-button glyphicon glyphicon-download-alt"></span>
      </a>
    </div>
    <div id="embedding-85" class="collapse collapsable-details">
      <div class="embedding-content">
        <img src="embeddings/embedding_-948450765.png">
      </div>
    </div>
  </div>
        </div>
  
      </div>
          <div class="step">
        
<div class="brief passed">
  <span class="keyword indention">And</span>
  <span class="name">Able to click on Edit &amp; change values for In scope geographies ,In Scope industry &amp; TCV</span>
  
  <span class="lead-duration duration">2s 646ms</span>

  </div>

        


        
        

        

        
    <div class="embeddings inner-level">
                <div class="embedding indention">
        <div data-toggle="collapse" data-target="#embedding-86" class="collapsable-control">
      <a>Attachment 1 (png)</a>
      <a href="embeddings/embedding_-1495835012.png" download target="_blank">
        <span class="download-button glyphicon glyphicon-download-alt"></span>
      </a>
    </div>
    <div id="embedding-86" class="collapse collapsable-details">
      <div class="embedding-content">
        <img src="embeddings/embedding_-1495835012.png">
      </div>
    </div>
  </div>
        </div>
  
      </div>
      </div>
</div>


    
  <div class="inner-level hooks-after">
        <div data-toggle="collapse" class=" collapsed  collapsable-control" data-target="#after-87">
      
<div class="brief passed">
  <span class="keyword indention">Hooks</span>
  <span class="name"></span>
  

       <i class="chevron fa fa-fw"></i>
  </div>

    </div>

    <div id="after-87" class="inner-level collapse collapsable-details ">
              <div class="hook">
          <div class="brief passed">
            <span class="keyword indention">After</span>
                          <span class="location name">Hooks.tearDown(Scenario)</span>
                        
  <span class="lead-duration duration">021ms</span>

          </div>

                      

          
          
  
        </div>
          </div>
  </div>

  </div>
</div>

                      
<div class="element">
  
  
<div class="tags indention">
  </div>

  
  <span class="lead-duration duration">2s 627ms</span>


    <span data-toggle="collapse" class=" collapsed  collapsable-control" data-target="#element-88">
    
<div class="brief passed">
  <span class="keyword indention">Background</span>
  <span class="name"></span>
  

       <i class="chevron fa fa-fw"></i>
  </div>

  </span>
  <div class="description indention"></div>

  <div id="element-88" class="collapse collapsable-details ">
    


    
<div class="steps inner-level">
    <div data-toggle="collapse" class=" collapsed  collapsable-control" data-target="#steps-89">
    
<div class="brief passed">
  <span class="keyword indention">Steps</span>
  <span class="name"></span>
  

       <i class="chevron fa fa-fw"></i>
  </div>

  </div>

  <div id="steps-89" class="inner-level collapse collapsable-details ">
          <div class="step">
        
<div class="brief passed">
  <span class="keyword indention">Given</span>
  <span class="name">User navigates to ISG Landing Page and Login</span>
  
  <span class="lead-duration duration">2s 627ms</span>

  </div>

        


        
        

        

        
  
      </div>
      </div>
</div>


    

  </div>
</div>

                      
<div class="element">
  
  
<div class="tags indention">
  </div>

  
  <span class="lead-duration duration">41s 082ms</span>


    <span data-toggle="collapse" class=" collapsed  collapsable-control" data-target="#element-90">
    
<div class="brief passed">
  <span class="keyword indention">Scenario Outline</span>
  <span class="name">Verify user able Enable toggle to share list with client#ProviderList</span>
  

       <i class="chevron fa fa-fw"></i>
  </div>

  </span>
  <div class="description indention"></div>

  <div id="element-90" class="collapse collapsable-details ">
    
  <div class="inner-level hooks-before">
        <div data-toggle="collapse" class=" collapsed  collapsable-control" data-target="#before-91">
      
<div class="brief passed">
  <span class="keyword indention">Hooks</span>
  <span class="name"></span>
  

       <i class="chevron fa fa-fw"></i>
  </div>

    </div>

    <div id="before-91" class="inner-level collapse collapsable-details ">
              <div class="hook">
          <div class="brief passed">
            <span class="keyword indention">Before</span>
                          <span class="location name">Hooks.setupEnvironment(Scenario)</span>
                        
  <span class="lead-duration duration">2s 007ms</span>

          </div>

                      

          
          
  
        </div>
          </div>
  </div>


    
<div class="steps inner-level">
    <div data-toggle="collapse" class=" collapsed  collapsable-control" data-target="#steps-92">
    
<div class="brief passed">
  <span class="keyword indention">Steps</span>
  <span class="name"></span>
  

       <i class="chevron fa fa-fw"></i>
  </div>

  </div>

  <div id="steps-92" class="inner-level collapse collapsable-details ">
          <div class="step">
        
<div class="brief passed">
  <span class="keyword indention">When</span>
  <span class="name">user logs in to ISG</span>
  
  <span class="lead-duration duration">6s 839ms</span>

  </div>

        


        
        

        

        
    <div class="embeddings inner-level">
                <div class="embedding indention">
        <div data-toggle="collapse" data-target="#embedding-93" class="collapsable-control">
      <a>Attachment 1 (png)</a>
      <a href="embeddings/embedding_1760530756.png" download target="_blank">
        <span class="download-button glyphicon glyphicon-download-alt"></span>
      </a>
    </div>
    <div id="embedding-93" class="collapse collapsable-details">
      <div class="embedding-content">
        <img src="embeddings/embedding_1760530756.png">
      </div>
    </div>
  </div>
                  <div class="embedding indention">
        <div data-toggle="collapse" data-target="#embedding-94" class="collapsable-control">
      <a>Attachment 2 (png)</a>
      <a href="embeddings/embedding_1430448063.png" download target="_blank">
        <span class="download-button glyphicon glyphicon-download-alt"></span>
      </a>
    </div>
    <div id="embedding-94" class="collapse collapsable-details">
      <div class="embedding-content">
        <img src="embeddings/embedding_1430448063.png">
      </div>
    </div>
  </div>
        </div>
  
      </div>
          <div class="step">
        
<div class="brief passed">
  <span class="keyword indention">Then</span>
  <span class="name">Verify for Active Transaction</span>
  
  <span class="lead-duration duration">14s 181ms</span>

  </div>

        


        
        

        
  <div class="outputs inner-level">
          <div class="output indention">
        <div data-toggle="collapse" class=" collapsed  collapsable-control" data-target="#output-95">
          Output 1
          <i class="chevron fa fa-fw"></i>
        </div>
        <div id="output-95" class="collapse collapsable-details " >
          
          <pre><p>[INFO]	[Assertion Pass]	Number of Active Transaction =  Active transactions (2)</p></pre>
        </div>
      </div>
      </div>

        
    <div class="embeddings inner-level">
                <div class="embedding indention">
        <div data-toggle="collapse" data-target="#embedding-96" class="collapsable-control">
      <a>Attachment 1 (png)</a>
      <a href="embeddings/embedding_400984611.png" download target="_blank">
        <span class="download-button glyphicon glyphicon-download-alt"></span>
      </a>
    </div>
    <div id="embedding-96" class="collapse collapsable-details">
      <div class="embedding-content">
        <img src="embeddings/embedding_400984611.png">
      </div>
    </div>
  </div>
        </div>
  
      </div>
          <div class="step">
        
<div class="brief passed">
  <span class="keyword indention">Then</span>
  <span class="name">User clicks on first Active Transaction</span>
  
  <span class="lead-duration duration">10s 429ms</span>

  </div>

        


        
        

        

        
    <div class="embeddings inner-level">
                <div class="embedding indention">
        <div data-toggle="collapse" data-target="#embedding-97" class="collapsable-control">
      <a>Attachment 1 (png)</a>
      <a href="embeddings/embedding_-1789919717.png" download target="_blank">
        <span class="download-button glyphicon glyphicon-download-alt"></span>
      </a>
    </div>
    <div id="embedding-97" class="collapse collapsable-details">
      <div class="embedding-content">
        <img src="embeddings/embedding_-1789919717.png">
      </div>
    </div>
  </div>
        </div>
  
      </div>
          <div class="step">
        
<div class="brief passed">
  <span class="keyword indention">Then</span>
  <span class="name">User will able to click view provider list</span>
  
  <span class="lead-duration duration">9s 425ms</span>

  </div>

        


        
        

        
  <div class="outputs inner-level">
          <div class="output indention">
        <div data-toggle="collapse" class=" collapsed  collapsable-control" data-target="#output-98">
          Output 1
          <i class="chevron fa fa-fw"></i>
        </div>
        <div id="output-98" class="collapse collapsable-details " >
          
          <pre><p>[INFO]	[Assertion Pass]	User will be redirected to provider list =  Provider list</p></pre>
        </div>
      </div>
      </div>

        
    <div class="embeddings inner-level">
                <div class="embedding indention">
        <div data-toggle="collapse" data-target="#embedding-99" class="collapsable-control">
      <a>Attachment 1 (png)</a>
      <a href="embeddings/embedding_-1124157334.png" download target="_blank">
        <span class="download-button glyphicon glyphicon-download-alt"></span>
      </a>
    </div>
    <div id="embedding-99" class="collapse collapsable-details">
      <div class="embedding-content">
        <img src="embeddings/embedding_-1124157334.png">
      </div>
    </div>
  </div>
        </div>
  
      </div>
          <div class="step">
        
<div class="brief passed">
  <span class="keyword indention">And</span>
  <span class="name">Able to click on toggle button</span>
  
  <span class="lead-duration duration">206ms</span>

  </div>

        


        
        

        
  <div class="outputs inner-level">
          <div class="output indention">
        <div data-toggle="collapse" class=" collapsed  collapsable-control" data-target="#output-100">
          Output 1
          <i class="chevron fa fa-fw"></i>
        </div>
        <div id="output-100" class="collapse collapsable-details " >
          
          <pre><p>[INFO]	[Assertion Pass]	Toggle is enabled</p></pre>
        </div>
      </div>
      </div>

        
  
      </div>
      </div>
</div>


    
  <div class="inner-level hooks-after">
        <div data-toggle="collapse" class=" collapsed  collapsable-control" data-target="#after-101">
      
<div class="brief passed">
  <span class="keyword indention">Hooks</span>
  <span class="name"></span>
  

       <i class="chevron fa fa-fw"></i>
  </div>

    </div>

    <div id="after-101" class="inner-level collapse collapsable-details ">
              <div class="hook">
          <div class="brief passed">
            <span class="keyword indention">After</span>
                          <span class="location name">Hooks.tearDown(Scenario)</span>
                        
  <span class="lead-duration duration">023ms</span>

          </div>

                      

          
          
  
        </div>
          </div>
  </div>

  </div>
</div>

                      
<div class="element">
  
  
<div class="tags indention">
  </div>

  
  <span class="lead-duration duration">3s 248ms</span>


    <span data-toggle="collapse" class=" collapsed  collapsable-control" data-target="#element-102">
    
<div class="brief passed">
  <span class="keyword indention">Background</span>
  <span class="name"></span>
  

       <i class="chevron fa fa-fw"></i>
  </div>

  </span>
  <div class="description indention"></div>

  <div id="element-102" class="collapse collapsable-details ">
    


    
<div class="steps inner-level">
    <div data-toggle="collapse" class=" collapsed  collapsable-control" data-target="#steps-103">
    
<div class="brief passed">
  <span class="keyword indention">Steps</span>
  <span class="name"></span>
  

       <i class="chevron fa fa-fw"></i>
  </div>

  </div>

  <div id="steps-103" class="inner-level collapse collapsable-details ">
          <div class="step">
        
<div class="brief passed">
  <span class="keyword indention">Given</span>
  <span class="name">User navigates to ISG Landing Page and Login</span>
  
  <span class="lead-duration duration">3s 248ms</span>

  </div>

        


        
        

        

        
  
      </div>
      </div>
</div>


    

  </div>
</div>

                      
<div class="element">
  
  
<div class="tags indention">
  </div>

  
  <span class="lead-duration duration">1m 31s 505ms</span>


    <span data-toggle="collapse" class=" collapsable-control" data-target="#element-104">
    
<div class="brief failed">
  <span class="keyword indention">Scenario Outline</span>
  <span class="name">Verify there is no toggle to share list for client lead login#ProviderList</span>
  

       <i class="chevron fa fa-fw"></i>
  </div>

  </span>
  <div class="description indention"></div>

  <div id="element-104" class="collapse collapsable-details  in ">
    
  <div class="inner-level hooks-before">
        <div data-toggle="collapse" class=" collapsed  collapsable-control" data-target="#before-105">
      
<div class="brief passed">
  <span class="keyword indention">Hooks</span>
  <span class="name"></span>
  

       <i class="chevron fa fa-fw"></i>
  </div>

    </div>

    <div id="before-105" class="inner-level collapse collapsable-details ">
              <div class="hook">
          <div class="brief passed">
            <span class="keyword indention">Before</span>
                          <span class="location name">Hooks.setupEnvironment(Scenario)</span>
                        
  <span class="lead-duration duration">1s 894ms</span>

          </div>

                      

          
          
  
        </div>
          </div>
  </div>


    
<div class="steps inner-level">
    <div data-toggle="collapse" class=" collapsable-control" data-target="#steps-106">
    
<div class="brief failed">
  <span class="keyword indention">Steps</span>
  <span class="name"></span>
  

       <i class="chevron fa fa-fw"></i>
  </div>

  </div>

  <div id="steps-106" class="inner-level collapse collapsable-details  in ">
          <div class="step">
        
<div class="brief passed">
  <span class="keyword indention">When</span>
  <span class="name">user logs in to ISG as Client</span>
  
  <span class="lead-duration duration">6s 027ms</span>

  </div>

        


        
        

        

        
    <div class="embeddings inner-level">
                <div class="embedding indention">
        <div data-toggle="collapse" data-target="#embedding-107" class="collapsable-control">
      <a>Attachment 1 (png)</a>
      <a href="embeddings/embedding_99096721.png" download target="_blank">
        <span class="download-button glyphicon glyphicon-download-alt"></span>
      </a>
    </div>
    <div id="embedding-107" class="collapse collapsable-details">
      <div class="embedding-content">
        <img src="embeddings/embedding_99096721.png">
      </div>
    </div>
  </div>
                  <div class="embedding indention">
        <div data-toggle="collapse" data-target="#embedding-108" class="collapsable-control">
      <a>Attachment 2 (png)</a>
      <a href="embeddings/embedding_-2084586386.png" download target="_blank">
        <span class="download-button glyphicon glyphicon-download-alt"></span>
      </a>
    </div>
    <div id="embedding-108" class="collapse collapsable-details">
      <div class="embedding-content">
        <img src="embeddings/embedding_-2084586386.png">
      </div>
    </div>
  </div>
        </div>
  
      </div>
          <div class="step">
        
<div class="brief passed">
  <span class="keyword indention">Then</span>
  <span class="name">Verify for Active Transaction</span>
  
  <span class="lead-duration duration">15s 039ms</span>

  </div>

        


        
        

        
  <div class="outputs inner-level">
          <div class="output indention">
        <div data-toggle="collapse" class=" collapsed  collapsable-control" data-target="#output-109">
          Output 1
          <i class="chevron fa fa-fw"></i>
        </div>
        <div id="output-109" class="collapse collapsable-details " >
          
          <pre><p>[INFO]	[Assertion Pass]	Number of Active Transaction =  Active transactions (3)</p></pre>
        </div>
      </div>
      </div>

        
    <div class="embeddings inner-level">
                <div class="embedding indention">
        <div data-toggle="collapse" data-target="#embedding-110" class="collapsable-control">
      <a>Attachment 1 (png)</a>
      <a href="embeddings/embedding_-865069923.png" download target="_blank">
        <span class="download-button glyphicon glyphicon-download-alt"></span>
      </a>
    </div>
    <div id="embedding-110" class="collapse collapsable-details">
      <div class="embedding-content">
        <img src="embeddings/embedding_-865069923.png">
      </div>
    </div>
  </div>
        </div>
  
      </div>
          <div class="step">
        
<div class="brief passed">
  <span class="keyword indention">Then</span>
  <span class="name">User clicks on first Active Transaction</span>
  
  <span class="lead-duration duration">10s 394ms</span>

  </div>

        


        
        

        

        
    <div class="embeddings inner-level">
                <div class="embedding indention">
        <div data-toggle="collapse" data-target="#embedding-111" class="collapsable-control">
      <a>Attachment 1 (png)</a>
      <a href="embeddings/embedding_-430158662.png" download target="_blank">
        <span class="download-button glyphicon glyphicon-download-alt"></span>
      </a>
    </div>
    <div id="embedding-111" class="collapse collapsable-details">
      <div class="embedding-content">
        <img src="embeddings/embedding_-430158662.png">
      </div>
    </div>
  </div>
        </div>
  
      </div>
          <div class="step">
        
<div class="brief failed">
  <span class="keyword indention">Then</span>
  <span class="name">User will able to click view provider list</span>
  
  <span class="lead-duration duration">1m 043ms</span>

  </div>

        

  <div class="inner-level">
    <div class="message indention">
      <div data-toggle="collapse" class=" collapsable-control" data-target="#msg-112">
          <a>org.openqa.selenium.json.JsonException: java.lang.reflect.InvocationTargetException</a>
      </div>
      <div id="msg-112" class="collapse collapsable-details  in ">
        <pre>org.openqa.selenium.json.JsonException: java.lang.reflect.InvocationTargetException
Build info: version: '3.141.59', revision: 'e82be7d358', time: '2018-11-14T08:17:03'
System info: host: 'EUROW42SLPC5721', ip: '192.168.29.116', os.name: 'Windows 10', os.arch: 'amd64', os.version: '10.0', java.version: '1.8.0_221'
Driver info: driver.version: EventFiringWebDriver
	at org.openqa.selenium.json.JsonOutput.convertUsingMethod(JsonOutput.java:332)
	at org.openqa.selenium.json.JsonOutput.lambda$new$16(JsonOutput.java:155)
	at org.openqa.selenium.json.JsonOutput.write(JsonOutput.java:264)
	at org.openqa.selenium.json.JsonOutput.lambda$null$21(JsonOutput.java:168)
	at java.util.LinkedHashMap$LinkedValues.forEach(LinkedHashMap.java:608)
	at org.openqa.selenium.json.JsonOutput.lambda$new$22(JsonOutput.java:168)
	at org.openqa.selenium.json.JsonOutput.write(JsonOutput.java:264)
	at org.openqa.selenium.json.JsonOutput.lambda$null$23(JsonOutput.java:177)
	at com.google.common.collect.SingletonImmutableBiMap.forEach(SingletonImmutableBiMap.java:65)
	at org.openqa.selenium.json.JsonOutput.lambda$new$24(JsonOutput.java:176)
	at org.openqa.selenium.json.JsonOutput.write(JsonOutput.java:264)
	at org.openqa.selenium.json.JsonOutput.write(JsonOutput.java:255)
	at org.openqa.selenium.json.Json.toJson(Json.java:42)
	at org.openqa.selenium.remote.http.AbstractHttpCommandCodec.encode(AbstractHttpCommandCodec.java:227)
	at org.openqa.selenium.remote.http.AbstractHttpCommandCodec.encode(AbstractHttpCommandCodec.java:117)
	at org.openqa.selenium.remote.HttpCommandExecutor.execute(HttpCommandExecutor.java:152)
	at org.openqa.selenium.remote.service.DriverCommandExecutor.execute(DriverCommandExecutor.java:83)
	at org.openqa.selenium.remote.RemoteWebDriver.execute(RemoteWebDriver.java:552)
	at org.openqa.selenium.remote.RemoteWebDriver.perform(RemoteWebDriver.java:618)
	at sun.reflect.GeneratedMethodAccessor16.invoke(Unknown Source)
	at sun.reflect.DelegatingMethodAccessorImpl.invoke(DelegatingMethodAccessorImpl.java:43)
	at java.lang.reflect.Method.invoke(Method.java:498)
	at org.openqa.selenium.support.events.EventFiringWebDriver.lambda$new$1(EventFiringWebDriver.java:105)
	at com.sun.proxy.$Proxy25.perform(Unknown Source)
	at org.openqa.selenium.support.events.EventFiringWebDriver.perform(EventFiringWebDriver.java:360)
	at org.openqa.selenium.interactions.Actions$BuiltAction.perform(Actions.java:639)
	at com.zensar.scriptutils.GlobalFunction.click(GlobalFunction.java:408)
	at com.zensar.pageobjects.ProjectDetails.providerList(ProjectDetails.java:204)
	at com.zensar.stepDefinations.ActiveTransactionProviderListStepDefinitions.user_will_able_to_click_view_provider_list(ActiveTransactionProviderListStepDefinitions.java:23)
	at &#10045;.User will able to click view provider list(src/main/java/com/zensar/features/ActiveTransactionProviderList.feature:87)
	Suppressed: org.openqa.selenium.json.JsonException: Attempting to close incomplete json stream
Build info: version: '3.141.59', revision: 'e82be7d358', time: '2018-11-14T08:17:03'
System info: host: 'EUROW42SLPC5721', ip: '192.168.29.116', os.name: 'Windows 10', os.arch: 'amd64', os.version: '10.0', java.version: '1.8.0_221'
Driver info: driver.version: EventFiringWebDriver
		at org.openqa.selenium.json.JsonOutput.close(JsonOutput.java:279)
		at org.openqa.selenium.json.Json.toJson(Json.java:44)
		at org.openqa.selenium.remote.http.AbstractHttpCommandCodec.encode(AbstractHttpCommandCodec.java:227)
		at org.openqa.selenium.remote.http.AbstractHttpCommandCodec.encode(AbstractHttpCommandCodec.java:117)
		at org.openqa.selenium.remote.HttpCommandExecutor.execute(HttpCommandExecutor.java:152)
		at org.openqa.selenium.remote.service.DriverCommandExecutor.execute(DriverCommandExecutor.java:83)
		at org.openqa.selenium.remote.RemoteWebDriver.execute(RemoteWebDriver.java:552)
		at org.openqa.selenium.remote.RemoteWebDriver.perform(RemoteWebDriver.java:618)
		at sun.reflect.GeneratedMethodAccessor16.invoke(Unknown Source)
		at sun.reflect.DelegatingMethodAccessorImpl.invoke(DelegatingMethodAccessorImpl.java:43)
		at java.lang.reflect.Method.invoke(Method.java:498)
		at org.openqa.selenium.support.events.EventFiringWebDriver.lambda$new$1(EventFiringWebDriver.java:105)
		at com.sun.proxy.$Proxy25.perform(Unknown Source)
		at org.openqa.selenium.support.events.EventFiringWebDriver.perform(EventFiringWebDriver.java:360)
		at org.openqa.selenium.interactions.Actions$BuiltAction.perform(Actions.java:639)
		at com.zensar.scriptutils.GlobalFunction.click(GlobalFunction.java:408)
		at com.zensar.pageobjects.ProjectDetails.providerList(ProjectDetails.java:204)
		at com.zensar.stepDefinations.ActiveTransactionProviderListStepDefinitions.user_will_able_to_click_view_provider_list(ActiveTransactionProviderListStepDefinitions.java:23)
		at sun.reflect.NativeMethodAccessorImpl.invoke0(Native Method)
		at sun.reflect.NativeMethodAccessorImpl.invoke(NativeMethodAccessorImpl.java:62)
		at sun.reflect.DelegatingMethodAccessorImpl.invoke(DelegatingMethodAccessorImpl.java:43)
		at java.lang.reflect.Method.invoke(Method.java:498)
		at cucumber.runtime.Utils$1.call(Utils.java:26)
		at cucumber.runtime.Timeout.timeout(Timeout.java:16)
		at cucumber.runtime.Utils.invoke(Utils.java:20)
		at cucumber.runtime.java.JavaStepDefinition.execute(JavaStepDefinition.java:49)
		at cucumber.runner.PickleStepDefinitionMatch.runStep(PickleStepDefinitionMatch.java:50)
		at cucumber.runner.TestStep.executeStep(TestStep.java:63)
		at cucumber.runner.TestStep.run(TestStep.java:49)
		at cucumber.runner.PickleStepTestStep.run(PickleStepTestStep.java:43)
		at cucumber.runner.TestCase.run(TestCase.java:44)
		at cucumber.runner.Runner.runPickle(Runner.java:40)
		at cucumber.api.testng.TestNGCucumberRunner.runScenario(TestNGCucumberRunner.java:68)
		at com.zensar.runner.ActiveTransactionProviderList.feature(ActiveTransactionProviderList.java:37)
		at sun.reflect.NativeMethodAccessorImpl.invoke0(Native Method)
		at sun.reflect.NativeMethodAccessorImpl.invoke(NativeMethodAccessorImpl.java:62)
		at sun.reflect.DelegatingMethodAccessorImpl.invoke(DelegatingMethodAccessorImpl.java:43)
		at java.lang.reflect.Method.invoke(Method.java:498)
		at org.testng.internal.MethodInvocationHelper.invokeMethod(MethodInvocationHelper.java:124)
		at org.testng.internal.Invoker.invokeMethod(Invoker.java:583)
		at org.testng.internal.Invoker.invokeTestMethod(Invoker.java:719)
		at org.testng.internal.Invoker.invokeTestMethods(Invoker.java:989)
		at org.testng.internal.TestMethodWorker.invokeTestMethods(TestMethodWorker.java:125)
		at org.testng.internal.TestMethodWorker.run(TestMethodWorker.java:109)
		at org.testng.TestRunner.privateRun(TestRunner.java:648)
		at org.testng.TestRunner.run(TestRunner.java:505)
		at org.testng.SuiteRunner.runTest(SuiteRunner.java:455)
		at org.testng.SuiteRunner.access$000(SuiteRunner.java:40)
		at org.testng.SuiteRunner$SuiteWorker.run(SuiteRunner.java:489)
		at org.testng.internal.thread.ThreadUtil$1.call(ThreadUtil.java:52)
		at java.util.concurrent.FutureTask.run(FutureTask.java:266)
		at java.util.concurrent.ThreadPoolExecutor.runWorker(ThreadPoolExecutor.java:1149)
		at java.util.concurrent.ThreadPoolExecutor$Worker.run(ThreadPoolExecutor.java:624)
		at java.lang.Thread.run(Thread.java:748)
Caused by: java.lang.reflect.InvocationTargetException
	at sun.reflect.GeneratedMethodAccessor17.invoke(Unknown Source)
	at sun.reflect.DelegatingMethodAccessorImpl.invoke(DelegatingMethodAccessorImpl.java:43)
	at java.lang.reflect.Method.invoke(Method.java:498)
	at org.openqa.selenium.json.JsonOutput.convertUsingMethod(JsonOutput.java:328)
	at org.openqa.selenium.json.JsonOutput.lambda$new$16(JsonOutput.java:155)
	at org.openqa.selenium.json.JsonOutput.write(JsonOutput.java:264)
	at org.openqa.selenium.json.JsonOutput.lambda$null$21(JsonOutput.java:168)
	at java.util.LinkedHashMap$LinkedValues.forEach(LinkedHashMap.java:608)
	at org.openqa.selenium.json.JsonOutput.lambda$new$22(JsonOutput.java:168)
	at org.openqa.selenium.json.JsonOutput.write(JsonOutput.java:264)
	at org.openqa.selenium.json.JsonOutput.lambda$null$23(JsonOutput.java:177)
	at com.google.common.collect.SingletonImmutableBiMap.forEach(SingletonImmutableBiMap.java:65)
	at org.openqa.selenium.json.JsonOutput.lambda$new$24(JsonOutput.java:176)
	at org.openqa.selenium.json.JsonOutput.write(JsonOutput.java:264)
	at org.openqa.selenium.json.JsonOutput.write(JsonOutput.java:255)
	at org.openqa.selenium.json.Json.toJson(Json.java:42)
	at org.openqa.selenium.remote.http.AbstractHttpCommandCodec.encode(AbstractHttpCommandCodec.java:227)
	at org.openqa.selenium.remote.http.AbstractHttpCommandCodec.encode(AbstractHttpCommandCodec.java:117)
	at org.openqa.selenium.remote.HttpCommandExecutor.execute(HttpCommandExecutor.java:152)
	at org.openqa.selenium.remote.service.DriverCommandExecutor.execute(DriverCommandExecutor.java:83)
	at org.openqa.selenium.remote.RemoteWebDriver.execute(RemoteWebDriver.java:552)
	at org.openqa.selenium.remote.RemoteWebDriver.perform(RemoteWebDriver.java:618)
	at sun.reflect.GeneratedMethodAccessor16.invoke(Unknown Source)
	at sun.reflect.DelegatingMethodAccessorImpl.invoke(DelegatingMethodAccessorImpl.java:43)
	at java.lang.reflect.Method.invoke(Method.java:498)
	at org.openqa.selenium.support.events.EventFiringWebDriver.lambda$new$1(EventFiringWebDriver.java:105)
	at com.sun.proxy.$Proxy25.perform(Unknown Source)
	at org.openqa.selenium.support.events.EventFiringWebDriver.perform(EventFiringWebDriver.java:360)
	at org.openqa.selenium.interactions.Actions$BuiltAction.perform(Actions.java:639)
	at com.zensar.scriptutils.GlobalFunction.click(GlobalFunction.java:408)
	at com.zensar.pageobjects.ProjectDetails.providerList(ProjectDetails.java:204)
	at com.zensar.stepDefinations.ActiveTransactionProviderListStepDefinitions.user_will_able_to_click_view_provider_list(ActiveTransactionProviderListStepDefinitions.java:23)
	at sun.reflect.NativeMethodAccessorImpl.invoke0(Native Method)
	at sun.reflect.NativeMethodAccessorImpl.invoke(NativeMethodAccessorImpl.java:62)
	at sun.reflect.DelegatingMethodAccessorImpl.invoke(DelegatingMethodAccessorImpl.java:43)
	at java.lang.reflect.Method.invoke(Method.java:498)
	at cucumber.runtime.Utils$1.call(Utils.java:26)
	at cucumber.runtime.Timeout.timeout(Timeout.java:16)
	at cucumber.runtime.Utils.invoke(Utils.java:20)
	at cucumber.runtime.java.JavaStepDefinition.execute(JavaStepDefinition.java:49)
	at cucumber.runner.PickleStepDefinitionMatch.runStep(PickleStepDefinitionMatch.java:50)
	at cucumber.runner.TestStep.executeStep(TestStep.java:63)
	at cucumber.runner.TestStep.run(TestStep.java:49)
	at cucumber.runner.PickleStepTestStep.run(PickleStepTestStep.java:43)
	at cucumber.runner.TestCase.run(TestCase.java:44)
	at cucumber.runner.Runner.runPickle(Runner.java:40)
	at cucumber.api.testng.TestNGCucumberRunner.runScenario(TestNGCucumberRunner.java:68)
	at com.zensar.runner.ActiveTransactionProviderList.feature(ActiveTransactionProviderList.java:37)
	at sun.reflect.NativeMethodAccessorImpl.invoke0(Native Method)
	at sun.reflect.NativeMethodAccessorImpl.invoke(NativeMethodAccessorImpl.java:62)
	at sun.reflect.DelegatingMethodAccessorImpl.invoke(DelegatingMethodAccessorImpl.java:43)
	at java.lang.reflect.Method.invoke(Method.java:498)
	at org.testng.internal.MethodInvocationHelper.invokeMethod(MethodInvocationHelper.java:124)
	at org.testng.internal.Invoker.invokeMethod(Invoker.java:583)
	at org.testng.internal.Invoker.invokeTestMethod(Invoker.java:719)
	at org.testng.internal.Invoker.invokeTestMethods(Invoker.java:989)
	at org.testng.internal.TestMethodWorker.invokeTestMethods(TestMethodWorker.java:125)
	at org.testng.internal.TestMethodWorker.run(TestMethodWorker.java:109)
	at org.testng.TestRunner.privateRun(TestRunner.java:648)
	at org.testng.TestRunner.run(TestRunner.java:505)
	at org.testng.SuiteRunner.runTest(SuiteRunner.java:455)
	at org.testng.SuiteRunner.access$000(SuiteRunner.java:40)
	at org.testng.SuiteRunner$SuiteWorker.run(SuiteRunner.java:489)
	at org.testng.internal.thread.ThreadUtil$1.call(ThreadUtil.java:52)
	at java.util.concurrent.FutureTask.run(FutureTask.java:266)
	at java.util.concurrent.ThreadPoolExecutor.runWorker(ThreadPoolExecutor.java:1149)
	at java.util.concurrent.ThreadPoolExecutor$Worker.run(ThreadPoolExecutor.java:624)
	at java.lang.Thread.run(Thread.java:748)
Caused by: org.openqa.selenium.NoSuchElementException: no such element: Unable to locate element: {&quot;method&quot;:&quot;xpath&quot;,&quot;selector&quot;:&quot;//button[@id='providerListButton']&quot;}
  (Session info: chrome=122.0.6261.128)
For documentation on this error, please visit: https://www.seleniumhq.org/exceptions/no_such_element.html
Build info: version: '3.141.59', revision: 'e82be7d358', time: '2018-11-14T08:17:03'
System info: host: 'EUROW42SLPC5721', ip: '192.168.29.116', os.name: 'Windows 10', os.arch: 'amd64', os.version: '10.0', java.version: '1.8.0_221'
Driver info: org.openqa.selenium.chrome.ChromeDriver
Capabilities {acceptInsecureCerts: false, browserName: chrome, browserVersion: 122.0.6261.128, chrome: {chromedriverVersion: 122.0.6261.128 (f18a44fedeb..., userDataDir: C:\Users\vs106039\AppData\L...}, fedcm:accounts: true, goog:chromeOptions: {debuggerAddress: localhost:53297}, javascriptEnabled: true, networkConnectionEnabled: false, pageLoadStrategy: normal, platform: WINDOWS, platformName: WINDOWS, proxy: Proxy(), setWindowRect: true, strictFileInteractability: false, timeouts: {implicit: 0, pageLoad: 300000, script: 30000}, unhandledPromptBehavior: dismiss and notify, webauthn:extension:credBlob: true, webauthn:extension:largeBlob: true, webauthn:extension:minPinLength: true, webauthn:extension:prf: true, webauthn:virtualAuthenticators: true}
Session ID: f4fd9853f9f95cf7842fe8ca0ecbde79
*** Element info: {Using=xpath, value=//button[@id='providerListButton']}
	at sun.reflect.GeneratedConstructorAccessor84.newInstance(Unknown Source)
	at sun.reflect.DelegatingConstructorAccessorImpl.newInstance(DelegatingConstructorAccessorImpl.java:45)
	at java.lang.reflect.Constructor.newInstance(Constructor.java:423)
	at org.openqa.selenium.remote.http.W3CHttpResponseCodec.createException(W3CHttpResponseCodec.java:187)
	at org.openqa.selenium.remote.http.W3CHttpResponseCodec.decode(W3CHttpResponseCodec.java:122)
	at org.openqa.selenium.remote.http.W3CHttpResponseCodec.decode(W3CHttpResponseCodec.java:49)
	at org.openqa.selenium.remote.HttpCommandExecutor.execute(HttpCommandExecutor.java:158)
	at org.openqa.selenium.remote.service.DriverCommandExecutor.execute(DriverCommandExecutor.java:83)
	at org.openqa.selenium.remote.RemoteWebDriver.execute(RemoteWebDriver.java:552)
	at org.openqa.selenium.remote.RemoteWebDriver.findElement(RemoteWebDriver.java:323)
	at org.openqa.selenium.remote.RemoteWebDriver.findElementByXPath(RemoteWebDriver.java:428)
	at org.openqa.selenium.By$ByXPath.findElement(By.java:353)
	at org.openqa.selenium.remote.RemoteWebDriver.findElement(RemoteWebDriver.java:315)
	at sun.reflect.GeneratedMethodAccessor6.invoke(Unknown Source)
	at sun.reflect.DelegatingMethodAccessorImpl.invoke(DelegatingMethodAccessorImpl.java:43)
	at java.lang.reflect.Method.invoke(Method.java:498)
	at org.openqa.selenium.support.events.EventFiringWebDriver.lambda$new$1(EventFiringWebDriver.java:105)
	at com.sun.proxy.$Proxy25.findElement(Unknown Source)
	at org.openqa.selenium.support.events.EventFiringWebDriver.findElement(EventFiringWebDriver.java:194)
	at org.openqa.selenium.support.pagefactory.DefaultElementLocator.findElement(DefaultElementLocator.java:69)
	at org.openqa.selenium.support.pagefactory.internal.LocatingElementHandler.invoke(LocatingElementHandler.java:38)
	at com.sun.proxy.$Proxy28.getWrappedElement(Unknown Source)
	at org.openqa.selenium.interactions.PointerInput$Origin.asArg(PointerInput.java:204)
	at org.openqa.selenium.interactions.PointerInput$Move.encode(PointerInput.java:155)
	at org.openqa.selenium.interactions.Sequence.encode(Sequence.java:75)
	at org.openqa.selenium.interactions.Sequence.toJson(Sequence.java:84)
	... 68 more
</pre>
      </div>
    </div>
  </div>


        
        

        

        
  
      </div>
          <div class="step">
        
<div class="brief skipped">
  <span class="keyword indention">And</span>
  <span class="name">Not able to find toggle button</span>
  
  <span class="lead-duration duration">000ms</span>

  </div>

        


        
        

        

        
  
      </div>
      </div>
</div>


    
  <div class="inner-level hooks-after">
        <div data-toggle="collapse" class=" collapsed  collapsable-control" data-target="#after-113">
      
<div class="brief passed">
  <span class="keyword indention">Hooks</span>
  <span class="name"></span>
  

       <i class="chevron fa fa-fw"></i>
  </div>

    </div>

    <div id="after-113" class="inner-level collapse collapsable-details ">
              <div class="hook">
          <div class="brief passed">
            <span class="keyword indention">After</span>
                          <span class="location name">Hooks.tearDown(Scenario)</span>
                        
  <span class="lead-duration duration">032ms</span>

          </div>

                      

          
          
  
        </div>
          </div>
  </div>

  </div>
</div>

                      
<div class="element">
  
  
<div class="tags indention">
  </div>

  
  <span class="lead-duration duration">2s 993ms</span>


    <span data-toggle="collapse" class=" collapsed  collapsable-control" data-target="#element-114">
    
<div class="brief passed">
  <span class="keyword indention">Background</span>
  <span class="name"></span>
  

       <i class="chevron fa fa-fw"></i>
  </div>

  </span>
  <div class="description indention"></div>

  <div id="element-114" class="collapse collapsable-details ">
    


    
<div class="steps inner-level">
    <div data-toggle="collapse" class=" collapsed  collapsable-control" data-target="#steps-115">
    
<div class="brief passed">
  <span class="keyword indention">Steps</span>
  <span class="name"></span>
  

       <i class="chevron fa fa-fw"></i>
  </div>

  </div>

  <div id="steps-115" class="inner-level collapse collapsable-details ">
          <div class="step">
        
<div class="brief passed">
  <span class="keyword indention">Given</span>
  <span class="name">User navigates to ISG Landing Page and Login</span>
  
  <span class="lead-duration duration">2s 993ms</span>

  </div>

        


        
        

        

        
  
      </div>
      </div>
</div>


    

  </div>
</div>

                      
<div class="element">
  
  
<div class="tags indention">
  </div>

  
  <span class="lead-duration duration">1m 32s 924ms</span>


    <span data-toggle="collapse" class=" collapsable-control" data-target="#element-116">
    
<div class="brief failed">
  <span class="keyword indention">Scenario Outline</span>
  <span class="name">Verify there is no add provider button for client lead login#ProviderList</span>
  

       <i class="chevron fa fa-fw"></i>
  </div>

  </span>
  <div class="description indention"></div>

  <div id="element-116" class="collapse collapsable-details  in ">
    
  <div class="inner-level hooks-before">
        <div data-toggle="collapse" class=" collapsed  collapsable-control" data-target="#before-117">
      
<div class="brief passed">
  <span class="keyword indention">Hooks</span>
  <span class="name"></span>
  

       <i class="chevron fa fa-fw"></i>
  </div>

    </div>

    <div id="before-117" class="inner-level collapse collapsable-details ">
              <div class="hook">
          <div class="brief passed">
            <span class="keyword indention">Before</span>
                          <span class="location name">Hooks.setupEnvironment(Scenario)</span>
                        
  <span class="lead-duration duration">1s 859ms</span>

          </div>

                      

          
          
  
        </div>
          </div>
  </div>


    
<div class="steps inner-level">
    <div data-toggle="collapse" class=" collapsable-control" data-target="#steps-118">
    
<div class="brief failed">
  <span class="keyword indention">Steps</span>
  <span class="name"></span>
  

       <i class="chevron fa fa-fw"></i>
  </div>

  </div>

  <div id="steps-118" class="inner-level collapse collapsable-details  in ">
          <div class="step">
        
<div class="brief passed">
  <span class="keyword indention">When</span>
  <span class="name">user logs in to ISG as Client</span>
  
  <span class="lead-duration duration">7s 694ms</span>

  </div>

        


        
        

        

        
    <div class="embeddings inner-level">
                <div class="embedding indention">
        <div data-toggle="collapse" data-target="#embedding-119" class="collapsable-control">
      <a>Attachment 1 (png)</a>
      <a href="embeddings/embedding_-431134328.png" download target="_blank">
        <span class="download-button glyphicon glyphicon-download-alt"></span>
      </a>
    </div>
    <div id="embedding-119" class="collapse collapsable-details">
      <div class="embedding-content">
        <img src="embeddings/embedding_-431134328.png">
      </div>
    </div>
  </div>
                  <div class="embedding indention">
        <div data-toggle="collapse" data-target="#embedding-120" class="collapsable-control">
      <a>Attachment 2 (png)</a>
      <a href="embeddings/embedding_-2084586386.png" download target="_blank">
        <span class="download-button glyphicon glyphicon-download-alt"></span>
      </a>
    </div>
    <div id="embedding-120" class="collapse collapsable-details">
      <div class="embedding-content">
        <img src="embeddings/embedding_-2084586386.png">
      </div>
    </div>
  </div>
        </div>
  
      </div>
          <div class="step">
        
<div class="brief passed">
  <span class="keyword indention">Then</span>
  <span class="name">Verify for Active Transaction</span>
  
  <span class="lead-duration duration">14s 789ms</span>

  </div>

        


        
        

        
  <div class="outputs inner-level">
          <div class="output indention">
        <div data-toggle="collapse" class=" collapsed  collapsable-control" data-target="#output-121">
          Output 1
          <i class="chevron fa fa-fw"></i>
        </div>
        <div id="output-121" class="collapse collapsable-details " >
          
          <pre><p>[INFO]	[Assertion Pass]	Number of Active Transaction =  Active transactions (3)</p></pre>
        </div>
      </div>
      </div>

        
    <div class="embeddings inner-level">
                <div class="embedding indention">
        <div data-toggle="collapse" data-target="#embedding-122" class="collapsable-control">
      <a>Attachment 1 (png)</a>
      <a href="embeddings/embedding_-865069923.png" download target="_blank">
        <span class="download-button glyphicon glyphicon-download-alt"></span>
      </a>
    </div>
    <div id="embedding-122" class="collapse collapsable-details">
      <div class="embedding-content">
        <img src="embeddings/embedding_-865069923.png">
      </div>
    </div>
  </div>
        </div>
  
      </div>
          <div class="step">
        
<div class="brief passed">
  <span class="keyword indention">Then</span>
  <span class="name">User clicks on first Active Transaction</span>
  
  <span class="lead-duration duration">10s 409ms</span>

  </div>

        


        
        

        

        
    <div class="embeddings inner-level">
                <div class="embedding indention">
        <div data-toggle="collapse" data-target="#embedding-123" class="collapsable-control">
      <a>Attachment 1 (png)</a>
      <a href="embeddings/embedding_-430158662.png" download target="_blank">
        <span class="download-button glyphicon glyphicon-download-alt"></span>
      </a>
    </div>
    <div id="embedding-123" class="collapse collapsable-details">
      <div class="embedding-content">
        <img src="embeddings/embedding_-430158662.png">
      </div>
    </div>
  </div>
        </div>
  
      </div>
          <div class="step">
        
<div class="brief failed">
  <span class="keyword indention">Then</span>
  <span class="name">User will able to click view provider list</span>
  
  <span class="lead-duration duration">1m 030ms</span>

  </div>

        

  <div class="inner-level">
    <div class="message indention">
      <div data-toggle="collapse" class=" collapsable-control" data-target="#msg-124">
          <a>org.openqa.selenium.json.JsonException: java.lang.reflect.InvocationTargetException</a>
      </div>
      <div id="msg-124" class="collapse collapsable-details  in ">
        <pre>org.openqa.selenium.json.JsonException: java.lang.reflect.InvocationTargetException
Build info: version: '3.141.59', revision: 'e82be7d358', time: '2018-11-14T08:17:03'
System info: host: 'EUROW42SLPC5721', ip: '192.168.29.116', os.name: 'Windows 10', os.arch: 'amd64', os.version: '10.0', java.version: '1.8.0_221'
Driver info: driver.version: EventFiringWebDriver
	at org.openqa.selenium.json.JsonOutput.convertUsingMethod(JsonOutput.java:332)
	at org.openqa.selenium.json.JsonOutput.lambda$new$16(JsonOutput.java:155)
	at org.openqa.selenium.json.JsonOutput.write(JsonOutput.java:264)
	at org.openqa.selenium.json.JsonOutput.lambda$null$21(JsonOutput.java:168)
	at java.util.LinkedHashMap$LinkedValues.forEach(LinkedHashMap.java:608)
	at org.openqa.selenium.json.JsonOutput.lambda$new$22(JsonOutput.java:168)
	at org.openqa.selenium.json.JsonOutput.write(JsonOutput.java:264)
	at org.openqa.selenium.json.JsonOutput.lambda$null$23(JsonOutput.java:177)
	at com.google.common.collect.SingletonImmutableBiMap.forEach(SingletonImmutableBiMap.java:65)
	at org.openqa.selenium.json.JsonOutput.lambda$new$24(JsonOutput.java:176)
	at org.openqa.selenium.json.JsonOutput.write(JsonOutput.java:264)
	at org.openqa.selenium.json.JsonOutput.write(JsonOutput.java:255)
	at org.openqa.selenium.json.Json.toJson(Json.java:42)
	at org.openqa.selenium.remote.http.AbstractHttpCommandCodec.encode(AbstractHttpCommandCodec.java:227)
	at org.openqa.selenium.remote.http.AbstractHttpCommandCodec.encode(AbstractHttpCommandCodec.java:117)
	at org.openqa.selenium.remote.HttpCommandExecutor.execute(HttpCommandExecutor.java:152)
	at org.openqa.selenium.remote.service.DriverCommandExecutor.execute(DriverCommandExecutor.java:83)
	at org.openqa.selenium.remote.RemoteWebDriver.execute(RemoteWebDriver.java:552)
	at org.openqa.selenium.remote.RemoteWebDriver.perform(RemoteWebDriver.java:618)
	at sun.reflect.GeneratedMethodAccessor16.invoke(Unknown Source)
	at sun.reflect.DelegatingMethodAccessorImpl.invoke(DelegatingMethodAccessorImpl.java:43)
	at java.lang.reflect.Method.invoke(Method.java:498)
	at org.openqa.selenium.support.events.EventFiringWebDriver.lambda$new$1(EventFiringWebDriver.java:105)
	at com.sun.proxy.$Proxy25.perform(Unknown Source)
	at org.openqa.selenium.support.events.EventFiringWebDriver.perform(EventFiringWebDriver.java:360)
	at org.openqa.selenium.interactions.Actions$BuiltAction.perform(Actions.java:639)
	at com.zensar.scriptutils.GlobalFunction.click(GlobalFunction.java:408)
	at com.zensar.pageobjects.ProjectDetails.providerList(ProjectDetails.java:204)
	at com.zensar.stepDefinations.ActiveTransactionProviderListStepDefinitions.user_will_able_to_click_view_provider_list(ActiveTransactionProviderListStepDefinitions.java:23)
	at &#10045;.User will able to click view provider list(src/main/java/com/zensar/features/ActiveTransactionProviderList.feature:98)
	Suppressed: org.openqa.selenium.json.JsonException: Attempting to close incomplete json stream
Build info: version: '3.141.59', revision: 'e82be7d358', time: '2018-11-14T08:17:03'
System info: host: 'EUROW42SLPC5721', ip: '192.168.29.116', os.name: 'Windows 10', os.arch: 'amd64', os.version: '10.0', java.version: '1.8.0_221'
Driver info: driver.version: EventFiringWebDriver
		at org.openqa.selenium.json.JsonOutput.close(JsonOutput.java:279)
		at org.openqa.selenium.json.Json.toJson(Json.java:44)
		at org.openqa.selenium.remote.http.AbstractHttpCommandCodec.encode(AbstractHttpCommandCodec.java:227)
		at org.openqa.selenium.remote.http.AbstractHttpCommandCodec.encode(AbstractHttpCommandCodec.java:117)
		at org.openqa.selenium.remote.HttpCommandExecutor.execute(HttpCommandExecutor.java:152)
		at org.openqa.selenium.remote.service.DriverCommandExecutor.execute(DriverCommandExecutor.java:83)
		at org.openqa.selenium.remote.RemoteWebDriver.execute(RemoteWebDriver.java:552)
		at org.openqa.selenium.remote.RemoteWebDriver.perform(RemoteWebDriver.java:618)
		at sun.reflect.GeneratedMethodAccessor16.invoke(Unknown Source)
		at sun.reflect.DelegatingMethodAccessorImpl.invoke(DelegatingMethodAccessorImpl.java:43)
		at java.lang.reflect.Method.invoke(Method.java:498)
		at org.openqa.selenium.support.events.EventFiringWebDriver.lambda$new$1(EventFiringWebDriver.java:105)
		at com.sun.proxy.$Proxy25.perform(Unknown Source)
		at org.openqa.selenium.support.events.EventFiringWebDriver.perform(EventFiringWebDriver.java:360)
		at org.openqa.selenium.interactions.Actions$BuiltAction.perform(Actions.java:639)
		at com.zensar.scriptutils.GlobalFunction.click(GlobalFunction.java:408)
		at com.zensar.pageobjects.ProjectDetails.providerList(ProjectDetails.java:204)
		at com.zensar.stepDefinations.ActiveTransactionProviderListStepDefinitions.user_will_able_to_click_view_provider_list(ActiveTransactionProviderListStepDefinitions.java:23)
		at sun.reflect.NativeMethodAccessorImpl.invoke0(Native Method)
		at sun.reflect.NativeMethodAccessorImpl.invoke(NativeMethodAccessorImpl.java:62)
		at sun.reflect.DelegatingMethodAccessorImpl.invoke(DelegatingMethodAccessorImpl.java:43)
		at java.lang.reflect.Method.invoke(Method.java:498)
		at cucumber.runtime.Utils$1.call(Utils.java:26)
		at cucumber.runtime.Timeout.timeout(Timeout.java:16)
		at cucumber.runtime.Utils.invoke(Utils.java:20)
		at cucumber.runtime.java.JavaStepDefinition.execute(JavaStepDefinition.java:49)
		at cucumber.runner.PickleStepDefinitionMatch.runStep(PickleStepDefinitionMatch.java:50)
		at cucumber.runner.TestStep.executeStep(TestStep.java:63)
		at cucumber.runner.TestStep.run(TestStep.java:49)
		at cucumber.runner.PickleStepTestStep.run(PickleStepTestStep.java:43)
		at cucumber.runner.TestCase.run(TestCase.java:44)
		at cucumber.runner.Runner.runPickle(Runner.java:40)
		at cucumber.api.testng.TestNGCucumberRunner.runScenario(TestNGCucumberRunner.java:68)
		at com.zensar.runner.ActiveTransactionProviderList.feature(ActiveTransactionProviderList.java:37)
		at sun.reflect.NativeMethodAccessorImpl.invoke0(Native Method)
		at sun.reflect.NativeMethodAccessorImpl.invoke(NativeMethodAccessorImpl.java:62)
		at sun.reflect.DelegatingMethodAccessorImpl.invoke(DelegatingMethodAccessorImpl.java:43)
		at java.lang.reflect.Method.invoke(Method.java:498)
		at org.testng.internal.MethodInvocationHelper.invokeMethod(MethodInvocationHelper.java:124)
		at org.testng.internal.Invoker.invokeMethod(Invoker.java:583)
		at org.testng.internal.Invoker.invokeTestMethod(Invoker.java:719)
		at org.testng.internal.Invoker.invokeTestMethods(Invoker.java:989)
		at org.testng.internal.TestMethodWorker.invokeTestMethods(TestMethodWorker.java:125)
		at org.testng.internal.TestMethodWorker.run(TestMethodWorker.java:109)
		at org.testng.TestRunner.privateRun(TestRunner.java:648)
		at org.testng.TestRunner.run(TestRunner.java:505)
		at org.testng.SuiteRunner.runTest(SuiteRunner.java:455)
		at org.testng.SuiteRunner.access$000(SuiteRunner.java:40)
		at org.testng.SuiteRunner$SuiteWorker.run(SuiteRunner.java:489)
		at org.testng.internal.thread.ThreadUtil$1.call(ThreadUtil.java:52)
		at java.util.concurrent.FutureTask.run(FutureTask.java:266)
		at java.util.concurrent.ThreadPoolExecutor.runWorker(ThreadPoolExecutor.java:1149)
		at java.util.concurrent.ThreadPoolExecutor$Worker.run(ThreadPoolExecutor.java:624)
		at java.lang.Thread.run(Thread.java:748)
Caused by: java.lang.reflect.InvocationTargetException
	at sun.reflect.GeneratedMethodAccessor17.invoke(Unknown Source)
	at sun.reflect.DelegatingMethodAccessorImpl.invoke(DelegatingMethodAccessorImpl.java:43)
	at java.lang.reflect.Method.invoke(Method.java:498)
	at org.openqa.selenium.json.JsonOutput.convertUsingMethod(JsonOutput.java:328)
	at org.openqa.selenium.json.JsonOutput.lambda$new$16(JsonOutput.java:155)
	at org.openqa.selenium.json.JsonOutput.write(JsonOutput.java:264)
	at org.openqa.selenium.json.JsonOutput.lambda$null$21(JsonOutput.java:168)
	at java.util.LinkedHashMap$LinkedValues.forEach(LinkedHashMap.java:608)
	at org.openqa.selenium.json.JsonOutput.lambda$new$22(JsonOutput.java:168)
	at org.openqa.selenium.json.JsonOutput.write(JsonOutput.java:264)
	at org.openqa.selenium.json.JsonOutput.lambda$null$23(JsonOutput.java:177)
	at com.google.common.collect.SingletonImmutableBiMap.forEach(SingletonImmutableBiMap.java:65)
	at org.openqa.selenium.json.JsonOutput.lambda$new$24(JsonOutput.java:176)
	at org.openqa.selenium.json.JsonOutput.write(JsonOutput.java:264)
	at org.openqa.selenium.json.JsonOutput.write(JsonOutput.java:255)
	at org.openqa.selenium.json.Json.toJson(Json.java:42)
	at org.openqa.selenium.remote.http.AbstractHttpCommandCodec.encode(AbstractHttpCommandCodec.java:227)
	at org.openqa.selenium.remote.http.AbstractHttpCommandCodec.encode(AbstractHttpCommandCodec.java:117)
	at org.openqa.selenium.remote.HttpCommandExecutor.execute(HttpCommandExecutor.java:152)
	at org.openqa.selenium.remote.service.DriverCommandExecutor.execute(DriverCommandExecutor.java:83)
	at org.openqa.selenium.remote.RemoteWebDriver.execute(RemoteWebDriver.java:552)
	at org.openqa.selenium.remote.RemoteWebDriver.perform(RemoteWebDriver.java:618)
	at sun.reflect.GeneratedMethodAccessor16.invoke(Unknown Source)
	at sun.reflect.DelegatingMethodAccessorImpl.invoke(DelegatingMethodAccessorImpl.java:43)
	at java.lang.reflect.Method.invoke(Method.java:498)
	at org.openqa.selenium.support.events.EventFiringWebDriver.lambda$new$1(EventFiringWebDriver.java:105)
	at com.sun.proxy.$Proxy25.perform(Unknown Source)
	at org.openqa.selenium.support.events.EventFiringWebDriver.perform(EventFiringWebDriver.java:360)
	at org.openqa.selenium.interactions.Actions$BuiltAction.perform(Actions.java:639)
	at com.zensar.scriptutils.GlobalFunction.click(GlobalFunction.java:408)
	at com.zensar.pageobjects.ProjectDetails.providerList(ProjectDetails.java:204)
	at com.zensar.stepDefinations.ActiveTransactionProviderListStepDefinitions.user_will_able_to_click_view_provider_list(ActiveTransactionProviderListStepDefinitions.java:23)
	at sun.reflect.NativeMethodAccessorImpl.invoke0(Native Method)
	at sun.reflect.NativeMethodAccessorImpl.invoke(NativeMethodAccessorImpl.java:62)
	at sun.reflect.DelegatingMethodAccessorImpl.invoke(DelegatingMethodAccessorImpl.java:43)
	at java.lang.reflect.Method.invoke(Method.java:498)
	at cucumber.runtime.Utils$1.call(Utils.java:26)
	at cucumber.runtime.Timeout.timeout(Timeout.java:16)
	at cucumber.runtime.Utils.invoke(Utils.java:20)
	at cucumber.runtime.java.JavaStepDefinition.execute(JavaStepDefinition.java:49)
	at cucumber.runner.PickleStepDefinitionMatch.runStep(PickleStepDefinitionMatch.java:50)
	at cucumber.runner.TestStep.executeStep(TestStep.java:63)
	at cucumber.runner.TestStep.run(TestStep.java:49)
	at cucumber.runner.PickleStepTestStep.run(PickleStepTestStep.java:43)
	at cucumber.runner.TestCase.run(TestCase.java:44)
	at cucumber.runner.Runner.runPickle(Runner.java:40)
	at cucumber.api.testng.TestNGCucumberRunner.runScenario(TestNGCucumberRunner.java:68)
	at com.zensar.runner.ActiveTransactionProviderList.feature(ActiveTransactionProviderList.java:37)
	at sun.reflect.NativeMethodAccessorImpl.invoke0(Native Method)
	at sun.reflect.NativeMethodAccessorImpl.invoke(NativeMethodAccessorImpl.java:62)
	at sun.reflect.DelegatingMethodAccessorImpl.invoke(DelegatingMethodAccessorImpl.java:43)
	at java.lang.reflect.Method.invoke(Method.java:498)
	at org.testng.internal.MethodInvocationHelper.invokeMethod(MethodInvocationHelper.java:124)
	at org.testng.internal.Invoker.invokeMethod(Invoker.java:583)
	at org.testng.internal.Invoker.invokeTestMethod(Invoker.java:719)
	at org.testng.internal.Invoker.invokeTestMethods(Invoker.java:989)
	at org.testng.internal.TestMethodWorker.invokeTestMethods(TestMethodWorker.java:125)
	at org.testng.internal.TestMethodWorker.run(TestMethodWorker.java:109)
	at org.testng.TestRunner.privateRun(TestRunner.java:648)
	at org.testng.TestRunner.run(TestRunner.java:505)
	at org.testng.SuiteRunner.runTest(SuiteRunner.java:455)
	at org.testng.SuiteRunner.access$000(SuiteRunner.java:40)
	at org.testng.SuiteRunner$SuiteWorker.run(SuiteRunner.java:489)
	at org.testng.internal.thread.ThreadUtil$1.call(ThreadUtil.java:52)
	at java.util.concurrent.FutureTask.run(FutureTask.java:266)
	at java.util.concurrent.ThreadPoolExecutor.runWorker(ThreadPoolExecutor.java:1149)
	at java.util.concurrent.ThreadPoolExecutor$Worker.run(ThreadPoolExecutor.java:624)
	at java.lang.Thread.run(Thread.java:748)
Caused by: org.openqa.selenium.NoSuchElementException: no such element: Unable to locate element: {&quot;method&quot;:&quot;xpath&quot;,&quot;selector&quot;:&quot;//button[@id='providerListButton']&quot;}
  (Session info: chrome=122.0.6261.128)
For documentation on this error, please visit: https://www.seleniumhq.org/exceptions/no_such_element.html
Build info: version: '3.141.59', revision: 'e82be7d358', time: '2018-11-14T08:17:03'
System info: host: 'EUROW42SLPC5721', ip: '192.168.29.116', os.name: 'Windows 10', os.arch: 'amd64', os.version: '10.0', java.version: '1.8.0_221'
Driver info: org.openqa.selenium.chrome.ChromeDriver
Capabilities {acceptInsecureCerts: false, browserName: chrome, browserVersion: 122.0.6261.128, chrome: {chromedriverVersion: 122.0.6261.128 (f18a44fedeb..., userDataDir: C:\Users\vs106039\AppData\L...}, fedcm:accounts: true, goog:chromeOptions: {debuggerAddress: localhost:53377}, javascriptEnabled: true, networkConnectionEnabled: false, pageLoadStrategy: normal, platform: WINDOWS, platformName: WINDOWS, proxy: Proxy(), setWindowRect: true, strictFileInteractability: false, timeouts: {implicit: 0, pageLoad: 300000, script: 30000}, unhandledPromptBehavior: dismiss and notify, webauthn:extension:credBlob: true, webauthn:extension:largeBlob: true, webauthn:extension:minPinLength: true, webauthn:extension:prf: true, webauthn:virtualAuthenticators: true}
Session ID: 1a57a8cd8bb43dee09519294c3d22345
*** Element info: {Using=xpath, value=//button[@id='providerListButton']}
	at sun.reflect.GeneratedConstructorAccessor84.newInstance(Unknown Source)
	at sun.reflect.DelegatingConstructorAccessorImpl.newInstance(DelegatingConstructorAccessorImpl.java:45)
	at java.lang.reflect.Constructor.newInstance(Constructor.java:423)
	at org.openqa.selenium.remote.http.W3CHttpResponseCodec.createException(W3CHttpResponseCodec.java:187)
	at org.openqa.selenium.remote.http.W3CHttpResponseCodec.decode(W3CHttpResponseCodec.java:122)
	at org.openqa.selenium.remote.http.W3CHttpResponseCodec.decode(W3CHttpResponseCodec.java:49)
	at org.openqa.selenium.remote.HttpCommandExecutor.execute(HttpCommandExecutor.java:158)
	at org.openqa.selenium.remote.service.DriverCommandExecutor.execute(DriverCommandExecutor.java:83)
	at org.openqa.selenium.remote.RemoteWebDriver.execute(RemoteWebDriver.java:552)
	at org.openqa.selenium.remote.RemoteWebDriver.findElement(RemoteWebDriver.java:323)
	at org.openqa.selenium.remote.RemoteWebDriver.findElementByXPath(RemoteWebDriver.java:428)
	at org.openqa.selenium.By$ByXPath.findElement(By.java:353)
	at org.openqa.selenium.remote.RemoteWebDriver.findElement(RemoteWebDriver.java:315)
	at sun.reflect.GeneratedMethodAccessor6.invoke(Unknown Source)
	at sun.reflect.DelegatingMethodAccessorImpl.invoke(DelegatingMethodAccessorImpl.java:43)
	at java.lang.reflect.Method.invoke(Method.java:498)
	at org.openqa.selenium.support.events.EventFiringWebDriver.lambda$new$1(EventFiringWebDriver.java:105)
	at com.sun.proxy.$Proxy25.findElement(Unknown Source)
	at org.openqa.selenium.support.events.EventFiringWebDriver.findElement(EventFiringWebDriver.java:194)
	at org.openqa.selenium.support.pagefactory.DefaultElementLocator.findElement(DefaultElementLocator.java:69)
	at org.openqa.selenium.support.pagefactory.internal.LocatingElementHandler.invoke(LocatingElementHandler.java:38)
	at com.sun.proxy.$Proxy28.getWrappedElement(Unknown Source)
	at org.openqa.selenium.interactions.PointerInput$Origin.asArg(PointerInput.java:204)
	at org.openqa.selenium.interactions.PointerInput$Move.encode(PointerInput.java:155)
	at org.openqa.selenium.interactions.Sequence.encode(Sequence.java:75)
	at org.openqa.selenium.interactions.Sequence.toJson(Sequence.java:84)
	... 68 more
</pre>
      </div>
    </div>
  </div>


        
        

        

        
  
      </div>
          <div class="step">
        
<div class="brief skipped">
  <span class="keyword indention">And</span>
  <span class="name">Not able to find add provider</span>
  
  <span class="lead-duration duration">000ms</span>

  </div>

        


        
        

        

        
  
      </div>
      </div>
</div>


    
  <div class="inner-level hooks-after">
        <div data-toggle="collapse" class=" collapsed  collapsable-control" data-target="#after-125">
      
<div class="brief passed">
  <span class="keyword indention">Hooks</span>
  <span class="name"></span>
  

       <i class="chevron fa fa-fw"></i>
  </div>

    </div>

    <div id="after-125" class="inner-level collapse collapsable-details ">
              <div class="hook">
          <div class="brief passed">
            <span class="keyword indention">After</span>
                          <span class="location name">Hooks.tearDown(Scenario)</span>
                        
  <span class="lead-duration duration">024ms</span>

          </div>

                      

          
          
  
        </div>
          </div>
  </div>

  </div>
</div>

                      
<div class="element">
  
  
<div class="tags indention">
  </div>

  
  <span class="lead-duration duration">2s 864ms</span>


    <span data-toggle="collapse" class=" collapsed  collapsable-control" data-target="#element-126">
    
<div class="brief passed">
  <span class="keyword indention">Background</span>
  <span class="name"></span>
  

       <i class="chevron fa fa-fw"></i>
  </div>

  </span>
  <div class="description indention"></div>

  <div id="element-126" class="collapse collapsable-details ">
    


    
<div class="steps inner-level">
    <div data-toggle="collapse" class=" collapsed  collapsable-control" data-target="#steps-127">
    
<div class="brief passed">
  <span class="keyword indention">Steps</span>
  <span class="name"></span>
  

       <i class="chevron fa fa-fw"></i>
  </div>

  </div>

  <div id="steps-127" class="inner-level collapse collapsable-details ">
          <div class="step">
        
<div class="brief passed">
  <span class="keyword indention">Given</span>
  <span class="name">User navigates to ISG Landing Page and Login</span>
  
  <span class="lead-duration duration">2s 864ms</span>

  </div>

        


        
        

        

        
  
      </div>
      </div>
</div>


    

  </div>
</div>

                      
<div class="element">
  
  
<div class="tags indention">
  </div>

  
  <span class="lead-duration duration">1m 32s 042ms</span>


    <span data-toggle="collapse" class=" collapsable-control" data-target="#element-128">
    
<div class="brief failed">
  <span class="keyword indention">Scenario Outline</span>
  <span class="name">Verify there is no refresh list button for client lead login#ProviderList</span>
  

       <i class="chevron fa fa-fw"></i>
  </div>

  </span>
  <div class="description indention"></div>

  <div id="element-128" class="collapse collapsable-details  in ">
    
  <div class="inner-level hooks-before">
        <div data-toggle="collapse" class=" collapsed  collapsable-control" data-target="#before-129">
      
<div class="brief passed">
  <span class="keyword indention">Hooks</span>
  <span class="name"></span>
  

       <i class="chevron fa fa-fw"></i>
  </div>

    </div>

    <div id="before-129" class="inner-level collapse collapsable-details ">
              <div class="hook">
          <div class="brief passed">
            <span class="keyword indention">Before</span>
                          <span class="location name">Hooks.setupEnvironment(Scenario)</span>
                        
  <span class="lead-duration duration">2s 035ms</span>

          </div>

                      

          
          
  
        </div>
          </div>
  </div>


    
<div class="steps inner-level">
    <div data-toggle="collapse" class=" collapsable-control" data-target="#steps-130">
    
<div class="brief failed">
  <span class="keyword indention">Steps</span>
  <span class="name"></span>
  

       <i class="chevron fa fa-fw"></i>
  </div>

  </div>

  <div id="steps-130" class="inner-level collapse collapsable-details  in ">
          <div class="step">
        
<div class="brief passed">
  <span class="keyword indention">When</span>
  <span class="name">user logs in to ISG as Client</span>
  
  <span class="lead-duration duration">6s 002ms</span>

  </div>

        


        
        

        

        
    <div class="embeddings inner-level">
                <div class="embedding indention">
        <div data-toggle="collapse" data-target="#embedding-131" class="collapsable-control">
      <a>Attachment 1 (png)</a>
      <a href="embeddings/embedding_99096721.png" download target="_blank">
        <span class="download-button glyphicon glyphicon-download-alt"></span>
      </a>
    </div>
    <div id="embedding-131" class="collapse collapsable-details">
      <div class="embedding-content">
        <img src="embeddings/embedding_99096721.png">
      </div>
    </div>
  </div>
                  <div class="embedding indention">
        <div data-toggle="collapse" data-target="#embedding-132" class="collapsable-control">
      <a>Attachment 2 (png)</a>
      <a href="embeddings/embedding_-2084586386.png" download target="_blank">
        <span class="download-button glyphicon glyphicon-download-alt"></span>
      </a>
    </div>
    <div id="embedding-132" class="collapse collapsable-details">
      <div class="embedding-content">
        <img src="embeddings/embedding_-2084586386.png">
      </div>
    </div>
  </div>
        </div>
  
      </div>
          <div class="step">
        
<div class="brief passed">
  <span class="keyword indention">Then</span>
  <span class="name">Verify for Active Transaction</span>
  
  <span class="lead-duration duration">15s 572ms</span>

  </div>

        


        
        

        
  <div class="outputs inner-level">
          <div class="output indention">
        <div data-toggle="collapse" class=" collapsed  collapsable-control" data-target="#output-133">
          Output 1
          <i class="chevron fa fa-fw"></i>
        </div>
        <div id="output-133" class="collapse collapsable-details " >
          
          <pre><p>[INFO]	[Assertion Pass]	Number of Active Transaction =  Active transactions (3)</p></pre>
        </div>
      </div>
      </div>

        
    <div class="embeddings inner-level">
                <div class="embedding indention">
        <div data-toggle="collapse" data-target="#embedding-134" class="collapsable-control">
      <a>Attachment 1 (png)</a>
      <a href="embeddings/embedding_-865069923.png" download target="_blank">
        <span class="download-button glyphicon glyphicon-download-alt"></span>
      </a>
    </div>
    <div id="embedding-134" class="collapse collapsable-details">
      <div class="embedding-content">
        <img src="embeddings/embedding_-865069923.png">
      </div>
    </div>
  </div>
        </div>
  
      </div>
          <div class="step">
        
<div class="brief passed">
  <span class="keyword indention">Then</span>
  <span class="name">User clicks on first Active Transaction</span>
  
  <span class="lead-duration duration">10s 400ms</span>

  </div>

        


        
        

        

        
    <div class="embeddings inner-level">
                <div class="embedding indention">
        <div data-toggle="collapse" data-target="#embedding-135" class="collapsable-control">
      <a>Attachment 1 (png)</a>
      <a href="embeddings/embedding_-430158662.png" download target="_blank">
        <span class="download-button glyphicon glyphicon-download-alt"></span>
      </a>
    </div>
    <div id="embedding-135" class="collapse collapsable-details">
      <div class="embedding-content">
        <img src="embeddings/embedding_-430158662.png">
      </div>
    </div>
  </div>
        </div>
  
      </div>
          <div class="step">
        
<div class="brief failed">
  <span class="keyword indention">Then</span>
  <span class="name">User will able to click view provider list</span>
  
  <span class="lead-duration duration">1m 066ms</span>

  </div>

        

  <div class="inner-level">
    <div class="message indention">
      <div data-toggle="collapse" class=" collapsable-control" data-target="#msg-136">
          <a>org.openqa.selenium.json.JsonException: java.lang.reflect.InvocationTargetException</a>
      </div>
      <div id="msg-136" class="collapse collapsable-details  in ">
        <pre>org.openqa.selenium.json.JsonException: java.lang.reflect.InvocationTargetException
Build info: version: '3.141.59', revision: 'e82be7d358', time: '2018-11-14T08:17:03'
System info: host: 'EUROW42SLPC5721', ip: '192.168.29.116', os.name: 'Windows 10', os.arch: 'amd64', os.version: '10.0', java.version: '1.8.0_221'
Driver info: driver.version: EventFiringWebDriver
	at org.openqa.selenium.json.JsonOutput.convertUsingMethod(JsonOutput.java:332)
	at org.openqa.selenium.json.JsonOutput.lambda$new$16(JsonOutput.java:155)
	at org.openqa.selenium.json.JsonOutput.write(JsonOutput.java:264)
	at org.openqa.selenium.json.JsonOutput.lambda$null$21(JsonOutput.java:168)
	at java.util.LinkedHashMap$LinkedValues.forEach(LinkedHashMap.java:608)
	at org.openqa.selenium.json.JsonOutput.lambda$new$22(JsonOutput.java:168)
	at org.openqa.selenium.json.JsonOutput.write(JsonOutput.java:264)
	at org.openqa.selenium.json.JsonOutput.lambda$null$23(JsonOutput.java:177)
	at com.google.common.collect.SingletonImmutableBiMap.forEach(SingletonImmutableBiMap.java:65)
	at org.openqa.selenium.json.JsonOutput.lambda$new$24(JsonOutput.java:176)
	at org.openqa.selenium.json.JsonOutput.write(JsonOutput.java:264)
	at org.openqa.selenium.json.JsonOutput.write(JsonOutput.java:255)
	at org.openqa.selenium.json.Json.toJson(Json.java:42)
	at org.openqa.selenium.remote.http.AbstractHttpCommandCodec.encode(AbstractHttpCommandCodec.java:227)
	at org.openqa.selenium.remote.http.AbstractHttpCommandCodec.encode(AbstractHttpCommandCodec.java:117)
	at org.openqa.selenium.remote.HttpCommandExecutor.execute(HttpCommandExecutor.java:152)
	at org.openqa.selenium.remote.service.DriverCommandExecutor.execute(DriverCommandExecutor.java:83)
	at org.openqa.selenium.remote.RemoteWebDriver.execute(RemoteWebDriver.java:552)
	at org.openqa.selenium.remote.RemoteWebDriver.perform(RemoteWebDriver.java:618)
	at sun.reflect.GeneratedMethodAccessor16.invoke(Unknown Source)
	at sun.reflect.DelegatingMethodAccessorImpl.invoke(DelegatingMethodAccessorImpl.java:43)
	at java.lang.reflect.Method.invoke(Method.java:498)
	at org.openqa.selenium.support.events.EventFiringWebDriver.lambda$new$1(EventFiringWebDriver.java:105)
	at com.sun.proxy.$Proxy25.perform(Unknown Source)
	at org.openqa.selenium.support.events.EventFiringWebDriver.perform(EventFiringWebDriver.java:360)
	at org.openqa.selenium.interactions.Actions$BuiltAction.perform(Actions.java:639)
	at com.zensar.scriptutils.GlobalFunction.click(GlobalFunction.java:408)
	at com.zensar.pageobjects.ProjectDetails.providerList(ProjectDetails.java:204)
	at com.zensar.stepDefinations.ActiveTransactionProviderListStepDefinitions.user_will_able_to_click_view_provider_list(ActiveTransactionProviderListStepDefinitions.java:23)
	at &#10045;.User will able to click view provider list(src/main/java/com/zensar/features/ActiveTransactionProviderList.feature:109)
	Suppressed: org.openqa.selenium.json.JsonException: Attempting to close incomplete json stream
Build info: version: '3.141.59', revision: 'e82be7d358', time: '2018-11-14T08:17:03'
System info: host: 'EUROW42SLPC5721', ip: '192.168.29.116', os.name: 'Windows 10', os.arch: 'amd64', os.version: '10.0', java.version: '1.8.0_221'
Driver info: driver.version: EventFiringWebDriver
		at org.openqa.selenium.json.JsonOutput.close(JsonOutput.java:279)
		at org.openqa.selenium.json.Json.toJson(Json.java:44)
		at org.openqa.selenium.remote.http.AbstractHttpCommandCodec.encode(AbstractHttpCommandCodec.java:227)
		at org.openqa.selenium.remote.http.AbstractHttpCommandCodec.encode(AbstractHttpCommandCodec.java:117)
		at org.openqa.selenium.remote.HttpCommandExecutor.execute(HttpCommandExecutor.java:152)
		at org.openqa.selenium.remote.service.DriverCommandExecutor.execute(DriverCommandExecutor.java:83)
		at org.openqa.selenium.remote.RemoteWebDriver.execute(RemoteWebDriver.java:552)
		at org.openqa.selenium.remote.RemoteWebDriver.perform(RemoteWebDriver.java:618)
		at sun.reflect.GeneratedMethodAccessor16.invoke(Unknown Source)
		at sun.reflect.DelegatingMethodAccessorImpl.invoke(DelegatingMethodAccessorImpl.java:43)
		at java.lang.reflect.Method.invoke(Method.java:498)
		at org.openqa.selenium.support.events.EventFiringWebDriver.lambda$new$1(EventFiringWebDriver.java:105)
		at com.sun.proxy.$Proxy25.perform(Unknown Source)
		at org.openqa.selenium.support.events.EventFiringWebDriver.perform(EventFiringWebDriver.java:360)
		at org.openqa.selenium.interactions.Actions$BuiltAction.perform(Actions.java:639)
		at com.zensar.scriptutils.GlobalFunction.click(GlobalFunction.java:408)
		at com.zensar.pageobjects.ProjectDetails.providerList(ProjectDetails.java:204)
		at com.zensar.stepDefinations.ActiveTransactionProviderListStepDefinitions.user_will_able_to_click_view_provider_list(ActiveTransactionProviderListStepDefinitions.java:23)
		at sun.reflect.NativeMethodAccessorImpl.invoke0(Native Method)
		at sun.reflect.NativeMethodAccessorImpl.invoke(NativeMethodAccessorImpl.java:62)
		at sun.reflect.DelegatingMethodAccessorImpl.invoke(DelegatingMethodAccessorImpl.java:43)
		at java.lang.reflect.Method.invoke(Method.java:498)
		at cucumber.runtime.Utils$1.call(Utils.java:26)
		at cucumber.runtime.Timeout.timeout(Timeout.java:16)
		at cucumber.runtime.Utils.invoke(Utils.java:20)
		at cucumber.runtime.java.JavaStepDefinition.execute(JavaStepDefinition.java:49)
		at cucumber.runner.PickleStepDefinitionMatch.runStep(PickleStepDefinitionMatch.java:50)
		at cucumber.runner.TestStep.executeStep(TestStep.java:63)
		at cucumber.runner.TestStep.run(TestStep.java:49)
		at cucumber.runner.PickleStepTestStep.run(PickleStepTestStep.java:43)
		at cucumber.runner.TestCase.run(TestCase.java:44)
		at cucumber.runner.Runner.runPickle(Runner.java:40)
		at cucumber.api.testng.TestNGCucumberRunner.runScenario(TestNGCucumberRunner.java:68)
		at com.zensar.runner.ActiveTransactionProviderList.feature(ActiveTransactionProviderList.java:37)
		at sun.reflect.NativeMethodAccessorImpl.invoke0(Native Method)
		at sun.reflect.NativeMethodAccessorImpl.invoke(NativeMethodAccessorImpl.java:62)
		at sun.reflect.DelegatingMethodAccessorImpl.invoke(DelegatingMethodAccessorImpl.java:43)
		at java.lang.reflect.Method.invoke(Method.java:498)
		at org.testng.internal.MethodInvocationHelper.invokeMethod(MethodInvocationHelper.java:124)
		at org.testng.internal.Invoker.invokeMethod(Invoker.java:583)
		at org.testng.internal.Invoker.invokeTestMethod(Invoker.java:719)
		at org.testng.internal.Invoker.invokeTestMethods(Invoker.java:989)
		at org.testng.internal.TestMethodWorker.invokeTestMethods(TestMethodWorker.java:125)
		at org.testng.internal.TestMethodWorker.run(TestMethodWorker.java:109)
		at org.testng.TestRunner.privateRun(TestRunner.java:648)
		at org.testng.TestRunner.run(TestRunner.java:505)
		at org.testng.SuiteRunner.runTest(SuiteRunner.java:455)
		at org.testng.SuiteRunner.access$000(SuiteRunner.java:40)
		at org.testng.SuiteRunner$SuiteWorker.run(SuiteRunner.java:489)
		at org.testng.internal.thread.ThreadUtil$1.call(ThreadUtil.java:52)
		at java.util.concurrent.FutureTask.run(FutureTask.java:266)
		at java.util.concurrent.ThreadPoolExecutor.runWorker(ThreadPoolExecutor.java:1149)
		at java.util.concurrent.ThreadPoolExecutor$Worker.run(ThreadPoolExecutor.java:624)
		at java.lang.Thread.run(Thread.java:748)
Caused by: java.lang.reflect.InvocationTargetException
	at sun.reflect.GeneratedMethodAccessor17.invoke(Unknown Source)
	at sun.reflect.DelegatingMethodAccessorImpl.invoke(DelegatingMethodAccessorImpl.java:43)
	at java.lang.reflect.Method.invoke(Method.java:498)
	at org.openqa.selenium.json.JsonOutput.convertUsingMethod(JsonOutput.java:328)
	at org.openqa.selenium.json.JsonOutput.lambda$new$16(JsonOutput.java:155)
	at org.openqa.selenium.json.JsonOutput.write(JsonOutput.java:264)
	at org.openqa.selenium.json.JsonOutput.lambda$null$21(JsonOutput.java:168)
	at java.util.LinkedHashMap$LinkedValues.forEach(LinkedHashMap.java:608)
	at org.openqa.selenium.json.JsonOutput.lambda$new$22(JsonOutput.java:168)
	at org.openqa.selenium.json.JsonOutput.write(JsonOutput.java:264)
	at org.openqa.selenium.json.JsonOutput.lambda$null$23(JsonOutput.java:177)
	at com.google.common.collect.SingletonImmutableBiMap.forEach(SingletonImmutableBiMap.java:65)
	at org.openqa.selenium.json.JsonOutput.lambda$new$24(JsonOutput.java:176)
	at org.openqa.selenium.json.JsonOutput.write(JsonOutput.java:264)
	at org.openqa.selenium.json.JsonOutput.write(JsonOutput.java:255)
	at org.openqa.selenium.json.Json.toJson(Json.java:42)
	at org.openqa.selenium.remote.http.AbstractHttpCommandCodec.encode(AbstractHttpCommandCodec.java:227)
	at org.openqa.selenium.remote.http.AbstractHttpCommandCodec.encode(AbstractHttpCommandCodec.java:117)
	at org.openqa.selenium.remote.HttpCommandExecutor.execute(HttpCommandExecutor.java:152)
	at org.openqa.selenium.remote.service.DriverCommandExecutor.execute(DriverCommandExecutor.java:83)
	at org.openqa.selenium.remote.RemoteWebDriver.execute(RemoteWebDriver.java:552)
	at org.openqa.selenium.remote.RemoteWebDriver.perform(RemoteWebDriver.java:618)
	at sun.reflect.GeneratedMethodAccessor16.invoke(Unknown Source)
	at sun.reflect.DelegatingMethodAccessorImpl.invoke(DelegatingMethodAccessorImpl.java:43)
	at java.lang.reflect.Method.invoke(Method.java:498)
	at org.openqa.selenium.support.events.EventFiringWebDriver.lambda$new$1(EventFiringWebDriver.java:105)
	at com.sun.proxy.$Proxy25.perform(Unknown Source)
	at org.openqa.selenium.support.events.EventFiringWebDriver.perform(EventFiringWebDriver.java:360)
	at org.openqa.selenium.interactions.Actions$BuiltAction.perform(Actions.java:639)
	at com.zensar.scriptutils.GlobalFunction.click(GlobalFunction.java:408)
	at com.zensar.pageobjects.ProjectDetails.providerList(ProjectDetails.java:204)
	at com.zensar.stepDefinations.ActiveTransactionProviderListStepDefinitions.user_will_able_to_click_view_provider_list(ActiveTransactionProviderListStepDefinitions.java:23)
	at sun.reflect.NativeMethodAccessorImpl.invoke0(Native Method)
	at sun.reflect.NativeMethodAccessorImpl.invoke(NativeMethodAccessorImpl.java:62)
	at sun.reflect.DelegatingMethodAccessorImpl.invoke(DelegatingMethodAccessorImpl.java:43)
	at java.lang.reflect.Method.invoke(Method.java:498)
	at cucumber.runtime.Utils$1.call(Utils.java:26)
	at cucumber.runtime.Timeout.timeout(Timeout.java:16)
	at cucumber.runtime.Utils.invoke(Utils.java:20)
	at cucumber.runtime.java.JavaStepDefinition.execute(JavaStepDefinition.java:49)
	at cucumber.runner.PickleStepDefinitionMatch.runStep(PickleStepDefinitionMatch.java:50)
	at cucumber.runner.TestStep.executeStep(TestStep.java:63)
	at cucumber.runner.TestStep.run(TestStep.java:49)
	at cucumber.runner.PickleStepTestStep.run(PickleStepTestStep.java:43)
	at cucumber.runner.TestCase.run(TestCase.java:44)
	at cucumber.runner.Runner.runPickle(Runner.java:40)
	at cucumber.api.testng.TestNGCucumberRunner.runScenario(TestNGCucumberRunner.java:68)
	at com.zensar.runner.ActiveTransactionProviderList.feature(ActiveTransactionProviderList.java:37)
	at sun.reflect.NativeMethodAccessorImpl.invoke0(Native Method)
	at sun.reflect.NativeMethodAccessorImpl.invoke(NativeMethodAccessorImpl.java:62)
	at sun.reflect.DelegatingMethodAccessorImpl.invoke(DelegatingMethodAccessorImpl.java:43)
	at java.lang.reflect.Method.invoke(Method.java:498)
	at org.testng.internal.MethodInvocationHelper.invokeMethod(MethodInvocationHelper.java:124)
	at org.testng.internal.Invoker.invokeMethod(Invoker.java:583)
	at org.testng.internal.Invoker.invokeTestMethod(Invoker.java:719)
	at org.testng.internal.Invoker.invokeTestMethods(Invoker.java:989)
	at org.testng.internal.TestMethodWorker.invokeTestMethods(TestMethodWorker.java:125)
	at org.testng.internal.TestMethodWorker.run(TestMethodWorker.java:109)
	at org.testng.TestRunner.privateRun(TestRunner.java:648)
	at org.testng.TestRunner.run(TestRunner.java:505)
	at org.testng.SuiteRunner.runTest(SuiteRunner.java:455)
	at org.testng.SuiteRunner.access$000(SuiteRunner.java:40)
	at org.testng.SuiteRunner$SuiteWorker.run(SuiteRunner.java:489)
	at org.testng.internal.thread.ThreadUtil$1.call(ThreadUtil.java:52)
	at java.util.concurrent.FutureTask.run(FutureTask.java:266)
	at java.util.concurrent.ThreadPoolExecutor.runWorker(ThreadPoolExecutor.java:1149)
	at java.util.concurrent.ThreadPoolExecutor$Worker.run(ThreadPoolExecutor.java:624)
	at java.lang.Thread.run(Thread.java:748)
Caused by: org.openqa.selenium.NoSuchElementException: no such element: Unable to locate element: {&quot;method&quot;:&quot;xpath&quot;,&quot;selector&quot;:&quot;//button[@id='providerListButton']&quot;}
  (Session info: chrome=122.0.6261.128)
For documentation on this error, please visit: https://www.seleniumhq.org/exceptions/no_such_element.html
Build info: version: '3.141.59', revision: 'e82be7d358', time: '2018-11-14T08:17:03'
System info: host: 'EUROW42SLPC5721', ip: '192.168.29.116', os.name: 'Windows 10', os.arch: 'amd64', os.version: '10.0', java.version: '1.8.0_221'
Driver info: org.openqa.selenium.chrome.ChromeDriver
Capabilities {acceptInsecureCerts: false, browserName: chrome, browserVersion: 122.0.6261.128, chrome: {chromedriverVersion: 122.0.6261.128 (f18a44fedeb..., userDataDir: C:\Users\vs106039\AppData\L...}, fedcm:accounts: true, goog:chromeOptions: {debuggerAddress: localhost:53442}, javascriptEnabled: true, networkConnectionEnabled: false, pageLoadStrategy: normal, platform: WINDOWS, platformName: WINDOWS, proxy: Proxy(), setWindowRect: true, strictFileInteractability: false, timeouts: {implicit: 0, pageLoad: 300000, script: 30000}, unhandledPromptBehavior: dismiss and notify, webauthn:extension:credBlob: true, webauthn:extension:largeBlob: true, webauthn:extension:minPinLength: true, webauthn:extension:prf: true, webauthn:virtualAuthenticators: true}
Session ID: 2421dbf929f4de5068b5f3c427df64a3
*** Element info: {Using=xpath, value=//button[@id='providerListButton']}
	at sun.reflect.GeneratedConstructorAccessor84.newInstance(Unknown Source)
	at sun.reflect.DelegatingConstructorAccessorImpl.newInstance(DelegatingConstructorAccessorImpl.java:45)
	at java.lang.reflect.Constructor.newInstance(Constructor.java:423)
	at org.openqa.selenium.remote.http.W3CHttpResponseCodec.createException(W3CHttpResponseCodec.java:187)
	at org.openqa.selenium.remote.http.W3CHttpResponseCodec.decode(W3CHttpResponseCodec.java:122)
	at org.openqa.selenium.remote.http.W3CHttpResponseCodec.decode(W3CHttpResponseCodec.java:49)
	at org.openqa.selenium.remote.HttpCommandExecutor.execute(HttpCommandExecutor.java:158)
	at org.openqa.selenium.remote.service.DriverCommandExecutor.execute(DriverCommandExecutor.java:83)
	at org.openqa.selenium.remote.RemoteWebDriver.execute(RemoteWebDriver.java:552)
	at org.openqa.selenium.remote.RemoteWebDriver.findElement(RemoteWebDriver.java:323)
	at org.openqa.selenium.remote.RemoteWebDriver.findElementByXPath(RemoteWebDriver.java:428)
	at org.openqa.selenium.By$ByXPath.findElement(By.java:353)
	at org.openqa.selenium.remote.RemoteWebDriver.findElement(RemoteWebDriver.java:315)
	at sun.reflect.GeneratedMethodAccessor6.invoke(Unknown Source)
	at sun.reflect.DelegatingMethodAccessorImpl.invoke(DelegatingMethodAccessorImpl.java:43)
	at java.lang.reflect.Method.invoke(Method.java:498)
	at org.openqa.selenium.support.events.EventFiringWebDriver.lambda$new$1(EventFiringWebDriver.java:105)
	at com.sun.proxy.$Proxy25.findElement(Unknown Source)
	at org.openqa.selenium.support.events.EventFiringWebDriver.findElement(EventFiringWebDriver.java:194)
	at org.openqa.selenium.support.pagefactory.DefaultElementLocator.findElement(DefaultElementLocator.java:69)
	at org.openqa.selenium.support.pagefactory.internal.LocatingElementHandler.invoke(LocatingElementHandler.java:38)
	at com.sun.proxy.$Proxy28.getWrappedElement(Unknown Source)
	at org.openqa.selenium.interactions.PointerInput$Origin.asArg(PointerInput.java:204)
	at org.openqa.selenium.interactions.PointerInput$Move.encode(PointerInput.java:155)
	at org.openqa.selenium.interactions.Sequence.encode(Sequence.java:75)
	at org.openqa.selenium.interactions.Sequence.toJson(Sequence.java:84)
	... 68 more
</pre>
      </div>
    </div>
  </div>


        
        

        

        
  
      </div>
          <div class="step">
        
<div class="brief skipped">
  <span class="keyword indention">And</span>
  <span class="name">Not able to find refresh list button</span>
  
  <span class="lead-duration duration">000ms</span>

  </div>

        


        
        

        

        
  
      </div>
      </div>
</div>


    
  <div class="inner-level hooks-after">
        <div data-toggle="collapse" class=" collapsed  collapsable-control" data-target="#after-137">
      
<div class="brief passed">
  <span class="keyword indention">Hooks</span>
  <span class="name"></span>
  

       <i class="chevron fa fa-fw"></i>
  </div>

    </div>

    <div id="after-137" class="inner-level collapse collapsable-details ">
              <div class="hook">
          <div class="brief passed">
            <span class="keyword indention">After</span>
                          <span class="location name">Hooks.tearDown(Scenario)</span>
                        
  <span class="lead-duration duration">020ms</span>

          </div>

                      

          
          
  
        </div>
          </div>
  </div>

  </div>
</div>

                      
<div class="element">
  
  
<div class="tags indention">
  </div>

  
  <span class="lead-duration duration">3s 596ms</span>


    <span data-toggle="collapse" class=" collapsed  collapsable-control" data-target="#element-138">
    
<div class="brief passed">
  <span class="keyword indention">Background</span>
  <span class="name"></span>
  

       <i class="chevron fa fa-fw"></i>
  </div>

  </span>
  <div class="description indention"></div>

  <div id="element-138" class="collapse collapsable-details ">
    


    
<div class="steps inner-level">
    <div data-toggle="collapse" class=" collapsed  collapsable-control" data-target="#steps-139">
    
<div class="brief passed">
  <span class="keyword indention">Steps</span>
  <span class="name"></span>
  

       <i class="chevron fa fa-fw"></i>
  </div>

  </div>

  <div id="steps-139" class="inner-level collapse collapsable-details ">
          <div class="step">
        
<div class="brief passed">
  <span class="keyword indention">Given</span>
  <span class="name">User navigates to ISG Landing Page and Login</span>
  
  <span class="lead-duration duration">3s 596ms</span>

  </div>

        


        
        

        

        
  
      </div>
      </div>
</div>


    

  </div>
</div>

                      
<div class="element">
  
  
<div class="tags indention">
  </div>

  
  <span class="lead-duration duration">1m 33s 135ms</span>


    <span data-toggle="collapse" class=" collapsable-control" data-target="#element-140">
    
<div class="brief failed">
  <span class="keyword indention">Scenario Outline</span>
  <span class="name">Verify there is no remove provider button for client lead login#ProviderList</span>
  

       <i class="chevron fa fa-fw"></i>
  </div>

  </span>
  <div class="description indention"></div>

  <div id="element-140" class="collapse collapsable-details  in ">
    
  <div class="inner-level hooks-before">
        <div data-toggle="collapse" class=" collapsed  collapsable-control" data-target="#before-141">
      
<div class="brief passed">
  <span class="keyword indention">Hooks</span>
  <span class="name"></span>
  

       <i class="chevron fa fa-fw"></i>
  </div>

    </div>

    <div id="before-141" class="inner-level collapse collapsable-details ">
              <div class="hook">
          <div class="brief passed">
            <span class="keyword indention">Before</span>
                          <span class="location name">Hooks.setupEnvironment(Scenario)</span>
                        
  <span class="lead-duration duration">1s 918ms</span>

          </div>

                      

          
          
  
        </div>
          </div>
  </div>


    
<div class="steps inner-level">
    <div data-toggle="collapse" class=" collapsable-control" data-target="#steps-142">
    
<div class="brief failed">
  <span class="keyword indention">Steps</span>
  <span class="name"></span>
  

       <i class="chevron fa fa-fw"></i>
  </div>

  </div>

  <div id="steps-142" class="inner-level collapse collapsable-details  in ">
          <div class="step">
        
<div class="brief passed">
  <span class="keyword indention">When</span>
  <span class="name">user logs in to ISG as Client</span>
  
  <span class="lead-duration duration">7s 483ms</span>

  </div>

        


        
        

        

        
    <div class="embeddings inner-level">
                <div class="embedding indention">
        <div data-toggle="collapse" data-target="#embedding-143" class="collapsable-control">
      <a>Attachment 1 (png)</a>
      <a href="embeddings/embedding_-526365733.png" download target="_blank">
        <span class="download-button glyphicon glyphicon-download-alt"></span>
      </a>
    </div>
    <div id="embedding-143" class="collapse collapsable-details">
      <div class="embedding-content">
        <img src="embeddings/embedding_-526365733.png">
      </div>
    </div>
  </div>
                  <div class="embedding indention">
        <div data-toggle="collapse" data-target="#embedding-144" class="collapsable-control">
      <a>Attachment 2 (png)</a>
      <a href="embeddings/embedding_-2084586386.png" download target="_blank">
        <span class="download-button glyphicon glyphicon-download-alt"></span>
      </a>
    </div>
    <div id="embedding-144" class="collapse collapsable-details">
      <div class="embedding-content">
        <img src="embeddings/embedding_-2084586386.png">
      </div>
    </div>
  </div>
        </div>
  
      </div>
          <div class="step">
        
<div class="brief passed">
  <span class="keyword indention">Then</span>
  <span class="name">Verify for Active Transaction</span>
  
  <span class="lead-duration duration">15s 188ms</span>

  </div>

        


        
        

        
  <div class="outputs inner-level">
          <div class="output indention">
        <div data-toggle="collapse" class=" collapsed  collapsable-control" data-target="#output-145">
          Output 1
          <i class="chevron fa fa-fw"></i>
        </div>
        <div id="output-145" class="collapse collapsable-details " >
          
          <pre><p>[INFO]	[Assertion Pass]	Number of Active Transaction =  Active transactions (3)</p></pre>
        </div>
      </div>
      </div>

        
    <div class="embeddings inner-level">
                <div class="embedding indention">
        <div data-toggle="collapse" data-target="#embedding-146" class="collapsable-control">
      <a>Attachment 1 (png)</a>
      <a href="embeddings/embedding_-865069923.png" download target="_blank">
        <span class="download-button glyphicon glyphicon-download-alt"></span>
      </a>
    </div>
    <div id="embedding-146" class="collapse collapsable-details">
      <div class="embedding-content">
        <img src="embeddings/embedding_-865069923.png">
      </div>
    </div>
  </div>
        </div>
  
      </div>
          <div class="step">
        
<div class="brief passed">
  <span class="keyword indention">Then</span>
  <span class="name">User clicks on first Active Transaction</span>
  
  <span class="lead-duration duration">10s 433ms</span>

  </div>

        


        
        

        

        
    <div class="embeddings inner-level">
                <div class="embedding indention">
        <div data-toggle="collapse" data-target="#embedding-147" class="collapsable-control">
      <a>Attachment 1 (png)</a>
      <a href="embeddings/embedding_-430158662.png" download target="_blank">
        <span class="download-button glyphicon glyphicon-download-alt"></span>
      </a>
    </div>
    <div id="embedding-147" class="collapse collapsable-details">
      <div class="embedding-content">
        <img src="embeddings/embedding_-430158662.png">
      </div>
    </div>
  </div>
        </div>
  
      </div>
          <div class="step">
        
<div class="brief failed">
  <span class="keyword indention">Then</span>
  <span class="name">User will able to click view provider list</span>
  
  <span class="lead-duration duration">1m 029ms</span>

  </div>

        

  <div class="inner-level">
    <div class="message indention">
      <div data-toggle="collapse" class=" collapsable-control" data-target="#msg-148">
          <a>org.openqa.selenium.json.JsonException: java.lang.reflect.InvocationTargetException</a>
      </div>
      <div id="msg-148" class="collapse collapsable-details  in ">
        <pre>org.openqa.selenium.json.JsonException: java.lang.reflect.InvocationTargetException
Build info: version: '3.141.59', revision: 'e82be7d358', time: '2018-11-14T08:17:03'
System info: host: 'EUROW42SLPC5721', ip: '192.168.29.116', os.name: 'Windows 10', os.arch: 'amd64', os.version: '10.0', java.version: '1.8.0_221'
Driver info: driver.version: EventFiringWebDriver
	at org.openqa.selenium.json.JsonOutput.convertUsingMethod(JsonOutput.java:332)
	at org.openqa.selenium.json.JsonOutput.lambda$new$16(JsonOutput.java:155)
	at org.openqa.selenium.json.JsonOutput.write(JsonOutput.java:264)
	at org.openqa.selenium.json.JsonOutput.lambda$null$21(JsonOutput.java:168)
	at java.util.LinkedHashMap$LinkedValues.forEach(LinkedHashMap.java:608)
	at org.openqa.selenium.json.JsonOutput.lambda$new$22(JsonOutput.java:168)
	at org.openqa.selenium.json.JsonOutput.write(JsonOutput.java:264)
	at org.openqa.selenium.json.JsonOutput.lambda$null$23(JsonOutput.java:177)
	at com.google.common.collect.SingletonImmutableBiMap.forEach(SingletonImmutableBiMap.java:65)
	at org.openqa.selenium.json.JsonOutput.lambda$new$24(JsonOutput.java:176)
	at org.openqa.selenium.json.JsonOutput.write(JsonOutput.java:264)
	at org.openqa.selenium.json.JsonOutput.write(JsonOutput.java:255)
	at org.openqa.selenium.json.Json.toJson(Json.java:42)
	at org.openqa.selenium.remote.http.AbstractHttpCommandCodec.encode(AbstractHttpCommandCodec.java:227)
	at org.openqa.selenium.remote.http.AbstractHttpCommandCodec.encode(AbstractHttpCommandCodec.java:117)
	at org.openqa.selenium.remote.HttpCommandExecutor.execute(HttpCommandExecutor.java:152)
	at org.openqa.selenium.remote.service.DriverCommandExecutor.execute(DriverCommandExecutor.java:83)
	at org.openqa.selenium.remote.RemoteWebDriver.execute(RemoteWebDriver.java:552)
	at org.openqa.selenium.remote.RemoteWebDriver.perform(RemoteWebDriver.java:618)
	at sun.reflect.GeneratedMethodAccessor16.invoke(Unknown Source)
	at sun.reflect.DelegatingMethodAccessorImpl.invoke(DelegatingMethodAccessorImpl.java:43)
	at java.lang.reflect.Method.invoke(Method.java:498)
	at org.openqa.selenium.support.events.EventFiringWebDriver.lambda$new$1(EventFiringWebDriver.java:105)
	at com.sun.proxy.$Proxy25.perform(Unknown Source)
	at org.openqa.selenium.support.events.EventFiringWebDriver.perform(EventFiringWebDriver.java:360)
	at org.openqa.selenium.interactions.Actions$BuiltAction.perform(Actions.java:639)
	at com.zensar.scriptutils.GlobalFunction.click(GlobalFunction.java:408)
	at com.zensar.pageobjects.ProjectDetails.providerList(ProjectDetails.java:204)
	at com.zensar.stepDefinations.ActiveTransactionProviderListStepDefinitions.user_will_able_to_click_view_provider_list(ActiveTransactionProviderListStepDefinitions.java:23)
	at &#10045;.User will able to click view provider list(src/main/java/com/zensar/features/ActiveTransactionProviderList.feature:120)
	Suppressed: org.openqa.selenium.json.JsonException: Attempting to close incomplete json stream
Build info: version: '3.141.59', revision: 'e82be7d358', time: '2018-11-14T08:17:03'
System info: host: 'EUROW42SLPC5721', ip: '192.168.29.116', os.name: 'Windows 10', os.arch: 'amd64', os.version: '10.0', java.version: '1.8.0_221'
Driver info: driver.version: EventFiringWebDriver
		at org.openqa.selenium.json.JsonOutput.close(JsonOutput.java:279)
		at org.openqa.selenium.json.Json.toJson(Json.java:44)
		at org.openqa.selenium.remote.http.AbstractHttpCommandCodec.encode(AbstractHttpCommandCodec.java:227)
		at org.openqa.selenium.remote.http.AbstractHttpCommandCodec.encode(AbstractHttpCommandCodec.java:117)
		at org.openqa.selenium.remote.HttpCommandExecutor.execute(HttpCommandExecutor.java:152)
		at org.openqa.selenium.remote.service.DriverCommandExecutor.execute(DriverCommandExecutor.java:83)
		at org.openqa.selenium.remote.RemoteWebDriver.execute(RemoteWebDriver.java:552)
		at org.openqa.selenium.remote.RemoteWebDriver.perform(RemoteWebDriver.java:618)
		at sun.reflect.GeneratedMethodAccessor16.invoke(Unknown Source)
		at sun.reflect.DelegatingMethodAccessorImpl.invoke(DelegatingMethodAccessorImpl.java:43)
		at java.lang.reflect.Method.invoke(Method.java:498)
		at org.openqa.selenium.support.events.EventFiringWebDriver.lambda$new$1(EventFiringWebDriver.java:105)
		at com.sun.proxy.$Proxy25.perform(Unknown Source)
		at org.openqa.selenium.support.events.EventFiringWebDriver.perform(EventFiringWebDriver.java:360)
		at org.openqa.selenium.interactions.Actions$BuiltAction.perform(Actions.java:639)
		at com.zensar.scriptutils.GlobalFunction.click(GlobalFunction.java:408)
		at com.zensar.pageobjects.ProjectDetails.providerList(ProjectDetails.java:204)
		at com.zensar.stepDefinations.ActiveTransactionProviderListStepDefinitions.user_will_able_to_click_view_provider_list(ActiveTransactionProviderListStepDefinitions.java:23)
		at sun.reflect.NativeMethodAccessorImpl.invoke0(Native Method)
		at sun.reflect.NativeMethodAccessorImpl.invoke(NativeMethodAccessorImpl.java:62)
		at sun.reflect.DelegatingMethodAccessorImpl.invoke(DelegatingMethodAccessorImpl.java:43)
		at java.lang.reflect.Method.invoke(Method.java:498)
		at cucumber.runtime.Utils$1.call(Utils.java:26)
		at cucumber.runtime.Timeout.timeout(Timeout.java:16)
		at cucumber.runtime.Utils.invoke(Utils.java:20)
		at cucumber.runtime.java.JavaStepDefinition.execute(JavaStepDefinition.java:49)
		at cucumber.runner.PickleStepDefinitionMatch.runStep(PickleStepDefinitionMatch.java:50)
		at cucumber.runner.TestStep.executeStep(TestStep.java:63)
		at cucumber.runner.TestStep.run(TestStep.java:49)
		at cucumber.runner.PickleStepTestStep.run(PickleStepTestStep.java:43)
		at cucumber.runner.TestCase.run(TestCase.java:44)
		at cucumber.runner.Runner.runPickle(Runner.java:40)
		at cucumber.api.testng.TestNGCucumberRunner.runScenario(TestNGCucumberRunner.java:68)
		at com.zensar.runner.ActiveTransactionProviderList.feature(ActiveTransactionProviderList.java:37)
		at sun.reflect.NativeMethodAccessorImpl.invoke0(Native Method)
		at sun.reflect.NativeMethodAccessorImpl.invoke(NativeMethodAccessorImpl.java:62)
		at sun.reflect.DelegatingMethodAccessorImpl.invoke(DelegatingMethodAccessorImpl.java:43)
		at java.lang.reflect.Method.invoke(Method.java:498)
		at org.testng.internal.MethodInvocationHelper.invokeMethod(MethodInvocationHelper.java:124)
		at org.testng.internal.Invoker.invokeMethod(Invoker.java:583)
		at org.testng.internal.Invoker.invokeTestMethod(Invoker.java:719)
		at org.testng.internal.Invoker.invokeTestMethods(Invoker.java:989)
		at org.testng.internal.TestMethodWorker.invokeTestMethods(TestMethodWorker.java:125)
		at org.testng.internal.TestMethodWorker.run(TestMethodWorker.java:109)
		at org.testng.TestRunner.privateRun(TestRunner.java:648)
		at org.testng.TestRunner.run(TestRunner.java:505)
		at org.testng.SuiteRunner.runTest(SuiteRunner.java:455)
		at org.testng.SuiteRunner.access$000(SuiteRunner.java:40)
		at org.testng.SuiteRunner$SuiteWorker.run(SuiteRunner.java:489)
		at org.testng.internal.thread.ThreadUtil$1.call(ThreadUtil.java:52)
		at java.util.concurrent.FutureTask.run(FutureTask.java:266)
		at java.util.concurrent.ThreadPoolExecutor.runWorker(ThreadPoolExecutor.java:1149)
		at java.util.concurrent.ThreadPoolExecutor$Worker.run(ThreadPoolExecutor.java:624)
		at java.lang.Thread.run(Thread.java:748)
Caused by: java.lang.reflect.InvocationTargetException
	at sun.reflect.GeneratedMethodAccessor17.invoke(Unknown Source)
	at sun.reflect.DelegatingMethodAccessorImpl.invoke(DelegatingMethodAccessorImpl.java:43)
	at java.lang.reflect.Method.invoke(Method.java:498)
	at org.openqa.selenium.json.JsonOutput.convertUsingMethod(JsonOutput.java:328)
	at org.openqa.selenium.json.JsonOutput.lambda$new$16(JsonOutput.java:155)
	at org.openqa.selenium.json.JsonOutput.write(JsonOutput.java:264)
	at org.openqa.selenium.json.JsonOutput.lambda$null$21(JsonOutput.java:168)
	at java.util.LinkedHashMap$LinkedValues.forEach(LinkedHashMap.java:608)
	at org.openqa.selenium.json.JsonOutput.lambda$new$22(JsonOutput.java:168)
	at org.openqa.selenium.json.JsonOutput.write(JsonOutput.java:264)
	at org.openqa.selenium.json.JsonOutput.lambda$null$23(JsonOutput.java:177)
	at com.google.common.collect.SingletonImmutableBiMap.forEach(SingletonImmutableBiMap.java:65)
	at org.openqa.selenium.json.JsonOutput.lambda$new$24(JsonOutput.java:176)
	at org.openqa.selenium.json.JsonOutput.write(JsonOutput.java:264)
	at org.openqa.selenium.json.JsonOutput.write(JsonOutput.java:255)
	at org.openqa.selenium.json.Json.toJson(Json.java:42)
	at org.openqa.selenium.remote.http.AbstractHttpCommandCodec.encode(AbstractHttpCommandCodec.java:227)
	at org.openqa.selenium.remote.http.AbstractHttpCommandCodec.encode(AbstractHttpCommandCodec.java:117)
	at org.openqa.selenium.remote.HttpCommandExecutor.execute(HttpCommandExecutor.java:152)
	at org.openqa.selenium.remote.service.DriverCommandExecutor.execute(DriverCommandExecutor.java:83)
	at org.openqa.selenium.remote.RemoteWebDriver.execute(RemoteWebDriver.java:552)
	at org.openqa.selenium.remote.RemoteWebDriver.perform(RemoteWebDriver.java:618)
	at sun.reflect.GeneratedMethodAccessor16.invoke(Unknown Source)
	at sun.reflect.DelegatingMethodAccessorImpl.invoke(DelegatingMethodAccessorImpl.java:43)
	at java.lang.reflect.Method.invoke(Method.java:498)
	at org.openqa.selenium.support.events.EventFiringWebDriver.lambda$new$1(EventFiringWebDriver.java:105)
	at com.sun.proxy.$Proxy25.perform(Unknown Source)
	at org.openqa.selenium.support.events.EventFiringWebDriver.perform(EventFiringWebDriver.java:360)
	at org.openqa.selenium.interactions.Actions$BuiltAction.perform(Actions.java:639)
	at com.zensar.scriptutils.GlobalFunction.click(GlobalFunction.java:408)
	at com.zensar.pageobjects.ProjectDetails.providerList(ProjectDetails.java:204)
	at com.zensar.stepDefinations.ActiveTransactionProviderListStepDefinitions.user_will_able_to_click_view_provider_list(ActiveTransactionProviderListStepDefinitions.java:23)
	at sun.reflect.NativeMethodAccessorImpl.invoke0(Native Method)
	at sun.reflect.NativeMethodAccessorImpl.invoke(NativeMethodAccessorImpl.java:62)
	at sun.reflect.DelegatingMethodAccessorImpl.invoke(DelegatingMethodAccessorImpl.java:43)
	at java.lang.reflect.Method.invoke(Method.java:498)
	at cucumber.runtime.Utils$1.call(Utils.java:26)
	at cucumber.runtime.Timeout.timeout(Timeout.java:16)
	at cucumber.runtime.Utils.invoke(Utils.java:20)
	at cucumber.runtime.java.JavaStepDefinition.execute(JavaStepDefinition.java:49)
	at cucumber.runner.PickleStepDefinitionMatch.runStep(PickleStepDefinitionMatch.java:50)
	at cucumber.runner.TestStep.executeStep(TestStep.java:63)
	at cucumber.runner.TestStep.run(TestStep.java:49)
	at cucumber.runner.PickleStepTestStep.run(PickleStepTestStep.java:43)
	at cucumber.runner.TestCase.run(TestCase.java:44)
	at cucumber.runner.Runner.runPickle(Runner.java:40)
	at cucumber.api.testng.TestNGCucumberRunner.runScenario(TestNGCucumberRunner.java:68)
	at com.zensar.runner.ActiveTransactionProviderList.feature(ActiveTransactionProviderList.java:37)
	at sun.reflect.NativeMethodAccessorImpl.invoke0(Native Method)
	at sun.reflect.NativeMethodAccessorImpl.invoke(NativeMethodAccessorImpl.java:62)
	at sun.reflect.DelegatingMethodAccessorImpl.invoke(DelegatingMethodAccessorImpl.java:43)
	at java.lang.reflect.Method.invoke(Method.java:498)
	at org.testng.internal.MethodInvocationHelper.invokeMethod(MethodInvocationHelper.java:124)
	at org.testng.internal.Invoker.invokeMethod(Invoker.java:583)
	at org.testng.internal.Invoker.invokeTestMethod(Invoker.java:719)
	at org.testng.internal.Invoker.invokeTestMethods(Invoker.java:989)
	at org.testng.internal.TestMethodWorker.invokeTestMethods(TestMethodWorker.java:125)
	at org.testng.internal.TestMethodWorker.run(TestMethodWorker.java:109)
	at org.testng.TestRunner.privateRun(TestRunner.java:648)
	at org.testng.TestRunner.run(TestRunner.java:505)
	at org.testng.SuiteRunner.runTest(SuiteRunner.java:455)
	at org.testng.SuiteRunner.access$000(SuiteRunner.java:40)
	at org.testng.SuiteRunner$SuiteWorker.run(SuiteRunner.java:489)
	at org.testng.internal.thread.ThreadUtil$1.call(ThreadUtil.java:52)
	at java.util.concurrent.FutureTask.run(FutureTask.java:266)
	at java.util.concurrent.ThreadPoolExecutor.runWorker(ThreadPoolExecutor.java:1149)
	at java.util.concurrent.ThreadPoolExecutor$Worker.run(ThreadPoolExecutor.java:624)
	at java.lang.Thread.run(Thread.java:748)
Caused by: org.openqa.selenium.NoSuchElementException: no such element: Unable to locate element: {&quot;method&quot;:&quot;xpath&quot;,&quot;selector&quot;:&quot;//button[@id='providerListButton']&quot;}
  (Session info: chrome=122.0.6261.128)
For documentation on this error, please visit: https://www.seleniumhq.org/exceptions/no_such_element.html
Build info: version: '3.141.59', revision: 'e82be7d358', time: '2018-11-14T08:17:03'
System info: host: 'EUROW42SLPC5721', ip: '192.168.29.116', os.name: 'Windows 10', os.arch: 'amd64', os.version: '10.0', java.version: '1.8.0_221'
Driver info: org.openqa.selenium.chrome.ChromeDriver
Capabilities {acceptInsecureCerts: false, browserName: chrome, browserVersion: 122.0.6261.128, chrome: {chromedriverVersion: 122.0.6261.128 (f18a44fedeb..., userDataDir: C:\Users\vs106039\AppData\L...}, fedcm:accounts: true, goog:chromeOptions: {debuggerAddress: localhost:53514}, javascriptEnabled: true, networkConnectionEnabled: false, pageLoadStrategy: normal, platform: WINDOWS, platformName: WINDOWS, proxy: Proxy(), setWindowRect: true, strictFileInteractability: false, timeouts: {implicit: 0, pageLoad: 300000, script: 30000}, unhandledPromptBehavior: dismiss and notify, webauthn:extension:credBlob: true, webauthn:extension:largeBlob: true, webauthn:extension:minPinLength: true, webauthn:extension:prf: true, webauthn:virtualAuthenticators: true}
Session ID: fd23c8a92854eb9a6edd04ca79a7b47b
*** Element info: {Using=xpath, value=//button[@id='providerListButton']}
	at sun.reflect.GeneratedConstructorAccessor84.newInstance(Unknown Source)
	at sun.reflect.DelegatingConstructorAccessorImpl.newInstance(DelegatingConstructorAccessorImpl.java:45)
	at java.lang.reflect.Constructor.newInstance(Constructor.java:423)
	at org.openqa.selenium.remote.http.W3CHttpResponseCodec.createException(W3CHttpResponseCodec.java:187)
	at org.openqa.selenium.remote.http.W3CHttpResponseCodec.decode(W3CHttpResponseCodec.java:122)
	at org.openqa.selenium.remote.http.W3CHttpResponseCodec.decode(W3CHttpResponseCodec.java:49)
	at org.openqa.selenium.remote.HttpCommandExecutor.execute(HttpCommandExecutor.java:158)
	at org.openqa.selenium.remote.service.DriverCommandExecutor.execute(DriverCommandExecutor.java:83)
	at org.openqa.selenium.remote.RemoteWebDriver.execute(RemoteWebDriver.java:552)
	at org.openqa.selenium.remote.RemoteWebDriver.findElement(RemoteWebDriver.java:323)
	at org.openqa.selenium.remote.RemoteWebDriver.findElementByXPath(RemoteWebDriver.java:428)
	at org.openqa.selenium.By$ByXPath.findElement(By.java:353)
	at org.openqa.selenium.remote.RemoteWebDriver.findElement(RemoteWebDriver.java:315)
	at sun.reflect.GeneratedMethodAccessor6.invoke(Unknown Source)
	at sun.reflect.DelegatingMethodAccessorImpl.invoke(DelegatingMethodAccessorImpl.java:43)
	at java.lang.reflect.Method.invoke(Method.java:498)
	at org.openqa.selenium.support.events.EventFiringWebDriver.lambda$new$1(EventFiringWebDriver.java:105)
	at com.sun.proxy.$Proxy25.findElement(Unknown Source)
	at org.openqa.selenium.support.events.EventFiringWebDriver.findElement(EventFiringWebDriver.java:194)
	at org.openqa.selenium.support.pagefactory.DefaultElementLocator.findElement(DefaultElementLocator.java:69)
	at org.openqa.selenium.support.pagefactory.internal.LocatingElementHandler.invoke(LocatingElementHandler.java:38)
	at com.sun.proxy.$Proxy28.getWrappedElement(Unknown Source)
	at org.openqa.selenium.interactions.PointerInput$Origin.asArg(PointerInput.java:204)
	at org.openqa.selenium.interactions.PointerInput$Move.encode(PointerInput.java:155)
	at org.openqa.selenium.interactions.Sequence.encode(Sequence.java:75)
	at org.openqa.selenium.interactions.Sequence.toJson(Sequence.java:84)
	... 68 more
</pre>
      </div>
    </div>
  </div>


        
        

        

        
  
      </div>
          <div class="step">
        
<div class="brief skipped">
  <span class="keyword indention">And</span>
  <span class="name">Not able to find Remove provider button</span>
  
  <span class="lead-duration duration">000ms</span>

  </div>

        


        
        

        

        
  
      </div>
      </div>
</div>


    
  <div class="inner-level hooks-after">
        <div data-toggle="collapse" class=" collapsed  collapsable-control" data-target="#after-149">
      
<div class="brief passed">
  <span class="keyword indention">Hooks</span>
  <span class="name"></span>
  

       <i class="chevron fa fa-fw"></i>
  </div>

    </div>

    <div id="after-149" class="inner-level collapse collapsable-details ">
              <div class="hook">
          <div class="brief passed">
            <span class="keyword indention">After</span>
                          <span class="location name">Hooks.tearDown(Scenario)</span>
                        
  <span class="lead-duration duration">020ms</span>

          </div>

                      

          
          
  
        </div>
          </div>
  </div>

  </div>
</div>

                      
<div class="element">
  
  
<div class="tags indention">
  </div>

  
  <span class="lead-duration duration">3s 734ms</span>


    <span data-toggle="collapse" class=" collapsed  collapsable-control" data-target="#element-150">
    
<div class="brief passed">
  <span class="keyword indention">Background</span>
  <span class="name"></span>
  

       <i class="chevron fa fa-fw"></i>
  </div>

  </span>
  <div class="description indention"></div>

  <div id="element-150" class="collapse collapsable-details ">
    


    
<div class="steps inner-level">
    <div data-toggle="collapse" class=" collapsed  collapsable-control" data-target="#steps-151">
    
<div class="brief passed">
  <span class="keyword indention">Steps</span>
  <span class="name"></span>
  

       <i class="chevron fa fa-fw"></i>
  </div>

  </div>

  <div id="steps-151" class="inner-level collapse collapsable-details ">
          <div class="step">
        
<div class="brief passed">
  <span class="keyword indention">Given</span>
  <span class="name">User navigates to ISG Landing Page and Login</span>
  
  <span class="lead-duration duration">3s 734ms</span>

  </div>

        


        
        

        

        
  
      </div>
      </div>
</div>


    

  </div>
</div>

                      
<div class="element">
  
  
<div class="tags indention">
  </div>

  
  <span class="lead-duration duration">1m 31s 522ms</span>


    <span data-toggle="collapse" class=" collapsable-control" data-target="#element-152">
    
<div class="brief failed">
  <span class="keyword indention">Scenario Outline</span>
  <span class="name">Verify there is no reinstate provider button for client lead login#ProviderList</span>
  

       <i class="chevron fa fa-fw"></i>
  </div>

  </span>
  <div class="description indention"></div>

  <div id="element-152" class="collapse collapsable-details  in ">
    
  <div class="inner-level hooks-before">
        <div data-toggle="collapse" class=" collapsed  collapsable-control" data-target="#before-153">
      
<div class="brief passed">
  <span class="keyword indention">Hooks</span>
  <span class="name"></span>
  

       <i class="chevron fa fa-fw"></i>
  </div>

    </div>

    <div id="before-153" class="inner-level collapse collapsable-details ">
              <div class="hook">
          <div class="brief passed">
            <span class="keyword indention">Before</span>
                          <span class="location name">Hooks.setupEnvironment(Scenario)</span>
                        
  <span class="lead-duration duration">1s 902ms</span>

          </div>

                      

          
          
  
        </div>
          </div>
  </div>


    
<div class="steps inner-level">
    <div data-toggle="collapse" class=" collapsable-control" data-target="#steps-154">
    
<div class="brief failed">
  <span class="keyword indention">Steps</span>
  <span class="name"></span>
  

       <i class="chevron fa fa-fw"></i>
  </div>

  </div>

  <div id="steps-154" class="inner-level collapse collapsable-details  in ">
          <div class="step">
        
<div class="brief passed">
  <span class="keyword indention">When</span>
  <span class="name">user logs in to ISG as Client</span>
  
  <span class="lead-duration duration">6s 168ms</span>

  </div>

        


        
        

        

        
    <div class="embeddings inner-level">
                <div class="embedding indention">
        <div data-toggle="collapse" data-target="#embedding-155" class="collapsable-control">
      <a>Attachment 1 (png)</a>
      <a href="embeddings/embedding_99096721.png" download target="_blank">
        <span class="download-button glyphicon glyphicon-download-alt"></span>
      </a>
    </div>
    <div id="embedding-155" class="collapse collapsable-details">
      <div class="embedding-content">
        <img src="embeddings/embedding_99096721.png">
      </div>
    </div>
  </div>
                  <div class="embedding indention">
        <div data-toggle="collapse" data-target="#embedding-156" class="collapsable-control">
      <a>Attachment 2 (png)</a>
      <a href="embeddings/embedding_-2084586386.png" download target="_blank">
        <span class="download-button glyphicon glyphicon-download-alt"></span>
      </a>
    </div>
    <div id="embedding-156" class="collapse collapsable-details">
      <div class="embedding-content">
        <img src="embeddings/embedding_-2084586386.png">
      </div>
    </div>
  </div>
        </div>
  
      </div>
          <div class="step">
        
<div class="brief passed">
  <span class="keyword indention">Then</span>
  <span class="name">Verify for Active Transaction</span>
  
  <span class="lead-duration duration">14s 879ms</span>

  </div>

        


        
        

        
  <div class="outputs inner-level">
          <div class="output indention">
        <div data-toggle="collapse" class=" collapsed  collapsable-control" data-target="#output-157">
          Output 1
          <i class="chevron fa fa-fw"></i>
        </div>
        <div id="output-157" class="collapse collapsable-details " >
          
          <pre><p>[INFO]	[Assertion Pass]	Number of Active Transaction =  Active transactions (3)</p></pre>
        </div>
      </div>
      </div>

        
    <div class="embeddings inner-level">
                <div class="embedding indention">
        <div data-toggle="collapse" data-target="#embedding-158" class="collapsable-control">
      <a>Attachment 1 (png)</a>
      <a href="embeddings/embedding_-865069923.png" download target="_blank">
        <span class="download-button glyphicon glyphicon-download-alt"></span>
      </a>
    </div>
    <div id="embedding-158" class="collapse collapsable-details">
      <div class="embedding-content">
        <img src="embeddings/embedding_-865069923.png">
      </div>
    </div>
  </div>
        </div>
  
      </div>
          <div class="step">
        
<div class="brief passed">
  <span class="keyword indention">Then</span>
  <span class="name">User clicks on first Active Transaction</span>
  
  <span class="lead-duration duration">10s 404ms</span>

  </div>

        


        
        

        

        
    <div class="embeddings inner-level">
                <div class="embedding indention">
        <div data-toggle="collapse" data-target="#embedding-159" class="collapsable-control">
      <a>Attachment 1 (png)</a>
      <a href="embeddings/embedding_-430158662.png" download target="_blank">
        <span class="download-button glyphicon glyphicon-download-alt"></span>
      </a>
    </div>
    <div id="embedding-159" class="collapse collapsable-details">
      <div class="embedding-content">
        <img src="embeddings/embedding_-430158662.png">
      </div>
    </div>
  </div>
        </div>
  
      </div>
          <div class="step">
        
<div class="brief failed">
  <span class="keyword indention">Then</span>
  <span class="name">User will able to click view provider list</span>
  
  <span class="lead-duration duration">1m 070ms</span>

  </div>

        

  <div class="inner-level">
    <div class="message indention">
      <div data-toggle="collapse" class=" collapsable-control" data-target="#msg-160">
          <a>org.openqa.selenium.json.JsonException: java.lang.reflect.InvocationTargetException</a>
      </div>
      <div id="msg-160" class="collapse collapsable-details  in ">
        <pre>org.openqa.selenium.json.JsonException: java.lang.reflect.InvocationTargetException
Build info: version: '3.141.59', revision: 'e82be7d358', time: '2018-11-14T08:17:03'
System info: host: 'EUROW42SLPC5721', ip: '192.168.29.116', os.name: 'Windows 10', os.arch: 'amd64', os.version: '10.0', java.version: '1.8.0_221'
Driver info: driver.version: EventFiringWebDriver
	at org.openqa.selenium.json.JsonOutput.convertUsingMethod(JsonOutput.java:332)
	at org.openqa.selenium.json.JsonOutput.lambda$new$16(JsonOutput.java:155)
	at org.openqa.selenium.json.JsonOutput.write(JsonOutput.java:264)
	at org.openqa.selenium.json.JsonOutput.lambda$null$21(JsonOutput.java:168)
	at java.util.LinkedHashMap$LinkedValues.forEach(LinkedHashMap.java:608)
	at org.openqa.selenium.json.JsonOutput.lambda$new$22(JsonOutput.java:168)
	at org.openqa.selenium.json.JsonOutput.write(JsonOutput.java:264)
	at org.openqa.selenium.json.JsonOutput.lambda$null$23(JsonOutput.java:177)
	at com.google.common.collect.SingletonImmutableBiMap.forEach(SingletonImmutableBiMap.java:65)
	at org.openqa.selenium.json.JsonOutput.lambda$new$24(JsonOutput.java:176)
	at org.openqa.selenium.json.JsonOutput.write(JsonOutput.java:264)
	at org.openqa.selenium.json.JsonOutput.write(JsonOutput.java:255)
	at org.openqa.selenium.json.Json.toJson(Json.java:42)
	at org.openqa.selenium.remote.http.AbstractHttpCommandCodec.encode(AbstractHttpCommandCodec.java:227)
	at org.openqa.selenium.remote.http.AbstractHttpCommandCodec.encode(AbstractHttpCommandCodec.java:117)
	at org.openqa.selenium.remote.HttpCommandExecutor.execute(HttpCommandExecutor.java:152)
	at org.openqa.selenium.remote.service.DriverCommandExecutor.execute(DriverCommandExecutor.java:83)
	at org.openqa.selenium.remote.RemoteWebDriver.execute(RemoteWebDriver.java:552)
	at org.openqa.selenium.remote.RemoteWebDriver.perform(RemoteWebDriver.java:618)
	at sun.reflect.GeneratedMethodAccessor16.invoke(Unknown Source)
	at sun.reflect.DelegatingMethodAccessorImpl.invoke(DelegatingMethodAccessorImpl.java:43)
	at java.lang.reflect.Method.invoke(Method.java:498)
	at org.openqa.selenium.support.events.EventFiringWebDriver.lambda$new$1(EventFiringWebDriver.java:105)
	at com.sun.proxy.$Proxy25.perform(Unknown Source)
	at org.openqa.selenium.support.events.EventFiringWebDriver.perform(EventFiringWebDriver.java:360)
	at org.openqa.selenium.interactions.Actions$BuiltAction.perform(Actions.java:639)
	at com.zensar.scriptutils.GlobalFunction.click(GlobalFunction.java:408)
	at com.zensar.pageobjects.ProjectDetails.providerList(ProjectDetails.java:204)
	at com.zensar.stepDefinations.ActiveTransactionProviderListStepDefinitions.user_will_able_to_click_view_provider_list(ActiveTransactionProviderListStepDefinitions.java:23)
	at &#10045;.User will able to click view provider list(src/main/java/com/zensar/features/ActiveTransactionProviderList.feature:131)
	Suppressed: org.openqa.selenium.json.JsonException: Attempting to close incomplete json stream
Build info: version: '3.141.59', revision: 'e82be7d358', time: '2018-11-14T08:17:03'
System info: host: 'EUROW42SLPC5721', ip: '192.168.29.116', os.name: 'Windows 10', os.arch: 'amd64', os.version: '10.0', java.version: '1.8.0_221'
Driver info: driver.version: EventFiringWebDriver
		at org.openqa.selenium.json.JsonOutput.close(JsonOutput.java:279)
		at org.openqa.selenium.json.Json.toJson(Json.java:44)
		at org.openqa.selenium.remote.http.AbstractHttpCommandCodec.encode(AbstractHttpCommandCodec.java:227)
		at org.openqa.selenium.remote.http.AbstractHttpCommandCodec.encode(AbstractHttpCommandCodec.java:117)
		at org.openqa.selenium.remote.HttpCommandExecutor.execute(HttpCommandExecutor.java:152)
		at org.openqa.selenium.remote.service.DriverCommandExecutor.execute(DriverCommandExecutor.java:83)
		at org.openqa.selenium.remote.RemoteWebDriver.execute(RemoteWebDriver.java:552)
		at org.openqa.selenium.remote.RemoteWebDriver.perform(RemoteWebDriver.java:618)
		at sun.reflect.GeneratedMethodAccessor16.invoke(Unknown Source)
		at sun.reflect.DelegatingMethodAccessorImpl.invoke(DelegatingMethodAccessorImpl.java:43)
		at java.lang.reflect.Method.invoke(Method.java:498)
		at org.openqa.selenium.support.events.EventFiringWebDriver.lambda$new$1(EventFiringWebDriver.java:105)
		at com.sun.proxy.$Proxy25.perform(Unknown Source)
		at org.openqa.selenium.support.events.EventFiringWebDriver.perform(EventFiringWebDriver.java:360)
		at org.openqa.selenium.interactions.Actions$BuiltAction.perform(Actions.java:639)
		at com.zensar.scriptutils.GlobalFunction.click(GlobalFunction.java:408)
		at com.zensar.pageobjects.ProjectDetails.providerList(ProjectDetails.java:204)
		at com.zensar.stepDefinations.ActiveTransactionProviderListStepDefinitions.user_will_able_to_click_view_provider_list(ActiveTransactionProviderListStepDefinitions.java:23)
		at sun.reflect.NativeMethodAccessorImpl.invoke0(Native Method)
		at sun.reflect.NativeMethodAccessorImpl.invoke(NativeMethodAccessorImpl.java:62)
		at sun.reflect.DelegatingMethodAccessorImpl.invoke(DelegatingMethodAccessorImpl.java:43)
		at java.lang.reflect.Method.invoke(Method.java:498)
		at cucumber.runtime.Utils$1.call(Utils.java:26)
		at cucumber.runtime.Timeout.timeout(Timeout.java:16)
		at cucumber.runtime.Utils.invoke(Utils.java:20)
		at cucumber.runtime.java.JavaStepDefinition.execute(JavaStepDefinition.java:49)
		at cucumber.runner.PickleStepDefinitionMatch.runStep(PickleStepDefinitionMatch.java:50)
		at cucumber.runner.TestStep.executeStep(TestStep.java:63)
		at cucumber.runner.TestStep.run(TestStep.java:49)
		at cucumber.runner.PickleStepTestStep.run(PickleStepTestStep.java:43)
		at cucumber.runner.TestCase.run(TestCase.java:44)
		at cucumber.runner.Runner.runPickle(Runner.java:40)
		at cucumber.api.testng.TestNGCucumberRunner.runScenario(TestNGCucumberRunner.java:68)
		at com.zensar.runner.ActiveTransactionProviderList.feature(ActiveTransactionProviderList.java:37)
		at sun.reflect.NativeMethodAccessorImpl.invoke0(Native Method)
		at sun.reflect.NativeMethodAccessorImpl.invoke(NativeMethodAccessorImpl.java:62)
		at sun.reflect.DelegatingMethodAccessorImpl.invoke(DelegatingMethodAccessorImpl.java:43)
		at java.lang.reflect.Method.invoke(Method.java:498)
		at org.testng.internal.MethodInvocationHelper.invokeMethod(MethodInvocationHelper.java:124)
		at org.testng.internal.Invoker.invokeMethod(Invoker.java:583)
		at org.testng.internal.Invoker.invokeTestMethod(Invoker.java:719)
		at org.testng.internal.Invoker.invokeTestMethods(Invoker.java:989)
		at org.testng.internal.TestMethodWorker.invokeTestMethods(TestMethodWorker.java:125)
		at org.testng.internal.TestMethodWorker.run(TestMethodWorker.java:109)
		at org.testng.TestRunner.privateRun(TestRunner.java:648)
		at org.testng.TestRunner.run(TestRunner.java:505)
		at org.testng.SuiteRunner.runTest(SuiteRunner.java:455)
		at org.testng.SuiteRunner.access$000(SuiteRunner.java:40)
		at org.testng.SuiteRunner$SuiteWorker.run(SuiteRunner.java:489)
		at org.testng.internal.thread.ThreadUtil$1.call(ThreadUtil.java:52)
		at java.util.concurrent.FutureTask.run(FutureTask.java:266)
		at java.util.concurrent.ThreadPoolExecutor.runWorker(ThreadPoolExecutor.java:1149)
		at java.util.concurrent.ThreadPoolExecutor$Worker.run(ThreadPoolExecutor.java:624)
		at java.lang.Thread.run(Thread.java:748)
Caused by: java.lang.reflect.InvocationTargetException
	at sun.reflect.GeneratedMethodAccessor17.invoke(Unknown Source)
	at sun.reflect.DelegatingMethodAccessorImpl.invoke(DelegatingMethodAccessorImpl.java:43)
	at java.lang.reflect.Method.invoke(Method.java:498)
	at org.openqa.selenium.json.JsonOutput.convertUsingMethod(JsonOutput.java:328)
	at org.openqa.selenium.json.JsonOutput.lambda$new$16(JsonOutput.java:155)
	at org.openqa.selenium.json.JsonOutput.write(JsonOutput.java:264)
	at org.openqa.selenium.json.JsonOutput.lambda$null$21(JsonOutput.java:168)
	at java.util.LinkedHashMap$LinkedValues.forEach(LinkedHashMap.java:608)
	at org.openqa.selenium.json.JsonOutput.lambda$new$22(JsonOutput.java:168)
	at org.openqa.selenium.json.JsonOutput.write(JsonOutput.java:264)
	at org.openqa.selenium.json.JsonOutput.lambda$null$23(JsonOutput.java:177)
	at com.google.common.collect.SingletonImmutableBiMap.forEach(SingletonImmutableBiMap.java:65)
	at org.openqa.selenium.json.JsonOutput.lambda$new$24(JsonOutput.java:176)
	at org.openqa.selenium.json.JsonOutput.write(JsonOutput.java:264)
	at org.openqa.selenium.json.JsonOutput.write(JsonOutput.java:255)
	at org.openqa.selenium.json.Json.toJson(Json.java:42)
	at org.openqa.selenium.remote.http.AbstractHttpCommandCodec.encode(AbstractHttpCommandCodec.java:227)
	at org.openqa.selenium.remote.http.AbstractHttpCommandCodec.encode(AbstractHttpCommandCodec.java:117)
	at org.openqa.selenium.remote.HttpCommandExecutor.execute(HttpCommandExecutor.java:152)
	at org.openqa.selenium.remote.service.DriverCommandExecutor.execute(DriverCommandExecutor.java:83)
	at org.openqa.selenium.remote.RemoteWebDriver.execute(RemoteWebDriver.java:552)
	at org.openqa.selenium.remote.RemoteWebDriver.perform(RemoteWebDriver.java:618)
	at sun.reflect.GeneratedMethodAccessor16.invoke(Unknown Source)
	at sun.reflect.DelegatingMethodAccessorImpl.invoke(DelegatingMethodAccessorImpl.java:43)
	at java.lang.reflect.Method.invoke(Method.java:498)
	at org.openqa.selenium.support.events.EventFiringWebDriver.lambda$new$1(EventFiringWebDriver.java:105)
	at com.sun.proxy.$Proxy25.perform(Unknown Source)
	at org.openqa.selenium.support.events.EventFiringWebDriver.perform(EventFiringWebDriver.java:360)
	at org.openqa.selenium.interactions.Actions$BuiltAction.perform(Actions.java:639)
	at com.zensar.scriptutils.GlobalFunction.click(GlobalFunction.java:408)
	at com.zensar.pageobjects.ProjectDetails.providerList(ProjectDetails.java:204)
	at com.zensar.stepDefinations.ActiveTransactionProviderListStepDefinitions.user_will_able_to_click_view_provider_list(ActiveTransactionProviderListStepDefinitions.java:23)
	at sun.reflect.NativeMethodAccessorImpl.invoke0(Native Method)
	at sun.reflect.NativeMethodAccessorImpl.invoke(NativeMethodAccessorImpl.java:62)
	at sun.reflect.DelegatingMethodAccessorImpl.invoke(DelegatingMethodAccessorImpl.java:43)
	at java.lang.reflect.Method.invoke(Method.java:498)
	at cucumber.runtime.Utils$1.call(Utils.java:26)
	at cucumber.runtime.Timeout.timeout(Timeout.java:16)
	at cucumber.runtime.Utils.invoke(Utils.java:20)
	at cucumber.runtime.java.JavaStepDefinition.execute(JavaStepDefinition.java:49)
	at cucumber.runner.PickleStepDefinitionMatch.runStep(PickleStepDefinitionMatch.java:50)
	at cucumber.runner.TestStep.executeStep(TestStep.java:63)
	at cucumber.runner.TestStep.run(TestStep.java:49)
	at cucumber.runner.PickleStepTestStep.run(PickleStepTestStep.java:43)
	at cucumber.runner.TestCase.run(TestCase.java:44)
	at cucumber.runner.Runner.runPickle(Runner.java:40)
	at cucumber.api.testng.TestNGCucumberRunner.runScenario(TestNGCucumberRunner.java:68)
	at com.zensar.runner.ActiveTransactionProviderList.feature(ActiveTransactionProviderList.java:37)
	at sun.reflect.NativeMethodAccessorImpl.invoke0(Native Method)
	at sun.reflect.NativeMethodAccessorImpl.invoke(NativeMethodAccessorImpl.java:62)
	at sun.reflect.DelegatingMethodAccessorImpl.invoke(DelegatingMethodAccessorImpl.java:43)
	at java.lang.reflect.Method.invoke(Method.java:498)
	at org.testng.internal.MethodInvocationHelper.invokeMethod(MethodInvocationHelper.java:124)
	at org.testng.internal.Invoker.invokeMethod(Invoker.java:583)
	at org.testng.internal.Invoker.invokeTestMethod(Invoker.java:719)
	at org.testng.internal.Invoker.invokeTestMethods(Invoker.java:989)
	at org.testng.internal.TestMethodWorker.invokeTestMethods(TestMethodWorker.java:125)
	at org.testng.internal.TestMethodWorker.run(TestMethodWorker.java:109)
	at org.testng.TestRunner.privateRun(TestRunner.java:648)
	at org.testng.TestRunner.run(TestRunner.java:505)
	at org.testng.SuiteRunner.runTest(SuiteRunner.java:455)
	at org.testng.SuiteRunner.access$000(SuiteRunner.java:40)
	at org.testng.SuiteRunner$SuiteWorker.run(SuiteRunner.java:489)
	at org.testng.internal.thread.ThreadUtil$1.call(ThreadUtil.java:52)
	at java.util.concurrent.FutureTask.run(FutureTask.java:266)
	at java.util.concurrent.ThreadPoolExecutor.runWorker(ThreadPoolExecutor.java:1149)
	at java.util.concurrent.ThreadPoolExecutor$Worker.run(ThreadPoolExecutor.java:624)
	at java.lang.Thread.run(Thread.java:748)
Caused by: org.openqa.selenium.NoSuchElementException: no such element: Unable to locate element: {&quot;method&quot;:&quot;xpath&quot;,&quot;selector&quot;:&quot;//button[@id='providerListButton']&quot;}
  (Session info: chrome=122.0.6261.128)
For documentation on this error, please visit: https://www.seleniumhq.org/exceptions/no_such_element.html
Build info: version: '3.141.59', revision: 'e82be7d358', time: '2018-11-14T08:17:03'
System info: host: 'EUROW42SLPC5721', ip: '192.168.29.116', os.name: 'Windows 10', os.arch: 'amd64', os.version: '10.0', java.version: '1.8.0_221'
Driver info: org.openqa.selenium.chrome.ChromeDriver
Capabilities {acceptInsecureCerts: false, browserName: chrome, browserVersion: 122.0.6261.128, chrome: {chromedriverVersion: 122.0.6261.128 (f18a44fedeb..., userDataDir: C:\Users\vs106039\AppData\L...}, fedcm:accounts: true, goog:chromeOptions: {debuggerAddress: localhost:53580}, javascriptEnabled: true, networkConnectionEnabled: false, pageLoadStrategy: normal, platform: WINDOWS, platformName: WINDOWS, proxy: Proxy(), setWindowRect: true, strictFileInteractability: false, timeouts: {implicit: 0, pageLoad: 300000, script: 30000}, unhandledPromptBehavior: dismiss and notify, webauthn:extension:credBlob: true, webauthn:extension:largeBlob: true, webauthn:extension:minPinLength: true, webauthn:extension:prf: true, webauthn:virtualAuthenticators: true}
Session ID: c4eba39604b90e5c1efd8637909171a1
*** Element info: {Using=xpath, value=//button[@id='providerListButton']}
	at sun.reflect.GeneratedConstructorAccessor84.newInstance(Unknown Source)
	at sun.reflect.DelegatingConstructorAccessorImpl.newInstance(DelegatingConstructorAccessorImpl.java:45)
	at java.lang.reflect.Constructor.newInstance(Constructor.java:423)
	at org.openqa.selenium.remote.http.W3CHttpResponseCodec.createException(W3CHttpResponseCodec.java:187)
	at org.openqa.selenium.remote.http.W3CHttpResponseCodec.decode(W3CHttpResponseCodec.java:122)
	at org.openqa.selenium.remote.http.W3CHttpResponseCodec.decode(W3CHttpResponseCodec.java:49)
	at org.openqa.selenium.remote.HttpCommandExecutor.execute(HttpCommandExecutor.java:158)
	at org.openqa.selenium.remote.service.DriverCommandExecutor.execute(DriverCommandExecutor.java:83)
	at org.openqa.selenium.remote.RemoteWebDriver.execute(RemoteWebDriver.java:552)
	at org.openqa.selenium.remote.RemoteWebDriver.findElement(RemoteWebDriver.java:323)
	at org.openqa.selenium.remote.RemoteWebDriver.findElementByXPath(RemoteWebDriver.java:428)
	at org.openqa.selenium.By$ByXPath.findElement(By.java:353)
	at org.openqa.selenium.remote.RemoteWebDriver.findElement(RemoteWebDriver.java:315)
	at sun.reflect.GeneratedMethodAccessor6.invoke(Unknown Source)
	at sun.reflect.DelegatingMethodAccessorImpl.invoke(DelegatingMethodAccessorImpl.java:43)
	at java.lang.reflect.Method.invoke(Method.java:498)
	at org.openqa.selenium.support.events.EventFiringWebDriver.lambda$new$1(EventFiringWebDriver.java:105)
	at com.sun.proxy.$Proxy25.findElement(Unknown Source)
	at org.openqa.selenium.support.events.EventFiringWebDriver.findElement(EventFiringWebDriver.java:194)
	at org.openqa.selenium.support.pagefactory.DefaultElementLocator.findElement(DefaultElementLocator.java:69)
	at org.openqa.selenium.support.pagefactory.internal.LocatingElementHandler.invoke(LocatingElementHandler.java:38)
	at com.sun.proxy.$Proxy28.getWrappedElement(Unknown Source)
	at org.openqa.selenium.interactions.PointerInput$Origin.asArg(PointerInput.java:204)
	at org.openqa.selenium.interactions.PointerInput$Move.encode(PointerInput.java:155)
	at org.openqa.selenium.interactions.Sequence.encode(Sequence.java:75)
	at org.openqa.selenium.interactions.Sequence.toJson(Sequence.java:84)
	... 68 more
</pre>
      </div>
    </div>
  </div>


        
        

        

        
  
      </div>
          <div class="step">
        
<div class="brief skipped">
  <span class="keyword indention">And</span>
  <span class="name">Not able to find reinstate provider button</span>
  
  <span class="lead-duration duration">000ms</span>

  </div>

        


        
        

        

        
  
      </div>
      </div>
</div>


    
  <div class="inner-level hooks-after">
        <div data-toggle="collapse" class=" collapsed  collapsable-control" data-target="#after-161">
      
<div class="brief passed">
  <span class="keyword indention">Hooks</span>
  <span class="name"></span>
  

       <i class="chevron fa fa-fw"></i>
  </div>

    </div>

    <div id="after-161" class="inner-level collapse collapsable-details ">
              <div class="hook">
          <div class="brief passed">
            <span class="keyword indention">After</span>
                          <span class="location name">Hooks.tearDown(Scenario)</span>
                        
  <span class="lead-duration duration">023ms</span>

          </div>

                      

          
          
  
        </div>
          </div>
  </div>

  </div>
</div>

                  </div>

      </div>
    </div>
  </div>
</div>


<div class="container-fluid">
  <div class="row">
    <div class="col-md-10 col-md-offset-10">
      <i class="fa fa-chevron-circle-down fa-2x collapsable-control"
        onClick="javascript:$('#report .collapsable-details').collapse('show')"></i>
      <i class="fa fa-chevron-circle-up fa-2x collapsable-control"
        onClick="javascript:$('#report .collapsable-details').collapse('hide')"></i>
    </div>
  </div>
</div>

<br>

<nav class="navbar navbar-default" id="footer">
  <div class="container-fluid">
    <p class="navbar-text navbar-right">
        <small>generate Cucumber HTML reports via:&nbsp;</small>
        <a class="navbar-link" href="https://github.com/jenkinsci/cucumber-reports-plugin">Jenkins Plugin</a> |
        <a class="navbar-link" href="https://github.com/damianszczepanik/cucumber-reporting">Standalone</a> |
        <a class="navbar-link" href="https://github.com/damianszczepanik/cucumber-sandwich">Sandwich</a> |
        <a class="navbar-link" href="https://github.com/damianszczepanik/maven-cucumber-reporting">Maven</a>
        &nbsp;&nbsp;
    </p>
  </div>
</nav>

</body>
</html>
